[0.922s] DEBUG:colcon:Command line arguments: ['/usr/bin/colcon', 'build']
[0.922s] DEBUG:colcon:Parsed command line arguments: Namespace(log_base=None, log_level=None, verb_name='build', build_base='build', install_base='install', merge_install=False, symlink_install=False, test_result_base=None, continue_on_error=False, executor='parallel', parallel_workers=4, event_handlers=None, ignore_user_meta=False, metas=['./colcon.meta'], base_paths=['.'], packages_ignore=None, packages_ignore_regex=None, paths=None, packages_up_to=None, packages_up_to_regex=None, packages_above=None, packages_above_and_dependencies=None, packages_above_depth=None, packages_select_by_dep=None, packages_skip_by_dep=None, packages_skip_up_to=None, packages_select_build_failed=False, packages_skip_build_finished=False, packages_select_test_failures=False, packages_skip_test_passed=False, packages_select=None, packages_skip=None, packages_select_regex=None, packages_skip_regex=None, packages_start=None, packages_end=None, allow_overriding=[], cmake_args=None, cmake_target=None, cmake_target_skip_unavailable=False, cmake_clean_cache=False, cmake_clean_first=False, cmake_force_configure=False, ament_cmake_args=None, catkin_cmake_args=None, catkin_skip_building_tests=False, verb_parser=<colcon_defaults.argument_parser.defaults.DefaultArgumentsDecorator object at 0x71b507df0490>, verb_extension=<colcon_core.verb.build.BuildVerb object at 0x71b507fa8880>, main=<bound method BuildVerb.main of <colcon_core.verb.build.BuildVerb object at 0x71b507fa8880>>)
[1.499s] Level 1:colcon.colcon_core.package_discovery:discover_packages(colcon_meta) check parameters
[1.500s] Level 1:colcon.colcon_core.package_discovery:discover_packages(recursive) check parameters
[1.500s] Level 1:colcon.colcon_core.package_discovery:discover_packages(ignore) check parameters
[1.501s] Level 1:colcon.colcon_core.package_discovery:discover_packages(path) check parameters
[1.501s] Level 1:colcon.colcon_core.package_discovery:discover_packages(colcon_meta) discover
[1.501s] Level 1:colcon.colcon_core.package_discovery:discover_packages(recursive) discover
[1.501s] INFO:colcon.colcon_core.package_discovery:Crawling recursively for packages in '/home/yahboom/yahboomcar_ws'
[1.501s] Level 1:colcon.colcon_core.package_identification:_identify(.) by extensions ['ignore', 'ignore_ament_install']
[1.501s] Level 1:colcon.colcon_core.package_identification:_identify(.) by extension 'ignore'
[1.501s] Level 1:colcon.colcon_core.package_identification:_identify(.) by extension 'ignore_ament_install'
[1.502s] Level 1:colcon.colcon_core.package_identification:_identify(.) by extensions ['colcon_pkg']
[1.502s] Level 1:colcon.colcon_core.package_identification:_identify(.) by extension 'colcon_pkg'
[1.502s] Level 1:colcon.colcon_core.package_identification:_identify(.) by extensions ['colcon_meta']
[1.502s] Level 1:colcon.colcon_core.package_identification:_identify(.) by extension 'colcon_meta'
[1.502s] Level 1:colcon.colcon_core.package_identification:_identify(.) by extensions ['ros']
[1.502s] Level 1:colcon.colcon_core.package_identification:_identify(.) by extension 'ros'
[1.531s] Level 1:colcon.colcon_core.package_identification:_identify(.) by extensions ['cmake', 'python']
[1.531s] Level 1:colcon.colcon_core.package_identification:_identify(.) by extension 'cmake'
[1.531s] Level 1:colcon.colcon_core.package_identification:_identify(.) by extension 'python'
[1.531s] Level 1:colcon.colcon_core.package_identification:_identify(.) by extensions ['python_setup_py']
[1.531s] Level 1:colcon.colcon_core.package_identification:_identify(.) by extension 'python_setup_py'
[1.532s] Level 1:colcon.colcon_core.package_identification:_identify(build) by extensions ['ignore', 'ignore_ament_install']
[1.532s] Level 1:colcon.colcon_core.package_identification:_identify(build) by extension 'ignore'
[1.532s] Level 1:colcon.colcon_core.package_identification:_identify(build) ignored
[1.532s] Level 1:colcon.colcon_core.package_identification:_identify(install) by extensions ['ignore', 'ignore_ament_install']
[1.532s] Level 1:colcon.colcon_core.package_identification:_identify(install) by extension 'ignore'
[1.532s] Level 1:colcon.colcon_core.package_identification:_identify(install) ignored
[1.533s] Level 1:colcon.colcon_core.package_identification:_identify(log) by extensions ['ignore', 'ignore_ament_install']
[1.533s] Level 1:colcon.colcon_core.package_identification:_identify(log) by extension 'ignore'
[1.533s] Level 1:colcon.colcon_core.package_identification:_identify(log) ignored
[1.535s] Level 1:colcon.colcon_core.package_identification:_identify(src) by extensions ['ignore', 'ignore_ament_install']
[1.535s] Level 1:colcon.colcon_core.package_identification:_identify(src) by extension 'ignore'
[1.535s] Level 1:colcon.colcon_core.package_identification:_identify(src) by extension 'ignore_ament_install'
[1.535s] Level 1:colcon.colcon_core.package_identification:_identify(src) by extensions ['colcon_pkg']
[1.535s] Level 1:colcon.colcon_core.package_identification:_identify(src) by extension 'colcon_pkg'
[1.535s] Level 1:colcon.colcon_core.package_identification:_identify(src) by extensions ['colcon_meta']
[1.535s] Level 1:colcon.colcon_core.package_identification:_identify(src) by extension 'colcon_meta'
[1.535s] Level 1:colcon.colcon_core.package_identification:_identify(src) by extensions ['ros']
[1.535s] Level 1:colcon.colcon_core.package_identification:_identify(src) by extension 'ros'
[1.535s] Level 1:colcon.colcon_core.package_identification:_identify(src) by extensions ['cmake', 'python']
[1.536s] Level 1:colcon.colcon_core.package_identification:_identify(src) by extension 'cmake'
[1.536s] Level 1:colcon.colcon_core.package_identification:_identify(src) by extension 'python'
[1.536s] Level 1:colcon.colcon_core.package_identification:_identify(src) by extensions ['python_setup_py']
[1.536s] Level 1:colcon.colcon_core.package_identification:_identify(src) by extension 'python_setup_py'
[1.537s] Level 1:colcon.colcon_core.package_identification:_identify(src/openslam_gmapping) by extensions ['ignore', 'ignore_ament_install']
[1.537s] Level 1:colcon.colcon_core.package_identification:_identify(src/openslam_gmapping) by extension 'ignore'
[1.537s] Level 1:colcon.colcon_core.package_identification:_identify(src/openslam_gmapping) by extension 'ignore_ament_install'
[1.537s] Level 1:colcon.colcon_core.package_identification:_identify(src/openslam_gmapping) by extensions ['colcon_pkg']
[1.537s] Level 1:colcon.colcon_core.package_identification:_identify(src/openslam_gmapping) by extension 'colcon_pkg'
[1.537s] Level 1:colcon.colcon_core.package_identification:_identify(src/openslam_gmapping) by extensions ['colcon_meta']
[1.537s] Level 1:colcon.colcon_core.package_identification:_identify(src/openslam_gmapping) by extension 'colcon_meta'
[1.537s] Level 1:colcon.colcon_core.package_identification:_identify(src/openslam_gmapping) by extensions ['ros']
[1.537s] Level 1:colcon.colcon_core.package_identification:_identify(src/openslam_gmapping) by extension 'ros'
[1.543s] DEBUG:colcon.colcon_core.package_identification:Package 'src/openslam_gmapping' with type 'ros.ament_cmake' and name 'openslam_gmapping'
[1.544s] Level 1:colcon.colcon_core.package_identification:_identify(src/rf2o_laser_odometry) by extensions ['ignore', 'ignore_ament_install']
[1.545s] Level 1:colcon.colcon_core.package_identification:_identify(src/rf2o_laser_odometry) by extension 'ignore'
[1.545s] Level 1:colcon.colcon_core.package_identification:_identify(src/rf2o_laser_odometry) by extension 'ignore_ament_install'
[1.545s] Level 1:colcon.colcon_core.package_identification:_identify(src/rf2o_laser_odometry) by extensions ['colcon_pkg']
[1.545s] Level 1:colcon.colcon_core.package_identification:_identify(src/rf2o_laser_odometry) by extension 'colcon_pkg'
[1.545s] Level 1:colcon.colcon_core.package_identification:_identify(src/rf2o_laser_odometry) by extensions ['colcon_meta']
[1.545s] Level 1:colcon.colcon_core.package_identification:_identify(src/rf2o_laser_odometry) by extension 'colcon_meta'
[1.545s] Level 1:colcon.colcon_core.package_identification:_identify(src/rf2o_laser_odometry) by extensions ['ros']
[1.545s] Level 1:colcon.colcon_core.package_identification:_identify(src/rf2o_laser_odometry) by extension 'ros'
[1.546s] DEBUG:colcon.colcon_core.package_identification:Package 'src/rf2o_laser_odometry' with type 'ros.ament_cmake' and name 'rf2o_laser_odometry'
[1.547s] Level 1:colcon.colcon_core.package_identification:_identify(src/slam_gmapping) by extensions ['ignore', 'ignore_ament_install']
[1.547s] Level 1:colcon.colcon_core.package_identification:_identify(src/slam_gmapping) by extension 'ignore'
[1.547s] Level 1:colcon.colcon_core.package_identification:_identify(src/slam_gmapping) by extension 'ignore_ament_install'
[1.547s] Level 1:colcon.colcon_core.package_identification:_identify(src/slam_gmapping) by extensions ['colcon_pkg']
[1.547s] Level 1:colcon.colcon_core.package_identification:_identify(src/slam_gmapping) by extension 'colcon_pkg'
[1.547s] Level 1:colcon.colcon_core.package_identification:_identify(src/slam_gmapping) by extensions ['colcon_meta']
[1.547s] Level 1:colcon.colcon_core.package_identification:_identify(src/slam_gmapping) by extension 'colcon_meta'
[1.547s] Level 1:colcon.colcon_core.package_identification:_identify(src/slam_gmapping) by extensions ['ros']
[1.547s] Level 1:colcon.colcon_core.package_identification:_identify(src/slam_gmapping) by extension 'ros'
[1.551s] DEBUG:colcon.colcon_core.package_identification:Package 'src/slam_gmapping' with type 'ros.ament_cmake' and name 'slam_gmapping'
[1.553s] Level 1:colcon.colcon_core.package_identification:_identify(src/ydlidar_ros2_driver-humble) by extensions ['ignore', 'ignore_ament_install']
[1.553s] Level 1:colcon.colcon_core.package_identification:_identify(src/ydlidar_ros2_driver-humble) by extension 'ignore'
[1.553s] Level 1:colcon.colcon_core.package_identification:_identify(src/ydlidar_ros2_driver-humble) by extension 'ignore_ament_install'
[1.553s] Level 1:colcon.colcon_core.package_identification:_identify(src/ydlidar_ros2_driver-humble) by extensions ['colcon_pkg']
[1.553s] Level 1:colcon.colcon_core.package_identification:_identify(src/ydlidar_ros2_driver-humble) by extension 'colcon_pkg'
[1.553s] Level 1:colcon.colcon_core.package_identification:_identify(src/ydlidar_ros2_driver-humble) by extensions ['colcon_meta']
[1.553s] Level 1:colcon.colcon_core.package_identification:_identify(src/ydlidar_ros2_driver-humble) by extension 'colcon_meta'
[1.554s] Level 1:colcon.colcon_core.package_identification:_identify(src/ydlidar_ros2_driver-humble) by extensions ['ros']
[1.554s] Level 1:colcon.colcon_core.package_identification:_identify(src/ydlidar_ros2_driver-humble) by extension 'ros'
[1.555s] DEBUG:colcon.colcon_core.package_identification:Package 'src/ydlidar_ros2_driver-humble' with type 'ros.ament_cmake' and name 'ydlidar_ros2_driver'
[1.555s] Level 1:colcon.colcon_core.package_discovery:discover_packages(recursive) using defaults
[1.555s] Level 1:colcon.colcon_core.package_discovery:discover_packages(ignore) discover
[1.555s] Level 1:colcon.colcon_core.package_discovery:discover_packages(ignore) using defaults
[1.555s] Level 1:colcon.colcon_core.package_discovery:discover_packages(path) discover
[1.555s] Level 1:colcon.colcon_core.package_discovery:discover_packages(path) using defaults
[1.631s] Level 1:colcon.colcon_core.package_discovery:discover_packages(prefix_path) check parameters
[1.631s] Level 1:colcon.colcon_core.package_discovery:discover_packages(prefix_path) discover
[1.640s] DEBUG:colcon.colcon_installed_package_information.package_discovery:Found 4 installed packages in /home/yahboom/yahboomcar_ws/install
[1.645s] DEBUG:colcon.colcon_installed_package_information.package_discovery:Found 270 installed packages in /opt/ros/humble
[1.664s] Level 1:colcon.colcon_core.package_discovery:discover_packages(prefix_path) using defaults
[2.409s] Level 5:colcon.colcon_core.verb:set package 'openslam_gmapping' build argument 'cmake_args' from command line to 'None'
[2.409s] Level 5:colcon.colcon_core.verb:set package 'openslam_gmapping' build argument 'cmake_target' from command line to 'None'
[2.409s] Level 5:colcon.colcon_core.verb:set package 'openslam_gmapping' build argument 'cmake_target_skip_unavailable' from command line to 'False'
[2.409s] Level 5:colcon.colcon_core.verb:set package 'openslam_gmapping' build argument 'cmake_clean_cache' from command line to 'False'
[2.409s] Level 5:colcon.colcon_core.verb:set package 'openslam_gmapping' build argument 'cmake_clean_first' from command line to 'False'
[2.409s] Level 5:colcon.colcon_core.verb:set package 'openslam_gmapping' build argument 'cmake_force_configure' from command line to 'False'
[2.409s] Level 5:colcon.colcon_core.verb:set package 'openslam_gmapping' build argument 'ament_cmake_args' from command line to 'None'
[2.409s] Level 5:colcon.colcon_core.verb:set package 'openslam_gmapping' build argument 'catkin_cmake_args' from command line to 'None'
[2.409s] Level 5:colcon.colcon_core.verb:set package 'openslam_gmapping' build argument 'catkin_skip_building_tests' from command line to 'False'
[2.409s] DEBUG:colcon.colcon_core.verb:Building package 'openslam_gmapping' with the following arguments: {'ament_cmake_args': None, 'build_base': '/home/yahboom/yahboomcar_ws/build/openslam_gmapping', 'catkin_cmake_args': None, 'catkin_skip_building_tests': False, 'cmake_args': None, 'cmake_clean_cache': False, 'cmake_clean_first': False, 'cmake_force_configure': False, 'cmake_target': None, 'cmake_target_skip_unavailable': False, 'install_base': '/home/yahboom/yahboomcar_ws/install/openslam_gmapping', 'merge_install': False, 'path': '/home/yahboom/yahboomcar_ws/src/openslam_gmapping', 'symlink_install': False, 'test_result_base': None}
[2.410s] Level 5:colcon.colcon_core.verb:set package 'rf2o_laser_odometry' build argument 'cmake_args' from command line to 'None'
[2.410s] Level 5:colcon.colcon_core.verb:set package 'rf2o_laser_odometry' build argument 'cmake_target' from command line to 'None'
[2.410s] Level 5:colcon.colcon_core.verb:set package 'rf2o_laser_odometry' build argument 'cmake_target_skip_unavailable' from command line to 'False'
[2.410s] Level 5:colcon.colcon_core.verb:set package 'rf2o_laser_odometry' build argument 'cmake_clean_cache' from command line to 'False'
[2.410s] Level 5:colcon.colcon_core.verb:set package 'rf2o_laser_odometry' build argument 'cmake_clean_first' from command line to 'False'
[2.410s] Level 5:colcon.colcon_core.verb:set package 'rf2o_laser_odometry' build argument 'cmake_force_configure' from command line to 'False'
[2.410s] Level 5:colcon.colcon_core.verb:set package 'rf2o_laser_odometry' build argument 'ament_cmake_args' from command line to 'None'
[2.410s] Level 5:colcon.colcon_core.verb:set package 'rf2o_laser_odometry' build argument 'catkin_cmake_args' from command line to 'None'
[2.410s] Level 5:colcon.colcon_core.verb:set package 'rf2o_laser_odometry' build argument 'catkin_skip_building_tests' from command line to 'False'
[2.410s] DEBUG:colcon.colcon_core.verb:Building package 'rf2o_laser_odometry' with the following arguments: {'ament_cmake_args': None, 'build_base': '/home/yahboom/yahboomcar_ws/build/rf2o_laser_odometry', 'catkin_cmake_args': None, 'catkin_skip_building_tests': False, 'cmake_args': None, 'cmake_clean_cache': False, 'cmake_clean_first': False, 'cmake_force_configure': False, 'cmake_target': None, 'cmake_target_skip_unavailable': False, 'install_base': '/home/yahboom/yahboomcar_ws/install/rf2o_laser_odometry', 'merge_install': False, 'path': '/home/yahboom/yahboomcar_ws/src/rf2o_laser_odometry', 'symlink_install': False, 'test_result_base': None}
[2.410s] Level 5:colcon.colcon_core.verb:set package 'ydlidar_ros2_driver' build argument 'cmake_args' from command line to 'None'
[2.410s] Level 5:colcon.colcon_core.verb:set package 'ydlidar_ros2_driver' build argument 'cmake_target' from command line to 'None'
[2.410s] Level 5:colcon.colcon_core.verb:set package 'ydlidar_ros2_driver' build argument 'cmake_target_skip_unavailable' from command line to 'False'
[2.410s] Level 5:colcon.colcon_core.verb:set package 'ydlidar_ros2_driver' build argument 'cmake_clean_cache' from command line to 'False'
[2.410s] Level 5:colcon.colcon_core.verb:set package 'ydlidar_ros2_driver' build argument 'cmake_clean_first' from command line to 'False'
[2.410s] Level 5:colcon.colcon_core.verb:set package 'ydlidar_ros2_driver' build argument 'cmake_force_configure' from command line to 'False'
[2.410s] Level 5:colcon.colcon_core.verb:set package 'ydlidar_ros2_driver' build argument 'ament_cmake_args' from command line to 'None'
[2.410s] Level 5:colcon.colcon_core.verb:set package 'ydlidar_ros2_driver' build argument 'catkin_cmake_args' from command line to 'None'
[2.410s] Level 5:colcon.colcon_core.verb:set package 'ydlidar_ros2_driver' build argument 'catkin_skip_building_tests' from command line to 'False'
[2.410s] DEBUG:colcon.colcon_core.verb:Building package 'ydlidar_ros2_driver' with the following arguments: {'ament_cmake_args': None, 'build_base': '/home/yahboom/yahboomcar_ws/build/ydlidar_ros2_driver', 'catkin_cmake_args': None, 'catkin_skip_building_tests': False, 'cmake_args': None, 'cmake_clean_cache': False, 'cmake_clean_first': False, 'cmake_force_configure': False, 'cmake_target': None, 'cmake_target_skip_unavailable': False, 'install_base': '/home/yahboom/yahboomcar_ws/install/ydlidar_ros2_driver', 'merge_install': False, 'path': '/home/yahboom/yahboomcar_ws/src/ydlidar_ros2_driver-humble', 'symlink_install': False, 'test_result_base': None}
[2.410s] Level 5:colcon.colcon_core.verb:set package 'slam_gmapping' build argument 'cmake_args' from command line to 'None'
[2.410s] Level 5:colcon.colcon_core.verb:set package 'slam_gmapping' build argument 'cmake_target' from command line to 'None'
[2.410s] Level 5:colcon.colcon_core.verb:set package 'slam_gmapping' build argument 'cmake_target_skip_unavailable' from command line to 'False'
[2.410s] Level 5:colcon.colcon_core.verb:set package 'slam_gmapping' build argument 'cmake_clean_cache' from command line to 'False'
[2.410s] Level 5:colcon.colcon_core.verb:set package 'slam_gmapping' build argument 'cmake_clean_first' from command line to 'False'
[2.410s] Level 5:colcon.colcon_core.verb:set package 'slam_gmapping' build argument 'cmake_force_configure' from command line to 'False'
[2.410s] Level 5:colcon.colcon_core.verb:set package 'slam_gmapping' build argument 'ament_cmake_args' from command line to 'None'
[2.410s] Level 5:colcon.colcon_core.verb:set package 'slam_gmapping' build argument 'catkin_cmake_args' from command line to 'None'
[2.410s] Level 5:colcon.colcon_core.verb:set package 'slam_gmapping' build argument 'catkin_skip_building_tests' from command line to 'False'
[2.410s] DEBUG:colcon.colcon_core.verb:Building package 'slam_gmapping' with the following arguments: {'ament_cmake_args': None, 'build_base': '/home/yahboom/yahboomcar_ws/build/slam_gmapping', 'catkin_cmake_args': None, 'catkin_skip_building_tests': False, 'cmake_args': None, 'cmake_clean_cache': False, 'cmake_clean_first': False, 'cmake_force_configure': False, 'cmake_target': None, 'cmake_target_skip_unavailable': False, 'install_base': '/home/yahboom/yahboomcar_ws/install/slam_gmapping', 'merge_install': False, 'path': '/home/yahboom/yahboomcar_ws/src/slam_gmapping', 'symlink_install': False, 'test_result_base': None}
[2.411s] INFO:colcon.colcon_core.executor:Executing jobs using 'parallel' executor
[2.412s] DEBUG:colcon.colcon_parallel_executor.executor.parallel:run_until_complete
[2.412s] INFO:colcon.colcon_ros.task.ament_cmake.build:Building ROS package in '/home/yahboom/yahboomcar_ws/src/openslam_gmapping' with build type 'ament_cmake'
[2.412s] INFO:colcon.colcon_cmake.task.cmake.build:Building CMake package in '/home/yahboom/yahboomcar_ws/src/openslam_gmapping'
[2.467s] INFO:colcon.colcon_core.plugin_system:Skipping extension 'colcon_core.shell.bat': Not used on non-Windows systems
[2.468s] INFO:colcon.colcon_core.shell:Skip shell extension 'powershell' for command environment: Not usable outside of PowerShell
[2.468s] DEBUG:colcon.colcon_core.shell:Skip shell extension 'dsv' for command environment
[2.478s] INFO:colcon.colcon_ros.task.ament_cmake.build:Building ROS package in '/home/yahboom/yahboomcar_ws/src/rf2o_laser_odometry' with build type 'ament_cmake'
[2.478s] INFO:colcon.colcon_cmake.task.cmake.build:Building CMake package in '/home/yahboom/yahboomcar_ws/src/rf2o_laser_odometry'
[2.478s] INFO:colcon.colcon_core.shell:Skip shell extension 'powershell' for command environment: Not usable outside of PowerShell
[2.478s] DEBUG:colcon.colcon_core.shell:Skip shell extension 'dsv' for command environment
[2.483s] INFO:colcon.colcon_ros.task.ament_cmake.build:Building ROS package in '/home/yahboom/yahboomcar_ws/src/ydlidar_ros2_driver-humble' with build type 'ament_cmake'
[2.484s] INFO:colcon.colcon_cmake.task.cmake.build:Building CMake package in '/home/yahboom/yahboomcar_ws/src/ydlidar_ros2_driver-humble'
[2.485s] INFO:colcon.colcon_core.shell:Skip shell extension 'powershell' for command environment: Not usable outside of PowerShell
[2.485s] DEBUG:colcon.colcon_core.shell:Skip shell extension 'dsv' for command environment
[2.511s] DEBUG:colcon.colcon_core.event_handler.log_command:Invoking command in '/home/yahboom/yahboomcar_ws/build/rf2o_laser_odometry': CMAKE_PREFIX_PATH=${CMAKE_PREFIX_PATH}:/opt/ros/humble: /usr/bin/cmake --build /home/yahboom/yahboomcar_ws/build/rf2o_laser_odometry -- -j4 -l4
[2.533s] DEBUG:colcon.colcon_core.event_handler.log_command:Invoking command in '/home/yahboom/yahboomcar_ws/build/ydlidar_ros2_driver': CMAKE_PREFIX_PATH=${CMAKE_PREFIX_PATH}:/opt/ros/humble: /usr/bin/cmake --build /home/yahboom/yahboomcar_ws/build/ydlidar_ros2_driver -- -j4 -l4
[2.548s] DEBUG:colcon.colcon_core.event_handler.log_command:Invoking command in '/home/yahboom/yahboomcar_ws/build/openslam_gmapping': CMAKE_PREFIX_PATH=${CMAKE_PREFIX_PATH}:/opt/ros/humble: /usr/bin/cmake --build /home/yahboom/yahboomcar_ws/build/openslam_gmapping -- -j4 -l4
[3.229s] DEBUG:colcon.colcon_core.event_handler.log_command:Invoked command in '/home/yahboom/yahboomcar_ws/build/ydlidar_ros2_driver' returned '0': CMAKE_PREFIX_PATH=${CMAKE_PREFIX_PATH}:/opt/ros/humble: /usr/bin/cmake --build /home/yahboom/yahboomcar_ws/build/ydlidar_ros2_driver -- -j4 -l4
[3.272s] DEBUG:colcon.colcon_core.event_handler.log_command:Invoked command in '/home/yahboom/yahboomcar_ws/build/rf2o_laser_odometry' returned '0': CMAKE_PREFIX_PATH=${CMAKE_PREFIX_PATH}:/opt/ros/humble: /usr/bin/cmake --build /home/yahboom/yahboomcar_ws/build/rf2o_laser_odometry -- -j4 -l4
[3.323s] DEBUG:colcon.colcon_core.event_handler.log_command:Invoked command in '/home/yahboom/yahboomcar_ws/build/openslam_gmapping' returned '0': CMAKE_PREFIX_PATH=${CMAKE_PREFIX_PATH}:/opt/ros/humble: /usr/bin/cmake --build /home/yahboom/yahboomcar_ws/build/openslam_gmapping -- -j4 -l4
[3.398s] DEBUG:colcon.colcon_core.event_handler.log_command:Invoking command in '/home/yahboom/yahboomcar_ws/build/ydlidar_ros2_driver': CMAKE_PREFIX_PATH=${CMAKE_PREFIX_PATH}:/opt/ros/humble: /usr/bin/cmake --install /home/yahboom/yahboomcar_ws/build/ydlidar_ros2_driver
[3.407s] DEBUG:colcon.colcon_core.event_handler.log_command:Invoking command in '/home/yahboom/yahboomcar_ws/build/rf2o_laser_odometry': CMAKE_PREFIX_PATH=${CMAKE_PREFIX_PATH}:/opt/ros/humble: /usr/bin/cmake --install /home/yahboom/yahboomcar_ws/build/rf2o_laser_odometry
[3.438s] Level 1:colcon.colcon_core.environment:create_environment_scripts_only(rf2o_laser_odometry)
[3.446s] DEBUG:colcon.colcon_core.event_handler.log_command:Invoked command in '/home/yahboom/yahboomcar_ws/build/rf2o_laser_odometry' returned '0': CMAKE_PREFIX_PATH=${CMAKE_PREFIX_PATH}:/opt/ros/humble: /usr/bin/cmake --install /home/yahboom/yahboomcar_ws/build/rf2o_laser_odometry
[3.529s] Level 1:colcon.colcon_core.environment:checking '/home/yahboom/yahboomcar_ws/install/rf2o_laser_odometry' for CMake module files
[3.532s] Level 1:colcon.colcon_core.environment:checking '/home/yahboom/yahboomcar_ws/install/rf2o_laser_odometry' for CMake config files
[3.534s] Level 1:colcon.colcon_core.shell:create_environment_hook('rf2o_laser_odometry', 'cmake_prefix_path')
[3.536s] INFO:colcon.colcon_core.shell:Creating environment hook '/home/yahboom/yahboomcar_ws/install/rf2o_laser_odometry/share/rf2o_laser_odometry/hook/cmake_prefix_path.ps1'
[3.539s] INFO:colcon.colcon_core.shell:Creating environment descriptor '/home/yahboom/yahboomcar_ws/install/rf2o_laser_odometry/share/rf2o_laser_odometry/hook/cmake_prefix_path.dsv'
[3.542s] INFO:colcon.colcon_core.shell:Creating environment hook '/home/yahboom/yahboomcar_ws/install/rf2o_laser_odometry/share/rf2o_laser_odometry/hook/cmake_prefix_path.sh'
[3.546s] Level 1:colcon.colcon_core.environment:checking '/home/yahboom/yahboomcar_ws/install/rf2o_laser_odometry/lib'
[3.546s] Level 1:colcon.colcon_core.environment:checking '/home/yahboom/yahboomcar_ws/install/rf2o_laser_odometry/bin'
[3.546s] Level 1:colcon.colcon_core.environment:checking '/home/yahboom/yahboomcar_ws/install/rf2o_laser_odometry/lib/pkgconfig/rf2o_laser_odometry.pc'
[3.546s] Level 1:colcon.colcon_core.environment:checking '/home/yahboom/yahboomcar_ws/install/rf2o_laser_odometry/lib/python3.10/site-packages'
[3.546s] Level 1:colcon.colcon_core.environment:checking '/home/yahboom/yahboomcar_ws/install/rf2o_laser_odometry/bin'
[3.546s] INFO:colcon.colcon_core.shell:Creating package script '/home/yahboom/yahboomcar_ws/install/rf2o_laser_odometry/share/rf2o_laser_odometry/package.ps1'
[3.548s] INFO:colcon.colcon_core.shell:Creating package descriptor '/home/yahboom/yahboomcar_ws/install/rf2o_laser_odometry/share/rf2o_laser_odometry/package.dsv'
[3.554s] INFO:colcon.colcon_core.shell:Creating package script '/home/yahboom/yahboomcar_ws/install/rf2o_laser_odometry/share/rf2o_laser_odometry/package.sh'
[3.558s] INFO:colcon.colcon_core.shell:Creating package script '/home/yahboom/yahboomcar_ws/install/rf2o_laser_odometry/share/rf2o_laser_odometry/package.bash'
[3.562s] INFO:colcon.colcon_core.shell:Creating package script '/home/yahboom/yahboomcar_ws/install/rf2o_laser_odometry/share/rf2o_laser_odometry/package.zsh'
[3.564s] Level 1:colcon.colcon_core.environment:create_file_with_runtime_dependencies(/home/yahboom/yahboomcar_ws/install/rf2o_laser_odometry/share/colcon-core/packages/rf2o_laser_odometry)
[3.580s] DEBUG:colcon.colcon_core.event_handler.log_command:Invoking command in '/home/yahboom/yahboomcar_ws/build/openslam_gmapping': CMAKE_PREFIX_PATH=${CMAKE_PREFIX_PATH}:/opt/ros/humble: /usr/bin/cmake --install /home/yahboom/yahboomcar_ws/build/openslam_gmapping
[3.581s] Level 1:colcon.colcon_core.environment:create_environment_scripts_only(ydlidar_ros2_driver)
[3.582s] Level 1:colcon.colcon_core.environment:checking '/home/yahboom/yahboomcar_ws/install/ydlidar_ros2_driver' for CMake module files
[3.585s] DEBUG:colcon.colcon_core.event_handler.log_command:Invoked command in '/home/yahboom/yahboomcar_ws/build/ydlidar_ros2_driver' returned '0': CMAKE_PREFIX_PATH=${CMAKE_PREFIX_PATH}:/opt/ros/humble: /usr/bin/cmake --install /home/yahboom/yahboomcar_ws/build/ydlidar_ros2_driver
[3.589s] Level 1:colcon.colcon_core.environment:checking '/home/yahboom/yahboomcar_ws/install/ydlidar_ros2_driver' for CMake config files
[3.589s] Level 1:colcon.colcon_core.shell:create_environment_hook('ydlidar_ros2_driver', 'cmake_prefix_path')
[3.590s] INFO:colcon.colcon_core.shell:Creating environment hook '/home/yahboom/yahboomcar_ws/install/ydlidar_ros2_driver/share/ydlidar_ros2_driver/hook/cmake_prefix_path.ps1'
[3.592s] INFO:colcon.colcon_core.shell:Creating environment descriptor '/home/yahboom/yahboomcar_ws/install/ydlidar_ros2_driver/share/ydlidar_ros2_driver/hook/cmake_prefix_path.dsv'
[3.593s] INFO:colcon.colcon_core.shell:Creating environment hook '/home/yahboom/yahboomcar_ws/install/ydlidar_ros2_driver/share/ydlidar_ros2_driver/hook/cmake_prefix_path.sh'
[3.594s] Level 1:colcon.colcon_core.environment:checking '/home/yahboom/yahboomcar_ws/install/ydlidar_ros2_driver/lib'
[3.594s] Level 1:colcon.colcon_core.environment:checking '/home/yahboom/yahboomcar_ws/install/ydlidar_ros2_driver/bin'
[3.594s] Level 1:colcon.colcon_core.environment:checking '/home/yahboom/yahboomcar_ws/install/ydlidar_ros2_driver/lib/pkgconfig/ydlidar_ros2_driver.pc'
[3.595s] Level 1:colcon.colcon_core.environment:checking '/home/yahboom/yahboomcar_ws/install/ydlidar_ros2_driver/lib/python3.10/site-packages'
[3.596s] Level 1:colcon.colcon_core.environment:checking '/home/yahboom/yahboomcar_ws/install/ydlidar_ros2_driver/bin'
[3.597s] INFO:colcon.colcon_core.shell:Creating package script '/home/yahboom/yahboomcar_ws/install/ydlidar_ros2_driver/share/ydlidar_ros2_driver/package.ps1'
[3.597s] INFO:colcon.colcon_core.shell:Creating package descriptor '/home/yahboom/yahboomcar_ws/install/ydlidar_ros2_driver/share/ydlidar_ros2_driver/package.dsv'
[3.598s] INFO:colcon.colcon_core.shell:Creating package script '/home/yahboom/yahboomcar_ws/install/ydlidar_ros2_driver/share/ydlidar_ros2_driver/package.sh'
[3.601s] INFO:colcon.colcon_core.shell:Creating package script '/home/yahboom/yahboomcar_ws/install/ydlidar_ros2_driver/share/ydlidar_ros2_driver/package.bash'
[3.603s] INFO:colcon.colcon_core.shell:Creating package script '/home/yahboom/yahboomcar_ws/install/ydlidar_ros2_driver/share/ydlidar_ros2_driver/package.zsh'
[3.604s] Level 1:colcon.colcon_core.environment:create_file_with_runtime_dependencies(/home/yahboom/yahboomcar_ws/install/ydlidar_ros2_driver/share/colcon-core/packages/ydlidar_ros2_driver)
[3.639s] Level 1:colcon.colcon_core.environment:create_environment_scripts_only(openslam_gmapping)
[3.640s] Level 1:colcon.colcon_core.environment:checking '/home/yahboom/yahboomcar_ws/install/openslam_gmapping' for CMake module files
[3.641s] DEBUG:colcon.colcon_core.event_handler.log_command:Invoked command in '/home/yahboom/yahboomcar_ws/build/openslam_gmapping' returned '0': CMAKE_PREFIX_PATH=${CMAKE_PREFIX_PATH}:/opt/ros/humble: /usr/bin/cmake --install /home/yahboom/yahboomcar_ws/build/openslam_gmapping
[3.641s] Level 1:colcon.colcon_core.environment:checking '/home/yahboom/yahboomcar_ws/install/openslam_gmapping' for CMake config files
[3.643s] Level 1:colcon.colcon_core.shell:create_environment_hook('openslam_gmapping', 'cmake_prefix_path')
[3.644s] INFO:colcon.colcon_core.shell:Creating environment hook '/home/yahboom/yahboomcar_ws/install/openslam_gmapping/share/openslam_gmapping/hook/cmake_prefix_path.ps1'
[3.646s] INFO:colcon.colcon_core.shell:Creating environment descriptor '/home/yahboom/yahboomcar_ws/install/openslam_gmapping/share/openslam_gmapping/hook/cmake_prefix_path.dsv'
[3.646s] INFO:colcon.colcon_core.shell:Creating environment hook '/home/yahboom/yahboomcar_ws/install/openslam_gmapping/share/openslam_gmapping/hook/cmake_prefix_path.sh'
[3.647s] Level 1:colcon.colcon_core.environment:checking '/home/yahboom/yahboomcar_ws/install/openslam_gmapping/lib'
[3.647s] Level 1:colcon.colcon_core.environment:checking '/home/yahboom/yahboomcar_ws/install/openslam_gmapping/bin'
[3.647s] Level 1:colcon.colcon_core.environment:checking '/home/yahboom/yahboomcar_ws/install/openslam_gmapping/lib/pkgconfig/openslam_gmapping.pc'
[3.648s] Level 1:colcon.colcon_core.environment:checking '/home/yahboom/yahboomcar_ws/install/openslam_gmapping/lib/python3.10/site-packages'
[3.648s] Level 1:colcon.colcon_core.environment:checking '/home/yahboom/yahboomcar_ws/install/openslam_gmapping/bin'
[3.649s] INFO:colcon.colcon_core.shell:Creating package script '/home/yahboom/yahboomcar_ws/install/openslam_gmapping/share/openslam_gmapping/package.ps1'
[3.651s] INFO:colcon.colcon_core.shell:Creating package descriptor '/home/yahboom/yahboomcar_ws/install/openslam_gmapping/share/openslam_gmapping/package.dsv'
[3.654s] INFO:colcon.colcon_core.shell:Creating package script '/home/yahboom/yahboomcar_ws/install/openslam_gmapping/share/openslam_gmapping/package.sh'
[3.655s] INFO:colcon.colcon_core.shell:Creating package script '/home/yahboom/yahboomcar_ws/install/openslam_gmapping/share/openslam_gmapping/package.bash'
[3.655s] INFO:colcon.colcon_core.shell:Creating package script '/home/yahboom/yahboomcar_ws/install/openslam_gmapping/share/openslam_gmapping/package.zsh'
[3.656s] Level 1:colcon.colcon_core.environment:create_file_with_runtime_dependencies(/home/yahboom/yahboomcar_ws/install/openslam_gmapping/share/colcon-core/packages/openslam_gmapping)
[3.694s] Level 1:colcon.colcon_core.environment:create_environment_scripts_only(rf2o_laser_odometry)
[3.694s] Level 1:colcon.colcon_core.environment:checking '/home/yahboom/yahboomcar_ws/install/rf2o_laser_odometry' for CMake module files
[3.695s] Level 1:colcon.colcon_core.environment:checking '/home/yahboom/yahboomcar_ws/install/rf2o_laser_odometry' for CMake config files
[3.696s] Level 1:colcon.colcon_core.shell:create_environment_hook('rf2o_laser_odometry', 'cmake_prefix_path')
[3.696s] INFO:colcon.colcon_core.shell:Creating environment hook '/home/yahboom/yahboomcar_ws/install/rf2o_laser_odometry/share/rf2o_laser_odometry/hook/cmake_prefix_path.ps1'
[3.697s] INFO:colcon.colcon_core.shell:Creating environment descriptor '/home/yahboom/yahboomcar_ws/install/rf2o_laser_odometry/share/rf2o_laser_odometry/hook/cmake_prefix_path.dsv'
[3.697s] INFO:colcon.colcon_core.shell:Creating environment hook '/home/yahboom/yahboomcar_ws/install/rf2o_laser_odometry/share/rf2o_laser_odometry/hook/cmake_prefix_path.sh'
[3.698s] Level 1:colcon.colcon_core.environment:checking '/home/yahboom/yahboomcar_ws/install/rf2o_laser_odometry/lib'
[3.698s] Level 1:colcon.colcon_core.environment:checking '/home/yahboom/yahboomcar_ws/install/rf2o_laser_odometry/bin'
[3.698s] Level 1:colcon.colcon_core.environment:checking '/home/yahboom/yahboomcar_ws/install/rf2o_laser_odometry/lib/pkgconfig/rf2o_laser_odometry.pc'
[3.698s] Level 1:colcon.colcon_core.environment:checking '/home/yahboom/yahboomcar_ws/install/rf2o_laser_odometry/lib/python3.10/site-packages'
[3.698s] Level 1:colcon.colcon_core.environment:checking '/home/yahboom/yahboomcar_ws/install/rf2o_laser_odometry/bin'
[3.699s] INFO:colcon.colcon_core.shell:Creating package script '/home/yahboom/yahboomcar_ws/install/rf2o_laser_odometry/share/rf2o_laser_odometry/package.ps1'
[3.703s] INFO:colcon.colcon_core.shell:Creating package descriptor '/home/yahboom/yahboomcar_ws/install/rf2o_laser_odometry/share/rf2o_laser_odometry/package.dsv'
[3.704s] INFO:colcon.colcon_core.shell:Creating package script '/home/yahboom/yahboomcar_ws/install/rf2o_laser_odometry/share/rf2o_laser_odometry/package.sh'
[3.705s] INFO:colcon.colcon_core.shell:Creating package script '/home/yahboom/yahboomcar_ws/install/rf2o_laser_odometry/share/rf2o_laser_odometry/package.bash'
[3.706s] INFO:colcon.colcon_core.shell:Creating package script '/home/yahboom/yahboomcar_ws/install/rf2o_laser_odometry/share/rf2o_laser_odometry/package.zsh'
[3.707s] Level 1:colcon.colcon_core.environment:create_file_with_runtime_dependencies(/home/yahboom/yahboomcar_ws/install/rf2o_laser_odometry/share/colcon-core/packages/rf2o_laser_odometry)
[3.730s] Level 1:colcon.colcon_core.environment:create_environment_scripts_only(ydlidar_ros2_driver)
[3.730s] Level 1:colcon.colcon_core.environment:checking '/home/yahboom/yahboomcar_ws/install/ydlidar_ros2_driver' for CMake module files
[3.731s] Level 1:colcon.colcon_core.environment:checking '/home/yahboom/yahboomcar_ws/install/ydlidar_ros2_driver' for CMake config files
[3.731s] Level 1:colcon.colcon_core.shell:create_environment_hook('ydlidar_ros2_driver', 'cmake_prefix_path')
[3.731s] INFO:colcon.colcon_core.shell:Creating environment hook '/home/yahboom/yahboomcar_ws/install/ydlidar_ros2_driver/share/ydlidar_ros2_driver/hook/cmake_prefix_path.ps1'
[3.733s] INFO:colcon.colcon_core.shell:Creating environment descriptor '/home/yahboom/yahboomcar_ws/install/ydlidar_ros2_driver/share/ydlidar_ros2_driver/hook/cmake_prefix_path.dsv'
[3.737s] INFO:colcon.colcon_core.shell:Creating environment hook '/home/yahboom/yahboomcar_ws/install/ydlidar_ros2_driver/share/ydlidar_ros2_driver/hook/cmake_prefix_path.sh'
[3.739s] Level 1:colcon.colcon_core.environment:checking '/home/yahboom/yahboomcar_ws/install/ydlidar_ros2_driver/lib'
[3.739s] Level 1:colcon.colcon_core.environment:checking '/home/yahboom/yahboomcar_ws/install/ydlidar_ros2_driver/bin'
[3.739s] Level 1:colcon.colcon_core.environment:checking '/home/yahboom/yahboomcar_ws/install/ydlidar_ros2_driver/lib/pkgconfig/ydlidar_ros2_driver.pc'
[3.739s] Level 1:colcon.colcon_core.environment:checking '/home/yahboom/yahboomcar_ws/install/ydlidar_ros2_driver/lib/python3.10/site-packages'
[3.739s] Level 1:colcon.colcon_core.environment:checking '/home/yahboom/yahboomcar_ws/install/ydlidar_ros2_driver/bin'
[3.740s] INFO:colcon.colcon_core.shell:Creating package script '/home/yahboom/yahboomcar_ws/install/ydlidar_ros2_driver/share/ydlidar_ros2_driver/package.ps1'
[3.741s] INFO:colcon.colcon_core.shell:Creating package descriptor '/home/yahboom/yahboomcar_ws/install/ydlidar_ros2_driver/share/ydlidar_ros2_driver/package.dsv'
[3.742s] INFO:colcon.colcon_core.shell:Creating package script '/home/yahboom/yahboomcar_ws/install/ydlidar_ros2_driver/share/ydlidar_ros2_driver/package.sh'
[3.745s] INFO:colcon.colcon_core.shell:Creating package script '/home/yahboom/yahboomcar_ws/install/ydlidar_ros2_driver/share/ydlidar_ros2_driver/package.bash'
[3.747s] INFO:colcon.colcon_core.shell:Creating package script '/home/yahboom/yahboomcar_ws/install/ydlidar_ros2_driver/share/ydlidar_ros2_driver/package.zsh'
[3.747s] Level 1:colcon.colcon_core.environment:create_file_with_runtime_dependencies(/home/yahboom/yahboomcar_ws/install/ydlidar_ros2_driver/share/colcon-core/packages/ydlidar_ros2_driver)
[3.765s] Level 1:colcon.colcon_core.environment:create_environment_scripts_only(openslam_gmapping)
[3.766s] Level 1:colcon.colcon_core.environment:checking '/home/yahboom/yahboomcar_ws/install/openslam_gmapping' for CMake module files
[3.768s] Level 1:colcon.colcon_core.environment:checking '/home/yahboom/yahboomcar_ws/install/openslam_gmapping' for CMake config files
[3.770s] Level 1:colcon.colcon_core.shell:create_environment_hook('openslam_gmapping', 'cmake_prefix_path')
[3.771s] INFO:colcon.colcon_core.shell:Creating environment hook '/home/yahboom/yahboomcar_ws/install/openslam_gmapping/share/openslam_gmapping/hook/cmake_prefix_path.ps1'
[3.772s] INFO:colcon.colcon_core.shell:Creating environment descriptor '/home/yahboom/yahboomcar_ws/install/openslam_gmapping/share/openslam_gmapping/hook/cmake_prefix_path.dsv'
[3.772s] INFO:colcon.colcon_core.shell:Creating environment hook '/home/yahboom/yahboomcar_ws/install/openslam_gmapping/share/openslam_gmapping/hook/cmake_prefix_path.sh'
[3.773s] Level 1:colcon.colcon_core.environment:checking '/home/yahboom/yahboomcar_ws/install/openslam_gmapping/lib'
[3.773s] Level 1:colcon.colcon_core.environment:checking '/home/yahboom/yahboomcar_ws/install/openslam_gmapping/bin'
[3.773s] Level 1:colcon.colcon_core.environment:checking '/home/yahboom/yahboomcar_ws/install/openslam_gmapping/lib/pkgconfig/openslam_gmapping.pc'
[3.773s] Level 1:colcon.colcon_core.environment:checking '/home/yahboom/yahboomcar_ws/install/openslam_gmapping/lib/python3.10/site-packages'
[3.774s] Level 1:colcon.colcon_core.environment:checking '/home/yahboom/yahboomcar_ws/install/openslam_gmapping/bin'
[3.774s] INFO:colcon.colcon_core.shell:Creating package script '/home/yahboom/yahboomcar_ws/install/openslam_gmapping/share/openslam_gmapping/package.ps1'
[3.774s] INFO:colcon.colcon_core.shell:Creating package descriptor '/home/yahboom/yahboomcar_ws/install/openslam_gmapping/share/openslam_gmapping/package.dsv'
[3.775s] INFO:colcon.colcon_core.shell:Creating package script '/home/yahboom/yahboomcar_ws/install/openslam_gmapping/share/openslam_gmapping/package.sh'
[3.776s] INFO:colcon.colcon_core.shell:Creating package script '/home/yahboom/yahboomcar_ws/install/openslam_gmapping/share/openslam_gmapping/package.bash'
[3.778s] INFO:colcon.colcon_core.shell:Creating package script '/home/yahboom/yahboomcar_ws/install/openslam_gmapping/share/openslam_gmapping/package.zsh'
[3.779s] Level 1:colcon.colcon_core.environment:create_file_with_runtime_dependencies(/home/yahboom/yahboomcar_ws/install/openslam_gmapping/share/colcon-core/packages/openslam_gmapping)
[3.780s] INFO:colcon.colcon_ros.task.ament_cmake.build:Building ROS package in '/home/yahboom/yahboomcar_ws/src/slam_gmapping' with build type 'ament_cmake'
[3.780s] INFO:colcon.colcon_cmake.task.cmake.build:Building CMake package in '/home/yahboom/yahboomcar_ws/src/slam_gmapping'
[3.780s] INFO:colcon.colcon_core.shell:Skip shell extension 'powershell' for command environment: Not usable outside of PowerShell
[3.780s] DEBUG:colcon.colcon_core.shell:Skip shell extension 'dsv' for command environment
[3.841s] DEBUG:colcon.colcon_core.event_handler.log_command:Invoking command in '/home/yahboom/yahboomcar_ws/build/slam_gmapping': CMAKE_PREFIX_PATH=/home/yahboom/yahboomcar_ws/install/openslam_gmapping:/home/yahboom/yahboomcar_ws/install/ydlidar_ros2_driver:/home/yahboom/yahboomcar_ws/install/slam_gmapping:/opt/ros/humble: /usr/bin/cmake --build /home/yahboom/yahboomcar_ws/build/slam_gmapping -- -j4 -l4
[4.107s] DEBUG:colcon.colcon_core.event_handler.log_command:Invoked command in '/home/yahboom/yahboomcar_ws/build/slam_gmapping' returned '0': CMAKE_PREFIX_PATH=/home/yahboom/yahboomcar_ws/install/openslam_gmapping:/home/yahboom/yahboomcar_ws/install/ydlidar_ros2_driver:/home/yahboom/yahboomcar_ws/install/slam_gmapping:/opt/ros/humble: /usr/bin/cmake --build /home/yahboom/yahboomcar_ws/build/slam_gmapping -- -j4 -l4
[4.279s] DEBUG:colcon.colcon_core.event_handler.log_command:Invoking command in '/home/yahboom/yahboomcar_ws/build/slam_gmapping': CMAKE_PREFIX_PATH=/home/yahboom/yahboomcar_ws/install/openslam_gmapping:/home/yahboom/yahboomcar_ws/install/ydlidar_ros2_driver:/home/yahboom/yahboomcar_ws/install/slam_gmapping:/opt/ros/humble: /usr/bin/cmake --install /home/yahboom/yahboomcar_ws/build/slam_gmapping
[4.348s] Level 1:colcon.colcon_core.environment:create_environment_scripts_only(slam_gmapping)
[4.352s] Level 1:colcon.colcon_core.environment:checking '/home/yahboom/yahboomcar_ws/install/slam_gmapping' for CMake module files
[4.356s] Level 1:colcon.colcon_core.environment:checking '/home/yahboom/yahboomcar_ws/install/slam_gmapping' for CMake config files
[4.358s] DEBUG:colcon.colcon_core.event_handler.log_command:Invoked command in '/home/yahboom/yahboomcar_ws/build/slam_gmapping' returned '0': CMAKE_PREFIX_PATH=/home/yahboom/yahboomcar_ws/install/openslam_gmapping:/home/yahboom/yahboomcar_ws/install/ydlidar_ros2_driver:/home/yahboom/yahboomcar_ws/install/slam_gmapping:/opt/ros/humble: /usr/bin/cmake --install /home/yahboom/yahboomcar_ws/build/slam_gmapping
[4.359s] Level 1:colcon.colcon_core.shell:create_environment_hook('slam_gmapping', 'cmake_prefix_path')
[4.361s] INFO:colcon.colcon_core.shell:Creating environment hook '/home/yahboom/yahboomcar_ws/install/slam_gmapping/share/slam_gmapping/hook/cmake_prefix_path.ps1'
[4.364s] INFO:colcon.colcon_core.shell:Creating environment descriptor '/home/yahboom/yahboomcar_ws/install/slam_gmapping/share/slam_gmapping/hook/cmake_prefix_path.dsv'
[4.366s] INFO:colcon.colcon_core.shell:Creating environment hook '/home/yahboom/yahboomcar_ws/install/slam_gmapping/share/slam_gmapping/hook/cmake_prefix_path.sh'
[4.371s] Level 1:colcon.colcon_core.environment:checking '/home/yahboom/yahboomcar_ws/install/slam_gmapping/lib'
[4.371s] Level 1:colcon.colcon_core.environment:checking '/home/yahboom/yahboomcar_ws/install/slam_gmapping/bin'
[4.372s] Level 1:colcon.colcon_core.environment:checking '/home/yahboom/yahboomcar_ws/install/slam_gmapping/lib/pkgconfig/slam_gmapping.pc'
[4.372s] Level 1:colcon.colcon_core.environment:checking '/home/yahboom/yahboomcar_ws/install/slam_gmapping/lib/python3.10/site-packages'
[4.373s] Level 1:colcon.colcon_core.environment:checking '/home/yahboom/yahboomcar_ws/install/slam_gmapping/bin'
[4.374s] INFO:colcon.colcon_core.shell:Creating package script '/home/yahboom/yahboomcar_ws/install/slam_gmapping/share/slam_gmapping/package.ps1'
[4.377s] INFO:colcon.colcon_core.shell:Creating package descriptor '/home/yahboom/yahboomcar_ws/install/slam_gmapping/share/slam_gmapping/package.dsv'
[4.379s] INFO:colcon.colcon_core.shell:Creating package script '/home/yahboom/yahboomcar_ws/install/slam_gmapping/share/slam_gmapping/package.sh'
[4.380s] INFO:colcon.colcon_core.shell:Creating package script '/home/yahboom/yahboomcar_ws/install/slam_gmapping/share/slam_gmapping/package.bash'
[4.382s] INFO:colcon.colcon_core.shell:Creating package script '/home/yahboom/yahboomcar_ws/install/slam_gmapping/share/slam_gmapping/package.zsh'
[4.384s] Level 1:colcon.colcon_core.environment:create_file_with_runtime_dependencies(/home/yahboom/yahboomcar_ws/install/slam_gmapping/share/colcon-core/packages/slam_gmapping)
[4.569s] Level 1:colcon.colcon_core.environment:create_environment_scripts_only(slam_gmapping)
[4.570s] Level 1:colcon.colcon_core.environment:checking '/home/yahboom/yahboomcar_ws/install/slam_gmapping' for CMake module files
[4.572s] Level 1:colcon.colcon_core.environment:checking '/home/yahboom/yahboomcar_ws/install/slam_gmapping' for CMake config files
[4.573s] Level 1:colcon.colcon_core.shell:create_environment_hook('slam_gmapping', 'cmake_prefix_path')
[4.574s] INFO:colcon.colcon_core.shell:Creating environment hook '/home/yahboom/yahboomcar_ws/install/slam_gmapping/share/slam_gmapping/hook/cmake_prefix_path.ps1'
[4.577s] INFO:colcon.colcon_core.shell:Creating environment descriptor '/home/yahboom/yahboomcar_ws/install/slam_gmapping/share/slam_gmapping/hook/cmake_prefix_path.dsv'
[4.579s] INFO:colcon.colcon_core.shell:Creating environment hook '/home/yahboom/yahboomcar_ws/install/slam_gmapping/share/slam_gmapping/hook/cmake_prefix_path.sh'
[4.581s] Level 1:colcon.colcon_core.environment:checking '/home/yahboom/yahboomcar_ws/install/slam_gmapping/lib'
[4.581s] Level 1:colcon.colcon_core.environment:checking '/home/yahboom/yahboomcar_ws/install/slam_gmapping/bin'
[4.582s] Level 1:colcon.colcon_core.environment:checking '/home/yahboom/yahboomcar_ws/install/slam_gmapping/lib/pkgconfig/slam_gmapping.pc'
[4.582s] Level 1:colcon.colcon_core.environment:checking '/home/yahboom/yahboomcar_ws/install/slam_gmapping/lib/python3.10/site-packages'
[4.583s] Level 1:colcon.colcon_core.environment:checking '/home/yahboom/yahboomcar_ws/install/slam_gmapping/bin'
[4.585s] INFO:colcon.colcon_core.shell:Creating package script '/home/yahboom/yahboomcar_ws/install/slam_gmapping/share/slam_gmapping/package.ps1'
[4.587s] INFO:colcon.colcon_core.shell:Creating package descriptor '/home/yahboom/yahboomcar_ws/install/slam_gmapping/share/slam_gmapping/package.dsv'
[4.588s] INFO:colcon.colcon_core.shell:Creating package script '/home/yahboom/yahboomcar_ws/install/slam_gmapping/share/slam_gmapping/package.sh'
[4.589s] INFO:colcon.colcon_core.shell:Creating package script '/home/yahboom/yahboomcar_ws/install/slam_gmapping/share/slam_gmapping/package.bash'
[4.589s] INFO:colcon.colcon_core.shell:Creating package script '/home/yahboom/yahboomcar_ws/install/slam_gmapping/share/slam_gmapping/package.zsh'
[4.590s] Level 1:colcon.colcon_core.environment:create_file_with_runtime_dependencies(/home/yahboom/yahboomcar_ws/install/slam_gmapping/share/colcon-core/packages/slam_gmapping)
[4.590s] DEBUG:colcon.colcon_parallel_executor.executor.parallel:closing loop
[4.592s] DEBUG:colcon.colcon_parallel_executor.executor.parallel:loop closed
[4.593s] DEBUG:colcon.colcon_parallel_executor.executor.parallel:run_until_complete finished with '0'
[4.593s] DEBUG:colcon.colcon_core.event_reactor:joining thread
[4.621s] INFO:colcon.colcon_core.plugin_system:Skipping extension 'colcon_notification.desktop_notification.terminal_notifier': Not used on non-Darwin systems
[4.622s] INFO:colcon.colcon_core.plugin_system:Skipping extension 'colcon_notification.desktop_notification.win32': Not used on non-Windows systems
[4.622s] INFO:colcon.colcon_notification.desktop_notification:Sending desktop notification using 'notify2'
[4.676s] DEBUG:colcon.colcon_core.event_reactor:joined thread
[4.678s] INFO:colcon.colcon_core.shell:Creating prefix script '/home/yahboom/yahboomcar_ws/install/local_setup.ps1'
[4.680s] INFO:colcon.colcon_core.shell:Creating prefix util module '/home/yahboom/yahboomcar_ws/install/_local_setup_util_ps1.py'
[4.683s] INFO:colcon.colcon_core.shell:Creating prefix chain script '/home/yahboom/yahboomcar_ws/install/setup.ps1'
[4.687s] INFO:colcon.colcon_core.shell:Creating prefix script '/home/yahboom/yahboomcar_ws/install/local_setup.sh'
[4.689s] INFO:colcon.colcon_core.shell:Creating prefix util module '/home/yahboom/yahboomcar_ws/install/_local_setup_util_sh.py'
[4.689s] INFO:colcon.colcon_core.shell:Creating prefix chain script '/home/yahboom/yahboomcar_ws/install/setup.sh'
[4.691s] INFO:colcon.colcon_core.shell:Creating prefix script '/home/yahboom/yahboomcar_ws/install/local_setup.bash'
[4.691s] INFO:colcon.colcon_core.shell:Creating prefix chain script '/home/yahboom/yahboomcar_ws/install/setup.bash'
[4.694s] INFO:colcon.colcon_core.shell:Creating prefix script '/home/yahboom/yahboomcar_ws/install/local_setup.zsh'
[4.697s] INFO:colcon.colcon_core.shell:Creating prefix chain script '/home/yahboom/yahboomcar_ws/install/setup.zsh'
