[0.061s] Invoking command in '/home/yahboom/yahboomcar_ws/build/slam_gmapping': CMAKE_PREFIX_PATH=/home/yahboom/yahboomcar_ws/install/openslam_gmapping:/home/yahboom/yahboomcar_ws/install/ydlidar_ros2_driver:/home/yahboom/yahboomcar_ws/install/slam_gmapping:/opt/ros/humble: /usr/bin/cmake /home/yahboom/yahboomcar_ws/src/slam_gmapping -DCMAKE_INSTALL_PREFIX=/home/yahboom/yahboomcar_ws/install/slam_gmapping
[0.391s] -- The C compiler identification is GNU 11.4.0
[0.663s] -- The CXX compiler identification is GNU 11.4.0
[0.696s] -- Detecting C compiler ABI info
[1.067s] -- Detecting C compiler ABI info - done
[1.091s] -- Check for working C compiler: /usr/bin/cc - skipped
[1.093s] -- Detecting C compile features
[1.094s] -- Detecting C compile features - done
[1.117s] -- Detecting CXX compiler ABI info
[1.622s] -- Detecting CXX compiler ABI info - done
[1.653s] -- Check for working CXX compiler: /usr/bin/c++ - skipped
[1.653s] -- Detecting CXX compile features
[1.654s] -- Detecting CXX compile features - done
[1.655s] [0m -fuse-ld=lld -Wl,--disable-new-dtags[0m
[1.663s] -- Found ament_cmake: 1.3.8 (/opt/ros/humble/share/ament_cmake/cmake)
[2.714s] -- Found Python3: /usr/bin/python3 (found version "3.10.12") found components: Interpreter 
[3.221s] -- Found std_msgs: 4.2.3 (/opt/ros/humble/share/std_msgs/cmake)
[3.399s] -- Found rosidl_generator_c: 3.1.5 (/opt/ros/humble/share/rosidl_generator_c/cmake)
[3.421s] -- Found rosidl_adapter: 3.1.5 (/opt/ros/humble/share/rosidl_adapter/cmake)
[3.457s] -- Found rosidl_generator_cpp: 3.1.5 (/opt/ros/humble/share/rosidl_generator_cpp/cmake)
[3.531s] -- Using all available rosidl_typesupport_c: rosidl_typesupport_fastrtps_c;rosidl_typesupport_introspection_c
[3.653s] -- Using all available rosidl_typesupport_cpp: rosidl_typesupport_fastrtps_cpp;rosidl_typesupport_introspection_cpp
[3.958s] -- Found nav_msgs: 4.2.3 (/opt/ros/humble/share/nav_msgs/cmake)
[4.485s] -- Found tf2: 0.25.6 (/opt/ros/humble/share/tf2/cmake)
[4.551s] -- Found tf2_ros: 0.25.6 (/opt/ros/humble/share/tf2_ros/cmake)
[5.068s] -- Found rmw_implementation_cmake: 6.1.1 (/opt/ros/humble/share/rmw_implementation_cmake/cmake)
[5.076s] -- Found rmw_fastrtps_cpp: 6.2.6 (/opt/ros/humble/share/rmw_fastrtps_cpp/cmake)
[5.574s] -- Found OpenSSL: /usr/lib/x86_64-linux-gnu/libcrypto.so (found version "3.0.2")  
[5.714s] -- Found FastRTPS: /opt/ros/humble/include  
[5.926s] -- Using RMW implementation 'rmw_fastrtps_cpp' as default
[5.976s] -- Looking for pthread.h
[6.458s] -- Looking for pthread.h - found
[6.463s] -- Performing Test CMAKE_HAVE_LIBC_PTHREAD
[6.906s] -- Performing Test CMAKE_HAVE_LIBC_PTHREAD - Success
[6.910s] -- Found Threads: TRUE  
[8.606s] -- Found tf2_geometry_msgs: 0.25.6 (/opt/ros/humble/share/tf2_geometry_msgs/cmake)
[8.668s] -- Found eigen3_cmake_module: 0.1.1 (/opt/ros/humble/share/eigen3_cmake_module/cmake)
[8.671s] -- Found Eigen3: TRUE (found version "3.4.0") 
[8.671s] -- Ensuring Eigen3 include directory is part of orocos-kdl CMake target
[8.714s] -- Found sensor_msgs: 4.2.3 (/opt/ros/humble/share/sensor_msgs/cmake)
[9.045s] -- Found visualization_msgs: 4.2.3 (/opt/ros/humble/share/visualization_msgs/cmake)
[9.489s] -- Found openslam_gmapping: 0.1.2 (/home/yahboom/yahboomcar_ws/install/openslam_gmapping/share/openslam_gmapping/cmake)
[9.494s] -- Found ament_lint_auto: 0.12.10 (/opt/ros/humble/share/ament_lint_auto/cmake)
[10.008s] -- Added test 'cppcheck' to perform static code analysis on C / C++ code
[10.009s] -- Configured cppcheck include dirs: /home/yahboom/yahboomcar_ws/src/slam_gmapping/include
[10.010s] -- Configured cppcheck exclude dirs and/or files: 
[10.016s] -- Added test 'flake8' to check Python code syntax and style conventions
[10.019s] -- Added test 'lint_cmake' to check CMake code style
[10.022s] -- Added test 'pep257' to check Python code against some of the docstring style conventions in PEP 257
[10.026s] -- Added test 'uncrustify' to check C / C++ code style
[10.026s] -- Configured uncrustify additional arguments: 
[10.034s] -- Added test 'xmllint' to check XML markup files
[10.038s] -- Configuring done
[10.090s] -- Generating done
[10.097s] -- Build files have been written to: /home/yahboom/yahboomcar_ws/build/slam_gmapping
[10.180s] Invoked command in '/home/yahboom/yahboomcar_ws/build/slam_gmapping' returned '0': CMAKE_PREFIX_PATH=/home/yahboom/yahboomcar_ws/install/openslam_gmapping:/home/yahboom/yahboomcar_ws/install/ydlidar_ros2_driver:/home/yahboom/yahboomcar_ws/install/slam_gmapping:/opt/ros/humble: /usr/bin/cmake /home/yahboom/yahboomcar_ws/src/slam_gmapping -DCMAKE_INSTALL_PREFIX=/home/yahboom/yahboomcar_ws/install/slam_gmapping
[10.183s] Invoking command in '/home/yahboom/yahboomcar_ws/build/slam_gmapping': CMAKE_PREFIX_PATH=/home/yahboom/yahboomcar_ws/install/openslam_gmapping:/home/yahboom/yahboomcar_ws/install/ydlidar_ros2_driver:/home/yahboom/yahboomcar_ws/install/slam_gmapping:/opt/ros/humble: /usr/bin/cmake --build /home/yahboom/yahboomcar_ws/build/slam_gmapping -- -j4 -l4
[10.505s] [ 50%] [32mBuilding CXX object CMakeFiles/slam_gmapping.dir/src/slam_gmapping.cpp.o[0m
[11.997s] In file included from [01m[K/home/yahboom/yahboomcar_ws/src/slam_gmapping/include/slam_gmapping/slam_gmapping.h:38[m[K,
[11.998s]                  from [01m[K/home/yahboom/yahboomcar_ws/src/slam_gmapping/src/slam_gmapping.cpp:24[m[K:
[11.999s] [01m[K/opt/ros/humble/include/tf2_geometry_msgs/tf2_geometry_msgs/tf2_geometry_msgs.h:35:2:[m[K [01;35m[Kwarning: [m[K#warning This header is obsolete, please include tf2_geometry_msgs/tf2_geometry_msgs.hpp instead [[01;35m[K]8;;https://gcc.gnu.org/onlinedocs/gcc/Warning-Options.html#index-Wcpp-Wcpp]8;;[m[K]
[11.999s]    35 | #[01;35m[Kwarning[m[K This header is obsolete, please include tf2_geometry_msgs/tf2_geometry_msgs.hpp instead
[12.000s]       |  [01;35m[K^~~~~~~[m[K
[27.271s] In file included from [01m[K/home/yahboom/yahboomcar_ws/install/openslam_gmapping/include/gmapping/gridfastslam/gridslamprocessor.h:9[m[K,
[27.272s]                  from [01m[K/home/yahboom/yahboomcar_ws/src/slam_gmapping/include/slam_gmapping/slam_gmapping.h:45[m[K,
[27.273s]                  from [01m[K/home/yahboom/yahboomcar_ws/src/slam_gmapping/src/slam_gmapping.cpp:24[m[K:
[27.274s] [01m[K/home/yahboom/yahboomcar_ws/install/openslam_gmapping/include/gmapping/particlefilter/particlefilter.h:[m[K In function ‘[01m[Kvoid rle(OutputIterator&, const Iterator&, const Iterator&)[m[K’:
[27.276s] [01m[K/home/yahboom/yahboomcar_ws/install/openslam_gmapping/include/gmapping/particlefilter/particlefilter.h:140:9:[m[K [01;35m[Kwarning: [m[Kthis ‘[01m[Kif[m[K’ clause does not guard... [[01;35m[K]8;;https://gcc.gnu.org/onlinedocs/gcc/Warning-Options.html#index-Wmisleading-indentation-Wmisleading-indentation]8;;[m[K]
[27.277s]   140 |         [01;35m[Kif[m[K (count>0)
[27.278s]       |         [01;35m[K^~[m[K
[27.278s] [01m[K/home/yahboom/yahboomcar_ws/install/openslam_gmapping/include/gmapping/particlefilter/particlefilter.h:142:17:[m[K [01;36m[Knote: [m[K...this statement, but the latter is misleadingly indented as if it were guarded by the ‘[01m[Kif[m[K’
[27.279s]   142 |                 [01;36m[Kout[m[K++;
[27.280s]       |                 [01;36m[K^~~[m[K
[56.140s] [100%] [32m[1mLinking CXX executable slam_gmapping[0m
[57.897s] [100%] Built target slam_gmapping
[57.934s] Invoked command in '/home/yahboom/yahboomcar_ws/build/slam_gmapping' returned '0': CMAKE_PREFIX_PATH=/home/yahboom/yahboomcar_ws/install/openslam_gmapping:/home/yahboom/yahboomcar_ws/install/ydlidar_ros2_driver:/home/yahboom/yahboomcar_ws/install/slam_gmapping:/opt/ros/humble: /usr/bin/cmake --build /home/yahboom/yahboomcar_ws/build/slam_gmapping -- -j4 -l4
[58.103s] Invoking command in '/home/yahboom/yahboomcar_ws/build/slam_gmapping': CMAKE_PREFIX_PATH=/home/yahboom/yahboomcar_ws/install/openslam_gmapping:/home/yahboom/yahboomcar_ws/install/ydlidar_ros2_driver:/home/yahboom/yahboomcar_ws/install/slam_gmapping:/opt/ros/humble: /usr/bin/cmake --install /home/yahboom/yahboomcar_ws/build/slam_gmapping
[58.142s] -- Install configuration: ""
[58.143s] -- Installing: /home/yahboom/yahboomcar_ws/install/slam_gmapping/lib/slam_gmapping/slam_gmapping
[58.157s] -- Set runtime path of "/home/yahboom/yahboomcar_ws/install/slam_gmapping/lib/slam_gmapping/slam_gmapping" to ""
[58.158s] -- Installing: /home/yahboom/yahboomcar_ws/install/slam_gmapping/share/slam_gmapping/launch
[58.158s] -- Installing: /home/yahboom/yahboomcar_ws/install/slam_gmapping/share/slam_gmapping/launch/slam_gmapping.launch.py
[58.158s] -- Up-to-date: /home/yahboom/yahboomcar_ws/install/slam_gmapping/share/slam_gmapping/launch
[58.159s] -- Up-to-date: /home/yahboom/yahboomcar_ws/install/slam_gmapping/share/slam_gmapping/launch/slam_gmapping.launch.py
[58.159s] -- Installing: /home/yahboom/yahboomcar_ws/install/slam_gmapping/share/slam_gmapping/params
[58.159s] -- Installing: /home/yahboom/yahboomcar_ws/install/slam_gmapping/share/slam_gmapping/params/slam_gmapping.yaml
[58.159s] -- Installing: /home/yahboom/yahboomcar_ws/install/slam_gmapping/share/ament_index/resource_index/package_run_dependencies/slam_gmapping
[58.159s] -- Installing: /home/yahboom/yahboomcar_ws/install/slam_gmapping/share/ament_index/resource_index/parent_prefix_path/slam_gmapping
[58.160s] -- Installing: /home/yahboom/yahboomcar_ws/install/slam_gmapping/share/slam_gmapping/environment/ament_prefix_path.sh
[58.160s] -- Installing: /home/yahboom/yahboomcar_ws/install/slam_gmapping/share/slam_gmapping/environment/ament_prefix_path.dsv
[58.161s] -- Installing: /home/yahboom/yahboomcar_ws/install/slam_gmapping/share/slam_gmapping/environment/path.sh
[58.161s] -- Installing: /home/yahboom/yahboomcar_ws/install/slam_gmapping/share/slam_gmapping/environment/path.dsv
[58.163s] -- Installing: /home/yahboom/yahboomcar_ws/install/slam_gmapping/share/slam_gmapping/local_setup.bash
[58.167s] -- Installing: /home/yahboom/yahboomcar_ws/install/slam_gmapping/share/slam_gmapping/local_setup.sh
[58.168s] -- Installing: /home/yahboom/yahboomcar_ws/install/slam_gmapping/share/slam_gmapping/local_setup.zsh
[58.169s] -- Installing: /home/yahboom/yahboomcar_ws/install/slam_gmapping/share/slam_gmapping/local_setup.dsv
[58.169s] -- Installing: /home/yahboom/yahboomcar_ws/install/slam_gmapping/share/slam_gmapping/package.dsv
[58.169s] -- Installing: /home/yahboom/yahboomcar_ws/install/slam_gmapping/share/ament_index/resource_index/packages/slam_gmapping
[58.170s] -- Installing: /home/yahboom/yahboomcar_ws/install/slam_gmapping/share/slam_gmapping/cmake/slam_gmappingConfig.cmake
[58.170s] -- Installing: /home/yahboom/yahboomcar_ws/install/slam_gmapping/share/slam_gmapping/cmake/slam_gmappingConfig-version.cmake
[58.171s] -- Installing: /home/yahboom/yahboomcar_ws/install/slam_gmapping/share/slam_gmapping/package.xml
[58.174s] Invoked command in '/home/yahboom/yahboomcar_ws/build/slam_gmapping' returned '0': CMAKE_PREFIX_PATH=/home/yahboom/yahboomcar_ws/install/openslam_gmapping:/home/yahboom/yahboomcar_ws/install/ydlidar_ros2_driver:/home/yahboom/yahboomcar_ws/install/slam_gmapping:/opt/ros/humble: /usr/bin/cmake --install /home/yahboom/yahboomcar_ws/build/slam_gmapping
