[0.057s] Invoking command in '/home/yahboom/yahboomcar_ws/build/openslam_gmapping': CMAKE_PREFIX_PATH=${CMAKE_PREFIX_PATH}:/opt/ros/humble: /usr/bin/cmake --build /home/yahboom/yahboomcar_ws/build/openslam_gmapping -- -j4 -l4
[0.213s] [ 13%] Built target utils
[0.213s] [ 27%] Built target sensor_base
[0.279s] [ 40%] Built target sensor_odometry
[0.283s] [ 54%] Built target sensor_range
[0.358s] [ 77%] Built target scanmatcher
[0.435s] [100%] Built target gridfastslam
[0.489s] Invoked command in '/home/yahboom/yahboomcar_ws/build/openslam_gmapping' returned '0': CMAKE_PREFIX_PATH=${CMAKE_PREFIX_PATH}:/opt/ros/humble: /usr/bin/cmake --build /home/yahboom/yahboomcar_ws/build/openslam_gmapping -- -j4 -l4
[0.652s] Invoking command in '/home/yahboom/yahboomcar_ws/build/openslam_gmapping': CMAKE_PREFIX_PATH=${CMAKE_PREFIX_PATH}:/opt/ros/humble: /usr/bin/cmake --install /home/yahboom/yahboomcar_ws/build/openslam_gmapping
[0.687s] -- Install configuration: ""
[0.687s] -- Up-to-date: /home/yahboom/yahboomcar_ws/install/openslam_gmapping/share/openslam_gmapping/environment/library_path.sh
[0.687s] -- Up-to-date: /home/yahboom/yahboomcar_ws/install/openslam_gmapping/share/openslam_gmapping/environment/library_path.dsv
[0.688s] -- Up-to-date: /home/yahboom/yahboomcar_ws/install/openslam_gmapping/include/
[0.688s] -- Up-to-date: /home/yahboom/yahboomcar_ws/install/openslam_gmapping/include//gmapping
[0.688s] -- Up-to-date: /home/yahboom/yahboomcar_ws/install/openslam_gmapping/include//gmapping/grid
[0.689s] -- Up-to-date: /home/yahboom/yahboomcar_ws/install/openslam_gmapping/include//gmapping/grid/accessstate.h
[0.689s] -- Up-to-date: /home/yahboom/yahboomcar_ws/install/openslam_gmapping/include//gmapping/grid/harray2d.h
[0.696s] -- Up-to-date: /home/yahboom/yahboomcar_ws/install/openslam_gmapping/include//gmapping/grid/array2d.h
[0.696s] -- Up-to-date: /home/yahboom/yahboomcar_ws/install/openslam_gmapping/include//gmapping/grid/map.h
[0.699s] -- Up-to-date: /home/yahboom/yahboomcar_ws/install/openslam_gmapping/include//gmapping/particlefilter
[0.700s] -- Up-to-date: /home/yahboom/yahboomcar_ws/install/openslam_gmapping/include//gmapping/particlefilter/particlefilter.h
[0.703s] -- Up-to-date: /home/yahboom/yahboomcar_ws/install/openslam_gmapping/include//gmapping/sensor
[0.703s] -- Up-to-date: /home/yahboom/yahboomcar_ws/install/openslam_gmapping/include//gmapping/sensor/sensor_odometry
[0.703s] -- Up-to-date: /home/yahboom/yahboomcar_ws/install/openslam_gmapping/include//gmapping/sensor/sensor_odometry/odometrysensor.h
[0.706s] -- Up-to-date: /home/yahboom/yahboomcar_ws/install/openslam_gmapping/include//gmapping/sensor/sensor_odometry/odometryreading.h
[0.707s] -- Up-to-date: /home/yahboom/yahboomcar_ws/install/openslam_gmapping/include//gmapping/sensor/sensor_base
[0.709s] -- Up-to-date: /home/yahboom/yahboomcar_ws/install/openslam_gmapping/include//gmapping/sensor/sensor_base/sensor.h
[0.710s] -- Up-to-date: /home/yahboom/yahboomcar_ws/install/openslam_gmapping/include//gmapping/sensor/sensor_base/sensorreading.h
[0.710s] -- Up-to-date: /home/yahboom/yahboomcar_ws/install/openslam_gmapping/include//gmapping/sensor/sensor_range
[0.712s] -- Up-to-date: /home/yahboom/yahboomcar_ws/install/openslam_gmapping/include//gmapping/sensor/sensor_range/rangereading.h
[0.715s] -- Up-to-date: /home/yahboom/yahboomcar_ws/install/openslam_gmapping/include//gmapping/sensor/sensor_range/rangesensor.h
[0.718s] -- Up-to-date: /home/yahboom/yahboomcar_ws/install/openslam_gmapping/include//gmapping/gridfastslam
[0.719s] -- Up-to-date: /home/yahboom/yahboomcar_ws/install/openslam_gmapping/include//gmapping/gridfastslam/motionmodel.h
[0.720s] -- Up-to-date: /home/yahboom/yahboomcar_ws/install/openslam_gmapping/include//gmapping/gridfastslam/gridslamprocessor.h
[0.721s] -- Up-to-date: /home/yahboom/yahboomcar_ws/install/openslam_gmapping/include//gmapping/gridfastslam/gridslamprocessor.hxx
[0.722s] -- Up-to-date: /home/yahboom/yahboomcar_ws/install/openslam_gmapping/include//gmapping/log
[0.723s] -- Up-to-date: /home/yahboom/yahboomcar_ws/install/openslam_gmapping/include//gmapping/log/sensorlog.h
[0.724s] -- Up-to-date: /home/yahboom/yahboomcar_ws/install/openslam_gmapping/include//gmapping/log/configuration.h
[0.727s] -- Up-to-date: /home/yahboom/yahboomcar_ws/install/openslam_gmapping/include//gmapping/scanmatcher
[0.733s] -- Up-to-date: /home/yahboom/yahboomcar_ws/install/openslam_gmapping/include//gmapping/scanmatcher/smmap.h
[0.734s] -- Up-to-date: /home/yahboom/yahboomcar_ws/install/openslam_gmapping/include//gmapping/scanmatcher/scanmatcher.h
[0.736s] -- Up-to-date: /home/yahboom/yahboomcar_ws/install/openslam_gmapping/include//gmapping/scanmatcher/icp.h
[0.736s] -- Up-to-date: /home/yahboom/yahboomcar_ws/install/openslam_gmapping/include//gmapping/utils
[0.737s] -- Up-to-date: /home/yahboom/yahboomcar_ws/install/openslam_gmapping/include//gmapping/utils/point.h
[0.740s] -- Up-to-date: /home/yahboom/yahboomcar_ws/install/openslam_gmapping/include//gmapping/utils/commandline.h
[0.743s] -- Up-to-date: /home/yahboom/yahboomcar_ws/install/openslam_gmapping/include//gmapping/utils/gvalues.h
[0.747s] -- Up-to-date: /home/yahboom/yahboomcar_ws/install/openslam_gmapping/include//gmapping/utils/macro_params.h
[0.749s] -- Up-to-date: /home/yahboom/yahboomcar_ws/install/openslam_gmapping/include//gmapping/utils/autoptr.h
[0.750s] -- Up-to-date: /home/yahboom/yahboomcar_ws/install/openslam_gmapping/include//gmapping/utils/stat.h
[0.752s] -- Up-to-date: /home/yahboom/yahboomcar_ws/install/openslam_gmapping/share/ament_index/resource_index/package_run_dependencies/openslam_gmapping
[0.753s] -- Up-to-date: /home/yahboom/yahboomcar_ws/install/openslam_gmapping/share/ament_index/resource_index/parent_prefix_path/openslam_gmapping
[0.753s] -- Up-to-date: /home/yahboom/yahboomcar_ws/install/openslam_gmapping/share/openslam_gmapping/environment/ament_prefix_path.sh
[0.754s] -- Up-to-date: /home/yahboom/yahboomcar_ws/install/openslam_gmapping/share/openslam_gmapping/environment/ament_prefix_path.dsv
[0.755s] -- Up-to-date: /home/yahboom/yahboomcar_ws/install/openslam_gmapping/share/openslam_gmapping/environment/path.sh
[0.755s] -- Up-to-date: /home/yahboom/yahboomcar_ws/install/openslam_gmapping/share/openslam_gmapping/environment/path.dsv
[0.756s] -- Up-to-date: /home/yahboom/yahboomcar_ws/install/openslam_gmapping/share/openslam_gmapping/local_setup.bash
[0.757s] -- Up-to-date: /home/yahboom/yahboomcar_ws/install/openslam_gmapping/share/openslam_gmapping/local_setup.sh
[0.757s] -- Up-to-date: /home/yahboom/yahboomcar_ws/install/openslam_gmapping/share/openslam_gmapping/local_setup.zsh
[0.758s] -- Up-to-date: /home/yahboom/yahboomcar_ws/install/openslam_gmapping/share/openslam_gmapping/local_setup.dsv
[0.759s] -- Installing: /home/yahboom/yahboomcar_ws/install/openslam_gmapping/share/openslam_gmapping/package.dsv
[0.760s] -- Up-to-date: /home/yahboom/yahboomcar_ws/install/openslam_gmapping/share/ament_index/resource_index/packages/openslam_gmapping
[0.762s] -- Up-to-date: /home/yahboom/yahboomcar_ws/install/openslam_gmapping/share/openslam_gmapping/cmake/ament_cmake_export_libraries-extras.cmake
[0.763s] -- Up-to-date: /home/yahboom/yahboomcar_ws/install/openslam_gmapping/share/openslam_gmapping/cmake/ament_cmake_export_include_directories-extras.cmake
[0.764s] -- Up-to-date: /home/yahboom/yahboomcar_ws/install/openslam_gmapping/share/openslam_gmapping/cmake/openslam_gmappingConfig.cmake
[0.766s] -- Up-to-date: /home/yahboom/yahboomcar_ws/install/openslam_gmapping/share/openslam_gmapping/cmake/openslam_gmappingConfig-version.cmake
[0.768s] -- Up-to-date: /home/yahboom/yahboomcar_ws/install/openslam_gmapping/share/openslam_gmapping/package.xml
[0.769s] -- Up-to-date: /home/yahboom/yahboomcar_ws/install/openslam_gmapping/lib/libgridfastslam.a
[0.769s] -- Up-to-date: /home/yahboom/yahboomcar_ws/install/openslam_gmapping/lib/libscanmatcher.a
[0.771s] -- Up-to-date: /home/yahboom/yahboomcar_ws/install/openslam_gmapping/share/openslam_gmapping/environment/library_path.sh
[0.773s] -- Up-to-date: /home/yahboom/yahboomcar_ws/install/openslam_gmapping/share/openslam_gmapping/environment/library_path.dsv
[0.775s] -- Up-to-date: /home/yahboom/yahboomcar_ws/install/openslam_gmapping/lib/libsensor_base.a
[0.776s] -- Up-to-date: /home/yahboom/yahboomcar_ws/install/openslam_gmapping/share/openslam_gmapping/environment/library_path.sh
[0.778s] -- Up-to-date: /home/yahboom/yahboomcar_ws/install/openslam_gmapping/share/openslam_gmapping/environment/library_path.dsv
[0.779s] -- Up-to-date: /home/yahboom/yahboomcar_ws/install/openslam_gmapping/lib/libsensor_odometry.a
[0.780s] -- Up-to-date: /home/yahboom/yahboomcar_ws/install/openslam_gmapping/lib/libsensor_range.a
[0.783s] -- Up-to-date: /home/yahboom/yahboomcar_ws/install/openslam_gmapping/lib/libutils.a
[0.785s] -- Up-to-date: /home/yahboom/yahboomcar_ws/install/openslam_gmapping/share/openslam_gmapping/environment/library_path.sh
[0.788s] -- Up-to-date: /home/yahboom/yahboomcar_ws/install/openslam_gmapping/share/openslam_gmapping/environment/library_path.dsv
[0.796s] Invoked command in '/home/yahboom/yahboomcar_ws/build/openslam_gmapping' returned '0': CMAKE_PREFIX_PATH=${CMAKE_PREFIX_PATH}:/opt/ros/humble: /usr/bin/cmake --install /home/yahboom/yahboomcar_ws/build/openslam_gmapping
