[0.154s] DEBUG:colcon:Command line arguments: ['/usr/bin/colcon', 'build']
[0.154s] DEBUG:colcon:Parsed command line arguments: Namespace(log_base=None, log_level=None, verb_name='build', build_base='build', install_base='install', merge_install=False, symlink_install=False, test_result_base=None, continue_on_error=False, executor='parallel', parallel_workers=4, event_handlers=None, ignore_user_meta=False, metas=['./colcon.meta'], base_paths=['.'], packages_ignore=None, packages_ignore_regex=None, paths=None, packages_up_to=None, packages_up_to_regex=None, packages_above=None, packages_above_and_dependencies=None, packages_above_depth=None, packages_select_by_dep=None, packages_skip_by_dep=None, packages_skip_up_to=None, packages_select_build_failed=False, packages_skip_build_finished=False, packages_select_test_failures=False, packages_skip_test_passed=False, packages_select=None, packages_skip=None, packages_select_regex=None, packages_skip_regex=None, packages_start=None, packages_end=None, allow_overriding=[], cmake_args=None, cmake_target=None, cmake_target_skip_unavailable=False, cmake_clean_cache=False, cmake_clean_first=False, cmake_force_configure=False, ament_cmake_args=None, catkin_cmake_args=None, catkin_skip_building_tests=False, verb_parser=<colcon_defaults.argument_parser.defaults.DefaultArgumentsDecorator object at 0x7334b84241f0>, verb_extension=<colcon_core.verb.build.BuildVerb object at 0x7334b85b0640>, main=<bound method BuildVerb.main of <colcon_core.verb.build.BuildVerb object at 0x7334b85b0640>>)
[0.390s] Level 1:colcon.colcon_core.package_discovery:discover_packages(colcon_meta) check parameters
[0.390s] Level 1:colcon.colcon_core.package_discovery:discover_packages(recursive) check parameters
[0.390s] Level 1:colcon.colcon_core.package_discovery:discover_packages(ignore) check parameters
[0.390s] Level 1:colcon.colcon_core.package_discovery:discover_packages(path) check parameters
[0.390s] Level 1:colcon.colcon_core.package_discovery:discover_packages(colcon_meta) discover
[0.390s] Level 1:colcon.colcon_core.package_discovery:discover_packages(recursive) discover
[0.390s] INFO:colcon.colcon_core.package_discovery:Crawling recursively for packages in '/home/yahboom/yahboomcar_ws'
[0.390s] Level 1:colcon.colcon_core.package_identification:_identify(.) by extensions ['ignore', 'ignore_ament_install']
[0.391s] Level 1:colcon.colcon_core.package_identification:_identify(.) by extension 'ignore'
[0.391s] Level 1:colcon.colcon_core.package_identification:_identify(.) by extension 'ignore_ament_install'
[0.391s] Level 1:colcon.colcon_core.package_identification:_identify(.) by extensions ['colcon_pkg']
[0.391s] Level 1:colcon.colcon_core.package_identification:_identify(.) by extension 'colcon_pkg'
[0.391s] Level 1:colcon.colcon_core.package_identification:_identify(.) by extensions ['colcon_meta']
[0.391s] Level 1:colcon.colcon_core.package_identification:_identify(.) by extension 'colcon_meta'
[0.391s] Level 1:colcon.colcon_core.package_identification:_identify(.) by extensions ['ros']
[0.391s] Level 1:colcon.colcon_core.package_identification:_identify(.) by extension 'ros'
[0.413s] Level 1:colcon.colcon_core.package_identification:_identify(.) by extensions ['cmake', 'python']
[0.413s] Level 1:colcon.colcon_core.package_identification:_identify(.) by extension 'cmake'
[0.413s] Level 1:colcon.colcon_core.package_identification:_identify(.) by extension 'python'
[0.413s] Level 1:colcon.colcon_core.package_identification:_identify(.) by extensions ['python_setup_py']
[0.413s] Level 1:colcon.colcon_core.package_identification:_identify(.) by extension 'python_setup_py'
[0.414s] Level 1:colcon.colcon_core.package_identification:_identify(build) by extensions ['ignore', 'ignore_ament_install']
[0.414s] Level 1:colcon.colcon_core.package_identification:_identify(build) by extension 'ignore'
[0.414s] Level 1:colcon.colcon_core.package_identification:_identify(build) ignored
[0.414s] Level 1:colcon.colcon_core.package_identification:_identify(install) by extensions ['ignore', 'ignore_ament_install']
[0.414s] Level 1:colcon.colcon_core.package_identification:_identify(install) by extension 'ignore'
[0.414s] Level 1:colcon.colcon_core.package_identification:_identify(install) ignored
[0.414s] Level 1:colcon.colcon_core.package_identification:_identify(log) by extensions ['ignore', 'ignore_ament_install']
[0.414s] Level 1:colcon.colcon_core.package_identification:_identify(log) by extension 'ignore'
[0.414s] Level 1:colcon.colcon_core.package_identification:_identify(log) ignored
[0.414s] Level 1:colcon.colcon_core.package_identification:_identify(src) by extensions ['ignore', 'ignore_ament_install']
[0.414s] Level 1:colcon.colcon_core.package_identification:_identify(src) by extension 'ignore'
[0.414s] Level 1:colcon.colcon_core.package_identification:_identify(src) by extension 'ignore_ament_install'
[0.414s] Level 1:colcon.colcon_core.package_identification:_identify(src) by extensions ['colcon_pkg']
[0.414s] Level 1:colcon.colcon_core.package_identification:_identify(src) by extension 'colcon_pkg'
[0.414s] Level 1:colcon.colcon_core.package_identification:_identify(src) by extensions ['colcon_meta']
[0.414s] Level 1:colcon.colcon_core.package_identification:_identify(src) by extension 'colcon_meta'
[0.414s] Level 1:colcon.colcon_core.package_identification:_identify(src) by extensions ['ros']
[0.415s] Level 1:colcon.colcon_core.package_identification:_identify(src) by extension 'ros'
[0.415s] Level 1:colcon.colcon_core.package_identification:_identify(src) by extensions ['cmake', 'python']
[0.415s] Level 1:colcon.colcon_core.package_identification:_identify(src) by extension 'cmake'
[0.415s] Level 1:colcon.colcon_core.package_identification:_identify(src) by extension 'python'
[0.415s] Level 1:colcon.colcon_core.package_identification:_identify(src) by extensions ['python_setup_py']
[0.415s] Level 1:colcon.colcon_core.package_identification:_identify(src) by extension 'python_setup_py'
[0.415s] Level 1:colcon.colcon_core.package_identification:_identify(src/openslam_gmapping) by extensions ['ignore', 'ignore_ament_install']
[0.415s] Level 1:colcon.colcon_core.package_identification:_identify(src/openslam_gmapping) by extension 'ignore'
[0.415s] Level 1:colcon.colcon_core.package_identification:_identify(src/openslam_gmapping) by extension 'ignore_ament_install'
[0.415s] Level 1:colcon.colcon_core.package_identification:_identify(src/openslam_gmapping) by extensions ['colcon_pkg']
[0.415s] Level 1:colcon.colcon_core.package_identification:_identify(src/openslam_gmapping) by extension 'colcon_pkg'
[0.415s] Level 1:colcon.colcon_core.package_identification:_identify(src/openslam_gmapping) by extensions ['colcon_meta']
[0.415s] Level 1:colcon.colcon_core.package_identification:_identify(src/openslam_gmapping) by extension 'colcon_meta'
[0.415s] Level 1:colcon.colcon_core.package_identification:_identify(src/openslam_gmapping) by extensions ['ros']
[0.415s] Level 1:colcon.colcon_core.package_identification:_identify(src/openslam_gmapping) by extension 'ros'
[0.418s] DEBUG:colcon.colcon_core.package_identification:Package 'src/openslam_gmapping' with type 'ros.ament_cmake' and name 'openslam_gmapping'
[0.418s] Level 1:colcon.colcon_core.package_identification:_identify(src/slam_gmapping) by extensions ['ignore', 'ignore_ament_install']
[0.419s] Level 1:colcon.colcon_core.package_identification:_identify(src/slam_gmapping) by extension 'ignore'
[0.419s] Level 1:colcon.colcon_core.package_identification:_identify(src/slam_gmapping) by extension 'ignore_ament_install'
[0.419s] Level 1:colcon.colcon_core.package_identification:_identify(src/slam_gmapping) by extensions ['colcon_pkg']
[0.419s] Level 1:colcon.colcon_core.package_identification:_identify(src/slam_gmapping) by extension 'colcon_pkg'
[0.420s] Level 1:colcon.colcon_core.package_identification:_identify(src/slam_gmapping) by extensions ['colcon_meta']
[0.420s] Level 1:colcon.colcon_core.package_identification:_identify(src/slam_gmapping) by extension 'colcon_meta'
[0.420s] Level 1:colcon.colcon_core.package_identification:_identify(src/slam_gmapping) by extensions ['ros']
[0.420s] Level 1:colcon.colcon_core.package_identification:_identify(src/slam_gmapping) by extension 'ros'
[0.422s] DEBUG:colcon.colcon_core.package_identification:Package 'src/slam_gmapping' with type 'ros.ament_cmake' and name 'slam_gmapping'
[0.423s] Level 1:colcon.colcon_core.package_identification:_identify(src/ydlidar_ros2_driver-humble) by extensions ['ignore', 'ignore_ament_install']
[0.423s] Level 1:colcon.colcon_core.package_identification:_identify(src/ydlidar_ros2_driver-humble) by extension 'ignore'
[0.423s] Level 1:colcon.colcon_core.package_identification:_identify(src/ydlidar_ros2_driver-humble) by extension 'ignore_ament_install'
[0.423s] Level 1:colcon.colcon_core.package_identification:_identify(src/ydlidar_ros2_driver-humble) by extensions ['colcon_pkg']
[0.423s] Level 1:colcon.colcon_core.package_identification:_identify(src/ydlidar_ros2_driver-humble) by extension 'colcon_pkg'
[0.423s] Level 1:colcon.colcon_core.package_identification:_identify(src/ydlidar_ros2_driver-humble) by extensions ['colcon_meta']
[0.423s] Level 1:colcon.colcon_core.package_identification:_identify(src/ydlidar_ros2_driver-humble) by extension 'colcon_meta'
[0.423s] Level 1:colcon.colcon_core.package_identification:_identify(src/ydlidar_ros2_driver-humble) by extensions ['ros']
[0.423s] Level 1:colcon.colcon_core.package_identification:_identify(src/ydlidar_ros2_driver-humble) by extension 'ros'
[0.424s] DEBUG:colcon.colcon_core.package_identification:Package 'src/ydlidar_ros2_driver-humble' with type 'ros.ament_cmake' and name 'ydlidar_ros2_driver'
[0.424s] Level 1:colcon.colcon_core.package_discovery:discover_packages(recursive) using defaults
[0.424s] Level 1:colcon.colcon_core.package_discovery:discover_packages(ignore) discover
[0.424s] Level 1:colcon.colcon_core.package_discovery:discover_packages(ignore) using defaults
[0.424s] Level 1:colcon.colcon_core.package_discovery:discover_packages(path) discover
[0.424s] Level 1:colcon.colcon_core.package_discovery:discover_packages(path) using defaults
[0.455s] Level 1:colcon.colcon_core.package_discovery:discover_packages(prefix_path) check parameters
[0.455s] Level 1:colcon.colcon_core.package_discovery:discover_packages(prefix_path) discover
[0.457s] DEBUG:colcon.colcon_installed_package_information.package_discovery:Found 3 installed packages in /home/yahboom/yahboomcar_ws/install
[0.459s] DEBUG:colcon.colcon_installed_package_information.package_discovery:Found 270 installed packages in /opt/ros/humble
[0.488s] Level 1:colcon.colcon_core.package_discovery:discover_packages(prefix_path) using defaults
[0.541s] Level 5:colcon.colcon_core.verb:set package 'openslam_gmapping' build argument 'cmake_args' from command line to 'None'
[0.541s] Level 5:colcon.colcon_core.verb:set package 'openslam_gmapping' build argument 'cmake_target' from command line to 'None'
[0.541s] Level 5:colcon.colcon_core.verb:set package 'openslam_gmapping' build argument 'cmake_target_skip_unavailable' from command line to 'False'
[0.541s] Level 5:colcon.colcon_core.verb:set package 'openslam_gmapping' build argument 'cmake_clean_cache' from command line to 'False'
[0.541s] Level 5:colcon.colcon_core.verb:set package 'openslam_gmapping' build argument 'cmake_clean_first' from command line to 'False'
[0.541s] Level 5:colcon.colcon_core.verb:set package 'openslam_gmapping' build argument 'cmake_force_configure' from command line to 'False'
[0.541s] Level 5:colcon.colcon_core.verb:set package 'openslam_gmapping' build argument 'ament_cmake_args' from command line to 'None'
[0.541s] Level 5:colcon.colcon_core.verb:set package 'openslam_gmapping' build argument 'catkin_cmake_args' from command line to 'None'
[0.542s] Level 5:colcon.colcon_core.verb:set package 'openslam_gmapping' build argument 'catkin_skip_building_tests' from command line to 'False'
[0.542s] DEBUG:colcon.colcon_core.verb:Building package 'openslam_gmapping' with the following arguments: {'ament_cmake_args': None, 'build_base': '/home/yahboom/yahboomcar_ws/build/openslam_gmapping', 'catkin_cmake_args': None, 'catkin_skip_building_tests': False, 'cmake_args': None, 'cmake_clean_cache': False, 'cmake_clean_first': False, 'cmake_force_configure': False, 'cmake_target': None, 'cmake_target_skip_unavailable': False, 'install_base': '/home/yahboom/yahboomcar_ws/install/openslam_gmapping', 'merge_install': False, 'path': '/home/yahboom/yahboomcar_ws/src/openslam_gmapping', 'symlink_install': False, 'test_result_base': None}
[0.542s] Level 5:colcon.colcon_core.verb:set package 'ydlidar_ros2_driver' build argument 'cmake_args' from command line to 'None'
[0.542s] Level 5:colcon.colcon_core.verb:set package 'ydlidar_ros2_driver' build argument 'cmake_target' from command line to 'None'
[0.542s] Level 5:colcon.colcon_core.verb:set package 'ydlidar_ros2_driver' build argument 'cmake_target_skip_unavailable' from command line to 'False'
[0.542s] Level 5:colcon.colcon_core.verb:set package 'ydlidar_ros2_driver' build argument 'cmake_clean_cache' from command line to 'False'
[0.543s] Level 5:colcon.colcon_core.verb:set package 'ydlidar_ros2_driver' build argument 'cmake_clean_first' from command line to 'False'
[0.543s] Level 5:colcon.colcon_core.verb:set package 'ydlidar_ros2_driver' build argument 'cmake_force_configure' from command line to 'False'
[0.543s] Level 5:colcon.colcon_core.verb:set package 'ydlidar_ros2_driver' build argument 'ament_cmake_args' from command line to 'None'
[0.543s] Level 5:colcon.colcon_core.verb:set package 'ydlidar_ros2_driver' build argument 'catkin_cmake_args' from command line to 'None'
[0.543s] Level 5:colcon.colcon_core.verb:set package 'ydlidar_ros2_driver' build argument 'catkin_skip_building_tests' from command line to 'False'
[0.543s] DEBUG:colcon.colcon_core.verb:Building package 'ydlidar_ros2_driver' with the following arguments: {'ament_cmake_args': None, 'build_base': '/home/yahboom/yahboomcar_ws/build/ydlidar_ros2_driver', 'catkin_cmake_args': None, 'catkin_skip_building_tests': False, 'cmake_args': None, 'cmake_clean_cache': False, 'cmake_clean_first': False, 'cmake_force_configure': False, 'cmake_target': None, 'cmake_target_skip_unavailable': False, 'install_base': '/home/yahboom/yahboomcar_ws/install/ydlidar_ros2_driver', 'merge_install': False, 'path': '/home/yahboom/yahboomcar_ws/src/ydlidar_ros2_driver-humble', 'symlink_install': False, 'test_result_base': None}
[0.543s] Level 5:colcon.colcon_core.verb:set package 'slam_gmapping' build argument 'cmake_args' from command line to 'None'
[0.543s] Level 5:colcon.colcon_core.verb:set package 'slam_gmapping' build argument 'cmake_target' from command line to 'None'
[0.543s] Level 5:colcon.colcon_core.verb:set package 'slam_gmapping' build argument 'cmake_target_skip_unavailable' from command line to 'False'
[0.543s] Level 5:colcon.colcon_core.verb:set package 'slam_gmapping' build argument 'cmake_clean_cache' from command line to 'False'
[0.543s] Level 5:colcon.colcon_core.verb:set package 'slam_gmapping' build argument 'cmake_clean_first' from command line to 'False'
[0.543s] Level 5:colcon.colcon_core.verb:set package 'slam_gmapping' build argument 'cmake_force_configure' from command line to 'False'
[0.543s] Level 5:colcon.colcon_core.verb:set package 'slam_gmapping' build argument 'ament_cmake_args' from command line to 'None'
[0.543s] Level 5:colcon.colcon_core.verb:set package 'slam_gmapping' build argument 'catkin_cmake_args' from command line to 'None'
[0.543s] Level 5:colcon.colcon_core.verb:set package 'slam_gmapping' build argument 'catkin_skip_building_tests' from command line to 'False'
[0.543s] DEBUG:colcon.colcon_core.verb:Building package 'slam_gmapping' with the following arguments: {'ament_cmake_args': None, 'build_base': '/home/yahboom/yahboomcar_ws/build/slam_gmapping', 'catkin_cmake_args': None, 'catkin_skip_building_tests': False, 'cmake_args': None, 'cmake_clean_cache': False, 'cmake_clean_first': False, 'cmake_force_configure': False, 'cmake_target': None, 'cmake_target_skip_unavailable': False, 'install_base': '/home/yahboom/yahboomcar_ws/install/slam_gmapping', 'merge_install': False, 'path': '/home/yahboom/yahboomcar_ws/src/slam_gmapping', 'symlink_install': False, 'test_result_base': None}
[0.543s] INFO:colcon.colcon_core.executor:Executing jobs using 'parallel' executor
[0.545s] DEBUG:colcon.colcon_parallel_executor.executor.parallel:run_until_complete
[0.545s] INFO:colcon.colcon_ros.task.ament_cmake.build:Building ROS package in '/home/yahboom/yahboomcar_ws/src/openslam_gmapping' with build type 'ament_cmake'
[0.546s] INFO:colcon.colcon_cmake.task.cmake.build:Building CMake package in '/home/yahboom/yahboomcar_ws/src/openslam_gmapping'
[0.553s] INFO:colcon.colcon_core.plugin_system:Skipping extension 'colcon_core.shell.bat': Not used on non-Windows systems
[0.553s] INFO:colcon.colcon_core.shell:Skip shell extension 'powershell' for command environment: Not usable outside of PowerShell
[0.553s] DEBUG:colcon.colcon_core.shell:Skip shell extension 'dsv' for command environment
[0.558s] INFO:colcon.colcon_ros.task.ament_cmake.build:Building ROS package in '/home/yahboom/yahboomcar_ws/src/ydlidar_ros2_driver-humble' with build type 'ament_cmake'
[0.559s] INFO:colcon.colcon_cmake.task.cmake.build:Building CMake package in '/home/yahboom/yahboomcar_ws/src/ydlidar_ros2_driver-humble'
[0.559s] INFO:colcon.colcon_core.shell:Skip shell extension 'powershell' for command environment: Not usable outside of PowerShell
[0.559s] DEBUG:colcon.colcon_core.shell:Skip shell extension 'dsv' for command environment
[0.576s] DEBUG:colcon.colcon_core.event_handler.log_command:Invoking command in '/home/yahboom/yahboomcar_ws/build/openslam_gmapping': CMAKE_PREFIX_PATH=${CMAKE_PREFIX_PATH}:/opt/ros/humble /usr/bin/cmake --build /home/yahboom/yahboomcar_ws/build/openslam_gmapping -- -j4 -l4
[0.594s] DEBUG:colcon.colcon_core.event_handler.log_command:Invoking command in '/home/yahboom/yahboomcar_ws/build/ydlidar_ros2_driver': CMAKE_PREFIX_PATH=${CMAKE_PREFIX_PATH}:/opt/ros/humble /usr/bin/cmake --build /home/yahboom/yahboomcar_ws/build/ydlidar_ros2_driver -- -j4 -l4
[0.800s] DEBUG:colcon.colcon_core.event_handler.log_command:Invoked command in '/home/yahboom/yahboomcar_ws/build/ydlidar_ros2_driver' returned '0': CMAKE_PREFIX_PATH=${CMAKE_PREFIX_PATH}:/opt/ros/humble /usr/bin/cmake --build /home/yahboom/yahboomcar_ws/build/ydlidar_ros2_driver -- -j4 -l4
[0.939s] DEBUG:colcon.colcon_core.event_handler.log_command:Invoking command in '/home/yahboom/yahboomcar_ws/build/ydlidar_ros2_driver': CMAKE_PREFIX_PATH=${CMAKE_PREFIX_PATH}:/opt/ros/humble /usr/bin/cmake --install /home/yahboom/yahboomcar_ws/build/ydlidar_ros2_driver
[0.975s] Level 1:colcon.colcon_core.environment:create_environment_scripts_only(ydlidar_ros2_driver)
[0.976s] DEBUG:colcon.colcon_core.event_handler.log_command:Invoked command in '/home/yahboom/yahboomcar_ws/build/ydlidar_ros2_driver' returned '0': CMAKE_PREFIX_PATH=${CMAKE_PREFIX_PATH}:/opt/ros/humble /usr/bin/cmake --install /home/yahboom/yahboomcar_ws/build/ydlidar_ros2_driver
[0.982s] Level 1:colcon.colcon_core.environment:checking '/home/yahboom/yahboomcar_ws/install/ydlidar_ros2_driver' for CMake module files
[0.984s] Level 1:colcon.colcon_core.environment:checking '/home/yahboom/yahboomcar_ws/install/ydlidar_ros2_driver' for CMake config files
[0.985s] Level 1:colcon.colcon_core.shell:create_environment_hook('ydlidar_ros2_driver', 'cmake_prefix_path')
[0.986s] INFO:colcon.colcon_core.shell:Creating environment hook '/home/yahboom/yahboomcar_ws/install/ydlidar_ros2_driver/share/ydlidar_ros2_driver/hook/cmake_prefix_path.ps1'
[0.991s] INFO:colcon.colcon_core.shell:Creating environment descriptor '/home/yahboom/yahboomcar_ws/install/ydlidar_ros2_driver/share/ydlidar_ros2_driver/hook/cmake_prefix_path.dsv'
[0.992s] INFO:colcon.colcon_core.shell:Creating environment hook '/home/yahboom/yahboomcar_ws/install/ydlidar_ros2_driver/share/ydlidar_ros2_driver/hook/cmake_prefix_path.sh'
[0.995s] Level 1:colcon.colcon_core.environment:checking '/home/yahboom/yahboomcar_ws/install/ydlidar_ros2_driver/lib'
[0.995s] Level 1:colcon.colcon_core.environment:checking '/home/yahboom/yahboomcar_ws/install/ydlidar_ros2_driver/bin'
[0.995s] Level 1:colcon.colcon_core.environment:checking '/home/yahboom/yahboomcar_ws/install/ydlidar_ros2_driver/lib/pkgconfig/ydlidar_ros2_driver.pc'
[0.996s] Level 1:colcon.colcon_core.environment:checking '/home/yahboom/yahboomcar_ws/install/ydlidar_ros2_driver/lib/python3.10/site-packages'
[0.996s] Level 1:colcon.colcon_core.environment:checking '/home/yahboom/yahboomcar_ws/install/ydlidar_ros2_driver/bin'
[0.996s] INFO:colcon.colcon_core.shell:Creating package script '/home/yahboom/yahboomcar_ws/install/ydlidar_ros2_driver/share/ydlidar_ros2_driver/package.ps1'
[0.998s] INFO:colcon.colcon_core.shell:Creating package descriptor '/home/yahboom/yahboomcar_ws/install/ydlidar_ros2_driver/share/ydlidar_ros2_driver/package.dsv'
[1.001s] INFO:colcon.colcon_core.shell:Creating package script '/home/yahboom/yahboomcar_ws/install/ydlidar_ros2_driver/share/ydlidar_ros2_driver/package.sh'
[1.006s] INFO:colcon.colcon_core.shell:Creating package script '/home/yahboom/yahboomcar_ws/install/ydlidar_ros2_driver/share/ydlidar_ros2_driver/package.bash'
[1.010s] INFO:colcon.colcon_core.shell:Creating package script '/home/yahboom/yahboomcar_ws/install/ydlidar_ros2_driver/share/ydlidar_ros2_driver/package.zsh'
[1.011s] Level 1:colcon.colcon_core.environment:create_file_with_runtime_dependencies(/home/yahboom/yahboomcar_ws/install/ydlidar_ros2_driver/share/colcon-core/packages/ydlidar_ros2_driver)
[1.018s] DEBUG:colcon.colcon_core.event_handler.log_command:Invoked command in '/home/yahboom/yahboomcar_ws/build/openslam_gmapping' returned '0': CMAKE_PREFIX_PATH=${CMAKE_PREFIX_PATH}:/opt/ros/humble /usr/bin/cmake --build /home/yahboom/yahboomcar_ws/build/openslam_gmapping -- -j4 -l4
[1.127s] DEBUG:colcon.colcon_core.event_handler.log_command:Invoking command in '/home/yahboom/yahboomcar_ws/build/openslam_gmapping': CMAKE_PREFIX_PATH=${CMAKE_PREFIX_PATH}:/opt/ros/humble /usr/bin/cmake --install /home/yahboom/yahboomcar_ws/build/openslam_gmapping
[1.129s] Level 1:colcon.colcon_core.environment:create_environment_scripts_only(ydlidar_ros2_driver)
[1.130s] Level 1:colcon.colcon_core.environment:checking '/home/yahboom/yahboomcar_ws/install/ydlidar_ros2_driver' for CMake module files
[1.132s] Level 1:colcon.colcon_core.environment:checking '/home/yahboom/yahboomcar_ws/install/ydlidar_ros2_driver' for CMake config files
[1.133s] Level 1:colcon.colcon_core.shell:create_environment_hook('ydlidar_ros2_driver', 'cmake_prefix_path')
[1.134s] INFO:colcon.colcon_core.shell:Creating environment hook '/home/yahboom/yahboomcar_ws/install/ydlidar_ros2_driver/share/ydlidar_ros2_driver/hook/cmake_prefix_path.ps1'
[1.135s] INFO:colcon.colcon_core.shell:Creating environment descriptor '/home/yahboom/yahboomcar_ws/install/ydlidar_ros2_driver/share/ydlidar_ros2_driver/hook/cmake_prefix_path.dsv'
[1.137s] INFO:colcon.colcon_core.shell:Creating environment hook '/home/yahboom/yahboomcar_ws/install/ydlidar_ros2_driver/share/ydlidar_ros2_driver/hook/cmake_prefix_path.sh'
[1.140s] Level 1:colcon.colcon_core.environment:checking '/home/yahboom/yahboomcar_ws/install/ydlidar_ros2_driver/lib'
[1.140s] Level 1:colcon.colcon_core.environment:checking '/home/yahboom/yahboomcar_ws/install/ydlidar_ros2_driver/bin'
[1.140s] Level 1:colcon.colcon_core.environment:checking '/home/yahboom/yahboomcar_ws/install/ydlidar_ros2_driver/lib/pkgconfig/ydlidar_ros2_driver.pc'
[1.141s] Level 1:colcon.colcon_core.environment:checking '/home/yahboom/yahboomcar_ws/install/ydlidar_ros2_driver/lib/python3.10/site-packages'
[1.141s] Level 1:colcon.colcon_core.environment:checking '/home/yahboom/yahboomcar_ws/install/ydlidar_ros2_driver/bin'
[1.141s] INFO:colcon.colcon_core.shell:Creating package script '/home/yahboom/yahboomcar_ws/install/ydlidar_ros2_driver/share/ydlidar_ros2_driver/package.ps1'
[1.142s] INFO:colcon.colcon_core.shell:Creating package descriptor '/home/yahboom/yahboomcar_ws/install/ydlidar_ros2_driver/share/ydlidar_ros2_driver/package.dsv'
[1.143s] INFO:colcon.colcon_core.shell:Creating package script '/home/yahboom/yahboomcar_ws/install/ydlidar_ros2_driver/share/ydlidar_ros2_driver/package.sh'
[1.144s] INFO:colcon.colcon_core.shell:Creating package script '/home/yahboom/yahboomcar_ws/install/ydlidar_ros2_driver/share/ydlidar_ros2_driver/package.bash'
[1.158s] INFO:colcon.colcon_core.shell:Creating package script '/home/yahboom/yahboomcar_ws/install/ydlidar_ros2_driver/share/ydlidar_ros2_driver/package.zsh'
[1.169s] Level 1:colcon.colcon_core.environment:create_file_with_runtime_dependencies(/home/yahboom/yahboomcar_ws/install/ydlidar_ros2_driver/share/colcon-core/packages/ydlidar_ros2_driver)
[1.176s] Level 1:colcon.colcon_core.environment:create_environment_scripts_only(openslam_gmapping)
[1.177s] Level 1:colcon.colcon_core.environment:checking '/home/yahboom/yahboomcar_ws/install/openslam_gmapping' for CMake module files
[1.179s] DEBUG:colcon.colcon_core.event_handler.log_command:Invoked command in '/home/yahboom/yahboomcar_ws/build/openslam_gmapping' returned '0': CMAKE_PREFIX_PATH=${CMAKE_PREFIX_PATH}:/opt/ros/humble /usr/bin/cmake --install /home/yahboom/yahboomcar_ws/build/openslam_gmapping
[1.180s] Level 1:colcon.colcon_core.environment:checking '/home/yahboom/yahboomcar_ws/install/openslam_gmapping' for CMake config files
[1.181s] Level 1:colcon.colcon_core.shell:create_environment_hook('openslam_gmapping', 'cmake_prefix_path')
[1.182s] INFO:colcon.colcon_core.shell:Creating environment hook '/home/yahboom/yahboomcar_ws/install/openslam_gmapping/share/openslam_gmapping/hook/cmake_prefix_path.ps1'
[1.183s] INFO:colcon.colcon_core.shell:Creating environment descriptor '/home/yahboom/yahboomcar_ws/install/openslam_gmapping/share/openslam_gmapping/hook/cmake_prefix_path.dsv'
[1.185s] INFO:colcon.colcon_core.shell:Creating environment hook '/home/yahboom/yahboomcar_ws/install/openslam_gmapping/share/openslam_gmapping/hook/cmake_prefix_path.sh'
[1.189s] Level 1:colcon.colcon_core.environment:checking '/home/yahboom/yahboomcar_ws/install/openslam_gmapping/lib'
[1.189s] Level 1:colcon.colcon_core.environment:checking '/home/yahboom/yahboomcar_ws/install/openslam_gmapping/bin'
[1.189s] Level 1:colcon.colcon_core.environment:checking '/home/yahboom/yahboomcar_ws/install/openslam_gmapping/lib/pkgconfig/openslam_gmapping.pc'
[1.190s] Level 1:colcon.colcon_core.environment:checking '/home/yahboom/yahboomcar_ws/install/openslam_gmapping/lib/python3.10/site-packages'
[1.190s] Level 1:colcon.colcon_core.environment:checking '/home/yahboom/yahboomcar_ws/install/openslam_gmapping/bin'
[1.191s] INFO:colcon.colcon_core.shell:Creating package script '/home/yahboom/yahboomcar_ws/install/openslam_gmapping/share/openslam_gmapping/package.ps1'
[1.191s] INFO:colcon.colcon_core.shell:Creating package descriptor '/home/yahboom/yahboomcar_ws/install/openslam_gmapping/share/openslam_gmapping/package.dsv'
[1.192s] INFO:colcon.colcon_core.shell:Creating package script '/home/yahboom/yahboomcar_ws/install/openslam_gmapping/share/openslam_gmapping/package.sh'
[1.193s] INFO:colcon.colcon_core.shell:Creating package script '/home/yahboom/yahboomcar_ws/install/openslam_gmapping/share/openslam_gmapping/package.bash'
[1.193s] INFO:colcon.colcon_core.shell:Creating package script '/home/yahboom/yahboomcar_ws/install/openslam_gmapping/share/openslam_gmapping/package.zsh'
[1.194s] Level 1:colcon.colcon_core.environment:create_file_with_runtime_dependencies(/home/yahboom/yahboomcar_ws/install/openslam_gmapping/share/colcon-core/packages/openslam_gmapping)
[1.347s] Level 1:colcon.colcon_core.environment:create_environment_scripts_only(openslam_gmapping)
[1.348s] Level 1:colcon.colcon_core.environment:checking '/home/yahboom/yahboomcar_ws/install/openslam_gmapping' for CMake module files
[1.351s] Level 1:colcon.colcon_core.environment:checking '/home/yahboom/yahboomcar_ws/install/openslam_gmapping' for CMake config files
[1.355s] Level 1:colcon.colcon_core.shell:create_environment_hook('openslam_gmapping', 'cmake_prefix_path')
[1.356s] INFO:colcon.colcon_core.shell:Creating environment hook '/home/yahboom/yahboomcar_ws/install/openslam_gmapping/share/openslam_gmapping/hook/cmake_prefix_path.ps1'
[1.357s] INFO:colcon.colcon_core.shell:Creating environment descriptor '/home/yahboom/yahboomcar_ws/install/openslam_gmapping/share/openslam_gmapping/hook/cmake_prefix_path.dsv'
[1.359s] INFO:colcon.colcon_core.shell:Creating environment hook '/home/yahboom/yahboomcar_ws/install/openslam_gmapping/share/openslam_gmapping/hook/cmake_prefix_path.sh'
[1.364s] Level 1:colcon.colcon_core.environment:checking '/home/yahboom/yahboomcar_ws/install/openslam_gmapping/lib'
[1.365s] Level 1:colcon.colcon_core.environment:checking '/home/yahboom/yahboomcar_ws/install/openslam_gmapping/bin'
[1.365s] Level 1:colcon.colcon_core.environment:checking '/home/yahboom/yahboomcar_ws/install/openslam_gmapping/lib/pkgconfig/openslam_gmapping.pc'
[1.367s] Level 1:colcon.colcon_core.environment:checking '/home/yahboom/yahboomcar_ws/install/openslam_gmapping/lib/python3.10/site-packages'
[1.368s] Level 1:colcon.colcon_core.environment:checking '/home/yahboom/yahboomcar_ws/install/openslam_gmapping/bin'
[1.370s] INFO:colcon.colcon_core.shell:Creating package script '/home/yahboom/yahboomcar_ws/install/openslam_gmapping/share/openslam_gmapping/package.ps1'
[1.371s] INFO:colcon.colcon_core.shell:Creating package descriptor '/home/yahboom/yahboomcar_ws/install/openslam_gmapping/share/openslam_gmapping/package.dsv'
[1.372s] INFO:colcon.colcon_core.shell:Creating package script '/home/yahboom/yahboomcar_ws/install/openslam_gmapping/share/openslam_gmapping/package.sh'
[1.373s] INFO:colcon.colcon_core.shell:Creating package script '/home/yahboom/yahboomcar_ws/install/openslam_gmapping/share/openslam_gmapping/package.bash'
[1.374s] INFO:colcon.colcon_core.shell:Creating package script '/home/yahboom/yahboomcar_ws/install/openslam_gmapping/share/openslam_gmapping/package.zsh'
[1.375s] Level 1:colcon.colcon_core.environment:create_file_with_runtime_dependencies(/home/yahboom/yahboomcar_ws/install/openslam_gmapping/share/colcon-core/packages/openslam_gmapping)
[1.376s] INFO:colcon.colcon_ros.task.ament_cmake.build:Building ROS package in '/home/yahboom/yahboomcar_ws/src/slam_gmapping' with build type 'ament_cmake'
[1.378s] INFO:colcon.colcon_cmake.task.cmake.build:Building CMake package in '/home/yahboom/yahboomcar_ws/src/slam_gmapping'
[1.379s] INFO:colcon.colcon_core.shell:Skip shell extension 'powershell' for command environment: Not usable outside of PowerShell
[1.380s] DEBUG:colcon.colcon_core.shell:Skip shell extension 'dsv' for command environment
[1.441s] DEBUG:colcon.colcon_core.event_handler.log_command:Invoking command in '/home/yahboom/yahboomcar_ws/build/slam_gmapping': CMAKE_PREFIX_PATH=/home/yahboom/yahboomcar_ws/install/openslam_gmapping:/home/yahboom/yahboomcar_ws/install/slam_gmapping:/home/yahboom/yahboomcar_ws/install/ydlidar_ros2_driver:/opt/ros/humble /usr/bin/cmake --build /home/yahboom/yahboomcar_ws/build/slam_gmapping -- -j4 -l4
[26.761s] DEBUG:colcon.colcon_core.event_handler.log_command:Invoked command in '/home/yahboom/yahboomcar_ws/build/slam_gmapping' returned '0': CMAKE_PREFIX_PATH=/home/yahboom/yahboomcar_ws/install/openslam_gmapping:/home/yahboom/yahboomcar_ws/install/slam_gmapping:/home/yahboom/yahboomcar_ws/install/ydlidar_ros2_driver:/opt/ros/humble /usr/bin/cmake --build /home/yahboom/yahboomcar_ws/build/slam_gmapping -- -j4 -l4
[26.933s] DEBUG:colcon.colcon_core.event_handler.log_command:Invoking command in '/home/yahboom/yahboomcar_ws/build/slam_gmapping': CMAKE_PREFIX_PATH=/home/yahboom/yahboomcar_ws/install/openslam_gmapping:/home/yahboom/yahboomcar_ws/install/slam_gmapping:/home/yahboom/yahboomcar_ws/install/ydlidar_ros2_driver:/opt/ros/humble /usr/bin/cmake --install /home/yahboom/yahboomcar_ws/build/slam_gmapping
[26.991s] Level 1:colcon.colcon_core.environment:create_environment_scripts_only(slam_gmapping)
[26.992s] Level 1:colcon.colcon_core.environment:checking '/home/yahboom/yahboomcar_ws/install/slam_gmapping' for CMake module files
[26.999s] DEBUG:colcon.colcon_core.event_handler.log_command:Invoked command in '/home/yahboom/yahboomcar_ws/build/slam_gmapping' returned '0': CMAKE_PREFIX_PATH=/home/yahboom/yahboomcar_ws/install/openslam_gmapping:/home/yahboom/yahboomcar_ws/install/slam_gmapping:/home/yahboom/yahboomcar_ws/install/ydlidar_ros2_driver:/opt/ros/humble /usr/bin/cmake --install /home/yahboom/yahboomcar_ws/build/slam_gmapping
[27.000s] Level 1:colcon.colcon_core.environment:checking '/home/yahboom/yahboomcar_ws/install/slam_gmapping' for CMake config files
[27.000s] Level 1:colcon.colcon_core.shell:create_environment_hook('slam_gmapping', 'cmake_prefix_path')
[27.001s] INFO:colcon.colcon_core.shell:Creating environment hook '/home/yahboom/yahboomcar_ws/install/slam_gmapping/share/slam_gmapping/hook/cmake_prefix_path.ps1'
[27.004s] INFO:colcon.colcon_core.shell:Creating environment descriptor '/home/yahboom/yahboomcar_ws/install/slam_gmapping/share/slam_gmapping/hook/cmake_prefix_path.dsv'
[27.007s] INFO:colcon.colcon_core.shell:Creating environment hook '/home/yahboom/yahboomcar_ws/install/slam_gmapping/share/slam_gmapping/hook/cmake_prefix_path.sh'
[27.009s] Level 1:colcon.colcon_core.environment:checking '/home/yahboom/yahboomcar_ws/install/slam_gmapping/lib'
[27.009s] Level 1:colcon.colcon_core.environment:checking '/home/yahboom/yahboomcar_ws/install/slam_gmapping/bin'
[27.010s] Level 1:colcon.colcon_core.environment:checking '/home/yahboom/yahboomcar_ws/install/slam_gmapping/lib/pkgconfig/slam_gmapping.pc'
[27.011s] Level 1:colcon.colcon_core.environment:checking '/home/yahboom/yahboomcar_ws/install/slam_gmapping/lib/python3.10/site-packages'
[27.012s] Level 1:colcon.colcon_core.environment:checking '/home/yahboom/yahboomcar_ws/install/slam_gmapping/bin'
[27.014s] INFO:colcon.colcon_core.shell:Creating package script '/home/yahboom/yahboomcar_ws/install/slam_gmapping/share/slam_gmapping/package.ps1'
[27.018s] INFO:colcon.colcon_core.shell:Creating package descriptor '/home/yahboom/yahboomcar_ws/install/slam_gmapping/share/slam_gmapping/package.dsv'
[27.021s] INFO:colcon.colcon_core.shell:Creating package script '/home/yahboom/yahboomcar_ws/install/slam_gmapping/share/slam_gmapping/package.sh'
[27.023s] INFO:colcon.colcon_core.shell:Creating package script '/home/yahboom/yahboomcar_ws/install/slam_gmapping/share/slam_gmapping/package.bash'
[27.023s] INFO:colcon.colcon_core.shell:Creating package script '/home/yahboom/yahboomcar_ws/install/slam_gmapping/share/slam_gmapping/package.zsh'
[27.025s] Level 1:colcon.colcon_core.environment:create_file_with_runtime_dependencies(/home/yahboom/yahboomcar_ws/install/slam_gmapping/share/colcon-core/packages/slam_gmapping)
[27.183s] Level 1:colcon.colcon_core.environment:create_environment_scripts_only(slam_gmapping)
[27.184s] Level 1:colcon.colcon_core.environment:checking '/home/yahboom/yahboomcar_ws/install/slam_gmapping' for CMake module files
[27.185s] Level 1:colcon.colcon_core.environment:checking '/home/yahboom/yahboomcar_ws/install/slam_gmapping' for CMake config files
[27.186s] Level 1:colcon.colcon_core.shell:create_environment_hook('slam_gmapping', 'cmake_prefix_path')
[27.187s] INFO:colcon.colcon_core.shell:Creating environment hook '/home/yahboom/yahboomcar_ws/install/slam_gmapping/share/slam_gmapping/hook/cmake_prefix_path.ps1'
[27.189s] INFO:colcon.colcon_core.shell:Creating environment descriptor '/home/yahboom/yahboomcar_ws/install/slam_gmapping/share/slam_gmapping/hook/cmake_prefix_path.dsv'
[27.190s] INFO:colcon.colcon_core.shell:Creating environment hook '/home/yahboom/yahboomcar_ws/install/slam_gmapping/share/slam_gmapping/hook/cmake_prefix_path.sh'
[27.191s] Level 1:colcon.colcon_core.environment:checking '/home/yahboom/yahboomcar_ws/install/slam_gmapping/lib'
[27.191s] Level 1:colcon.colcon_core.environment:checking '/home/yahboom/yahboomcar_ws/install/slam_gmapping/bin'
[27.191s] Level 1:colcon.colcon_core.environment:checking '/home/yahboom/yahboomcar_ws/install/slam_gmapping/lib/pkgconfig/slam_gmapping.pc'
[27.192s] Level 1:colcon.colcon_core.environment:checking '/home/yahboom/yahboomcar_ws/install/slam_gmapping/lib/python3.10/site-packages'
[27.192s] Level 1:colcon.colcon_core.environment:checking '/home/yahboom/yahboomcar_ws/install/slam_gmapping/bin'
[27.192s] INFO:colcon.colcon_core.shell:Creating package script '/home/yahboom/yahboomcar_ws/install/slam_gmapping/share/slam_gmapping/package.ps1'
[27.193s] INFO:colcon.colcon_core.shell:Creating package descriptor '/home/yahboom/yahboomcar_ws/install/slam_gmapping/share/slam_gmapping/package.dsv'
[27.196s] INFO:colcon.colcon_core.shell:Creating package script '/home/yahboom/yahboomcar_ws/install/slam_gmapping/share/slam_gmapping/package.sh'
[27.197s] INFO:colcon.colcon_core.shell:Creating package script '/home/yahboom/yahboomcar_ws/install/slam_gmapping/share/slam_gmapping/package.bash'
[27.198s] INFO:colcon.colcon_core.shell:Creating package script '/home/yahboom/yahboomcar_ws/install/slam_gmapping/share/slam_gmapping/package.zsh'
[27.199s] Level 1:colcon.colcon_core.environment:create_file_with_runtime_dependencies(/home/yahboom/yahboomcar_ws/install/slam_gmapping/share/colcon-core/packages/slam_gmapping)
[27.200s] DEBUG:colcon.colcon_parallel_executor.executor.parallel:closing loop
[27.203s] DEBUG:colcon.colcon_parallel_executor.executor.parallel:loop closed
[27.203s] DEBUG:colcon.colcon_parallel_executor.executor.parallel:run_until_complete finished with '0'
[27.204s] DEBUG:colcon.colcon_core.event_reactor:joining thread
[27.229s] INFO:colcon.colcon_core.plugin_system:Skipping extension 'colcon_notification.desktop_notification.terminal_notifier': Not used on non-Darwin systems
[27.229s] INFO:colcon.colcon_core.plugin_system:Skipping extension 'colcon_notification.desktop_notification.win32': Not used on non-Windows systems
[27.229s] INFO:colcon.colcon_notification.desktop_notification:Sending desktop notification using 'notify2'
[27.313s] DEBUG:colcon.colcon_core.event_reactor:joined thread
[27.314s] INFO:colcon.colcon_core.shell:Creating prefix script '/home/yahboom/yahboomcar_ws/install/local_setup.ps1'
[27.321s] INFO:colcon.colcon_core.shell:Creating prefix util module '/home/yahboom/yahboomcar_ws/install/_local_setup_util_ps1.py'
[27.325s] INFO:colcon.colcon_core.shell:Creating prefix chain script '/home/yahboom/yahboomcar_ws/install/setup.ps1'
[27.328s] INFO:colcon.colcon_core.shell:Creating prefix script '/home/yahboom/yahboomcar_ws/install/local_setup.sh'
[27.330s] INFO:colcon.colcon_core.shell:Creating prefix util module '/home/yahboom/yahboomcar_ws/install/_local_setup_util_sh.py'
[27.331s] INFO:colcon.colcon_core.shell:Creating prefix chain script '/home/yahboom/yahboomcar_ws/install/setup.sh'
[27.338s] INFO:colcon.colcon_core.shell:Creating prefix script '/home/yahboom/yahboomcar_ws/install/local_setup.bash'
[27.340s] INFO:colcon.colcon_core.shell:Creating prefix chain script '/home/yahboom/yahboomcar_ws/install/setup.bash'
[27.344s] INFO:colcon.colcon_core.shell:Creating prefix script '/home/yahboom/yahboomcar_ws/install/local_setup.zsh'
[27.348s] INFO:colcon.colcon_core.shell:Creating prefix chain script '/home/yahboom/yahboomcar_ws/install/setup.zsh'
