[1.591s] DEBUG:colcon:Command line arguments: ['/usr/bin/colcon', 'build']
[1.592s] DEBUG:colcon:Parsed command line arguments: Namespace(log_base=None, log_level=None, verb_name='build', build_base='build', install_base='install', merge_install=False, symlink_install=False, test_result_base=None, continue_on_error=False, executor='parallel', parallel_workers=4, event_handlers=None, ignore_user_meta=False, metas=['./colcon.meta'], base_paths=['.'], packages_ignore=None, packages_ignore_regex=None, paths=None, packages_up_to=None, packages_up_to_regex=None, packages_above=None, packages_above_and_dependencies=None, packages_above_depth=None, packages_select_by_dep=None, packages_skip_by_dep=None, packages_skip_up_to=None, packages_select_build_failed=False, packages_skip_build_finished=False, packages_select_test_failures=False, packages_skip_test_passed=False, packages_select=None, packages_skip=None, packages_select_regex=None, packages_skip_regex=None, packages_start=None, packages_end=None, allow_overriding=[], cmake_args=None, cmake_target=None, cmake_target_skip_unavailable=False, cmake_clean_cache=False, cmake_clean_first=False, cmake_force_configure=False, ament_cmake_args=None, catkin_cmake_args=None, catkin_skip_building_tests=False, verb_parser=<colcon_defaults.argument_parser.defaults.DefaultArgumentsDecorator object at 0x7ce4839d8220>, verb_extension=<colcon_core.verb.build.BuildVerb object at 0x7ce483ba0670>, main=<bound method BuildVerb.main of <colcon_core.verb.build.BuildVerb object at 0x7ce483ba0670>>)
[4.323s] Level 1:colcon.colcon_core.package_discovery:discover_packages(colcon_meta) check parameters
[4.324s] Level 1:colcon.colcon_core.package_discovery:discover_packages(recursive) check parameters
[4.324s] Level 1:colcon.colcon_core.package_discovery:discover_packages(ignore) check parameters
[4.324s] Level 1:colcon.colcon_core.package_discovery:discover_packages(path) check parameters
[4.324s] Level 1:colcon.colcon_core.package_discovery:discover_packages(colcon_meta) discover
[4.324s] Level 1:colcon.colcon_core.package_discovery:discover_packages(recursive) discover
[4.325s] INFO:colcon.colcon_core.package_discovery:Crawling recursively for packages in '/home/yahboom/yahboomcar_ws'
[4.325s] Level 1:colcon.colcon_core.package_identification:_identify(.) by extensions ['ignore', 'ignore_ament_install']
[4.325s] Level 1:colcon.colcon_core.package_identification:_identify(.) by extension 'ignore'
[4.325s] Level 1:colcon.colcon_core.package_identification:_identify(.) by extension 'ignore_ament_install'
[4.326s] Level 1:colcon.colcon_core.package_identification:_identify(.) by extensions ['colcon_pkg']
[4.326s] Level 1:colcon.colcon_core.package_identification:_identify(.) by extension 'colcon_pkg'
[4.326s] Level 1:colcon.colcon_core.package_identification:_identify(.) by extensions ['colcon_meta']
[4.326s] Level 1:colcon.colcon_core.package_identification:_identify(.) by extension 'colcon_meta'
[4.326s] Level 1:colcon.colcon_core.package_identification:_identify(.) by extensions ['ros']
[4.326s] Level 1:colcon.colcon_core.package_identification:_identify(.) by extension 'ros'
[4.355s] Level 1:colcon.colcon_core.package_identification:_identify(.) by extensions ['cmake', 'python']
[4.355s] Level 1:colcon.colcon_core.package_identification:_identify(.) by extension 'cmake'
[4.356s] Level 1:colcon.colcon_core.package_identification:_identify(.) by extension 'python'
[4.356s] Level 1:colcon.colcon_core.package_identification:_identify(.) by extensions ['python_setup_py']
[4.356s] Level 1:colcon.colcon_core.package_identification:_identify(.) by extension 'python_setup_py'
[4.356s] Level 1:colcon.colcon_core.package_identification:_identify(build) by extensions ['ignore', 'ignore_ament_install']
[4.356s] Level 1:colcon.colcon_core.package_identification:_identify(build) by extension 'ignore'
[4.356s] Level 1:colcon.colcon_core.package_identification:_identify(build) ignored
[4.356s] Level 1:colcon.colcon_core.package_identification:_identify(install) by extensions ['ignore', 'ignore_ament_install']
[4.356s] Level 1:colcon.colcon_core.package_identification:_identify(install) by extension 'ignore'
[4.356s] Level 1:colcon.colcon_core.package_identification:_identify(install) ignored
[4.357s] Level 1:colcon.colcon_core.package_identification:_identify(log) by extensions ['ignore', 'ignore_ament_install']
[4.357s] Level 1:colcon.colcon_core.package_identification:_identify(log) by extension 'ignore'
[4.357s] Level 1:colcon.colcon_core.package_identification:_identify(log) ignored
[4.357s] Level 1:colcon.colcon_core.package_identification:_identify(src) by extensions ['ignore', 'ignore_ament_install']
[4.357s] Level 1:colcon.colcon_core.package_identification:_identify(src) by extension 'ignore'
[4.357s] Level 1:colcon.colcon_core.package_identification:_identify(src) by extension 'ignore_ament_install'
[4.357s] Level 1:colcon.colcon_core.package_identification:_identify(src) by extensions ['colcon_pkg']
[4.357s] Level 1:colcon.colcon_core.package_identification:_identify(src) by extension 'colcon_pkg'
[4.358s] Level 1:colcon.colcon_core.package_identification:_identify(src) by extensions ['colcon_meta']
[4.358s] Level 1:colcon.colcon_core.package_identification:_identify(src) by extension 'colcon_meta'
[4.358s] Level 1:colcon.colcon_core.package_identification:_identify(src) by extensions ['ros']
[4.358s] Level 1:colcon.colcon_core.package_identification:_identify(src) by extension 'ros'
[4.358s] Level 1:colcon.colcon_core.package_identification:_identify(src) by extensions ['cmake', 'python']
[4.359s] Level 1:colcon.colcon_core.package_identification:_identify(src) by extension 'cmake'
[4.359s] Level 1:colcon.colcon_core.package_identification:_identify(src) by extension 'python'
[4.359s] Level 1:colcon.colcon_core.package_identification:_identify(src) by extensions ['python_setup_py']
[4.359s] Level 1:colcon.colcon_core.package_identification:_identify(src) by extension 'python_setup_py'
[4.359s] Level 1:colcon.colcon_core.package_identification:_identify(src/openslam_gmapping) by extensions ['ignore', 'ignore_ament_install']
[4.359s] Level 1:colcon.colcon_core.package_identification:_identify(src/openslam_gmapping) by extension 'ignore'
[4.360s] Level 1:colcon.colcon_core.package_identification:_identify(src/openslam_gmapping) by extension 'ignore_ament_install'
[4.360s] Level 1:colcon.colcon_core.package_identification:_identify(src/openslam_gmapping) by extensions ['colcon_pkg']
[4.360s] Level 1:colcon.colcon_core.package_identification:_identify(src/openslam_gmapping) by extension 'colcon_pkg'
[4.360s] Level 1:colcon.colcon_core.package_identification:_identify(src/openslam_gmapping) by extensions ['colcon_meta']
[4.360s] Level 1:colcon.colcon_core.package_identification:_identify(src/openslam_gmapping) by extension 'colcon_meta'
[4.360s] Level 1:colcon.colcon_core.package_identification:_identify(src/openslam_gmapping) by extensions ['ros']
[4.360s] Level 1:colcon.colcon_core.package_identification:_identify(src/openslam_gmapping) by extension 'ros'
[4.367s] DEBUG:colcon.colcon_core.package_identification:Package 'src/openslam_gmapping' with type 'ros.ament_cmake' and name 'openslam_gmapping'
[4.367s] Level 1:colcon.colcon_core.package_identification:_identify(src/slam_gmapping) by extensions ['ignore', 'ignore_ament_install']
[4.368s] Level 1:colcon.colcon_core.package_identification:_identify(src/slam_gmapping) by extension 'ignore'
[4.368s] Level 1:colcon.colcon_core.package_identification:_identify(src/slam_gmapping) by extension 'ignore_ament_install'
[4.368s] Level 1:colcon.colcon_core.package_identification:_identify(src/slam_gmapping) by extensions ['colcon_pkg']
[4.368s] Level 1:colcon.colcon_core.package_identification:_identify(src/slam_gmapping) by extension 'colcon_pkg'
[4.368s] Level 1:colcon.colcon_core.package_identification:_identify(src/slam_gmapping) by extensions ['colcon_meta']
[4.368s] Level 1:colcon.colcon_core.package_identification:_identify(src/slam_gmapping) by extension 'colcon_meta'
[4.368s] Level 1:colcon.colcon_core.package_identification:_identify(src/slam_gmapping) by extensions ['ros']
[4.368s] Level 1:colcon.colcon_core.package_identification:_identify(src/slam_gmapping) by extension 'ros'
[4.372s] DEBUG:colcon.colcon_core.package_identification:Package 'src/slam_gmapping' with type 'ros.ament_cmake' and name 'slam_gmapping'
[4.372s] Level 1:colcon.colcon_core.package_discovery:discover_packages(recursive) using defaults
[4.372s] Level 1:colcon.colcon_core.package_discovery:discover_packages(ignore) discover
[4.373s] Level 1:colcon.colcon_core.package_discovery:discover_packages(ignore) using defaults
[4.373s] Level 1:colcon.colcon_core.package_discovery:discover_packages(path) discover
[4.373s] Level 1:colcon.colcon_core.package_discovery:discover_packages(path) using defaults
[4.562s] Level 1:colcon.colcon_core.package_discovery:discover_packages(prefix_path) check parameters
[4.562s] Level 1:colcon.colcon_core.package_discovery:discover_packages(prefix_path) discover
[4.602s] DEBUG:colcon.colcon_installed_package_information.package_discovery:Found 270 installed packages in /opt/ros/humble
[4.609s] Level 1:colcon.colcon_core.package_discovery:discover_packages(prefix_path) using defaults
[5.361s] Level 5:colcon.colcon_core.verb:set package 'openslam_gmapping' build argument 'cmake_args' from command line to 'None'
[5.361s] Level 5:colcon.colcon_core.verb:set package 'openslam_gmapping' build argument 'cmake_target' from command line to 'None'
[5.361s] Level 5:colcon.colcon_core.verb:set package 'openslam_gmapping' build argument 'cmake_target_skip_unavailable' from command line to 'False'
[5.361s] Level 5:colcon.colcon_core.verb:set package 'openslam_gmapping' build argument 'cmake_clean_cache' from command line to 'False'
[5.361s] Level 5:colcon.colcon_core.verb:set package 'openslam_gmapping' build argument 'cmake_clean_first' from command line to 'False'
[5.361s] Level 5:colcon.colcon_core.verb:set package 'openslam_gmapping' build argument 'cmake_force_configure' from command line to 'False'
[5.362s] Level 5:colcon.colcon_core.verb:set package 'openslam_gmapping' build argument 'ament_cmake_args' from command line to 'None'
[5.362s] Level 5:colcon.colcon_core.verb:set package 'openslam_gmapping' build argument 'catkin_cmake_args' from command line to 'None'
[5.362s] Level 5:colcon.colcon_core.verb:set package 'openslam_gmapping' build argument 'catkin_skip_building_tests' from command line to 'False'
[5.362s] DEBUG:colcon.colcon_core.verb:Building package 'openslam_gmapping' with the following arguments: {'ament_cmake_args': None, 'build_base': '/home/yahboom/yahboomcar_ws/build/openslam_gmapping', 'catkin_cmake_args': None, 'catkin_skip_building_tests': False, 'cmake_args': None, 'cmake_clean_cache': False, 'cmake_clean_first': False, 'cmake_force_configure': False, 'cmake_target': None, 'cmake_target_skip_unavailable': False, 'install_base': '/home/yahboom/yahboomcar_ws/install/openslam_gmapping', 'merge_install': False, 'path': '/home/yahboom/yahboomcar_ws/src/openslam_gmapping', 'symlink_install': False, 'test_result_base': None}
[5.363s] Level 5:colcon.colcon_core.verb:set package 'slam_gmapping' build argument 'cmake_args' from command line to 'None'
[5.363s] Level 5:colcon.colcon_core.verb:set package 'slam_gmapping' build argument 'cmake_target' from command line to 'None'
[5.363s] Level 5:colcon.colcon_core.verb:set package 'slam_gmapping' build argument 'cmake_target_skip_unavailable' from command line to 'False'
[5.364s] Level 5:colcon.colcon_core.verb:set package 'slam_gmapping' build argument 'cmake_clean_cache' from command line to 'False'
[5.364s] Level 5:colcon.colcon_core.verb:set package 'slam_gmapping' build argument 'cmake_clean_first' from command line to 'False'
[5.364s] Level 5:colcon.colcon_core.verb:set package 'slam_gmapping' build argument 'cmake_force_configure' from command line to 'False'
[5.364s] Level 5:colcon.colcon_core.verb:set package 'slam_gmapping' build argument 'ament_cmake_args' from command line to 'None'
[5.364s] Level 5:colcon.colcon_core.verb:set package 'slam_gmapping' build argument 'catkin_cmake_args' from command line to 'None'
[5.364s] Level 5:colcon.colcon_core.verb:set package 'slam_gmapping' build argument 'catkin_skip_building_tests' from command line to 'False'
[5.365s] DEBUG:colcon.colcon_core.verb:Building package 'slam_gmapping' with the following arguments: {'ament_cmake_args': None, 'build_base': '/home/yahboom/yahboomcar_ws/build/slam_gmapping', 'catkin_cmake_args': None, 'catkin_skip_building_tests': False, 'cmake_args': None, 'cmake_clean_cache': False, 'cmake_clean_first': False, 'cmake_force_configure': False, 'cmake_target': None, 'cmake_target_skip_unavailable': False, 'install_base': '/home/yahboom/yahboomcar_ws/install/slam_gmapping', 'merge_install': False, 'path': '/home/yahboom/yahboomcar_ws/src/slam_gmapping', 'symlink_install': False, 'test_result_base': None}
[5.365s] INFO:colcon.colcon_core.executor:Executing jobs using 'parallel' executor
[5.367s] DEBUG:colcon.colcon_parallel_executor.executor.parallel:run_until_complete
[5.367s] INFO:colcon.colcon_ros.task.ament_cmake.build:Building ROS package in '/home/yahboom/yahboomcar_ws/src/openslam_gmapping' with build type 'ament_cmake'
[5.368s] INFO:colcon.colcon_cmake.task.cmake.build:Building CMake package in '/home/yahboom/yahboomcar_ws/src/openslam_gmapping'
[5.474s] INFO:colcon.colcon_core.plugin_system:Skipping extension 'colcon_core.shell.bat': Not used on non-Windows systems
[5.475s] INFO:colcon.colcon_core.shell:Skip shell extension 'powershell' for command environment: Not usable outside of PowerShell
[5.475s] DEBUG:colcon.colcon_core.shell:Skip shell extension 'dsv' for command environment
[5.526s] DEBUG:colcon.colcon_core.event_handler.log_command:Invoking command in '/home/yahboom/yahboomcar_ws/build/openslam_gmapping': CMAKE_PREFIX_PATH=/opt/ros/humble /usr/bin/cmake --build /home/yahboom/yahboomcar_ws/build/openslam_gmapping -- -j4 -l4
[5.975s] DEBUG:colcon.colcon_core.event_handler.log_command:Invoked command in '/home/yahboom/yahboomcar_ws/build/openslam_gmapping' returned '0': CMAKE_PREFIX_PATH=/opt/ros/humble /usr/bin/cmake --build /home/yahboom/yahboomcar_ws/build/openslam_gmapping -- -j4 -l4
[6.156s] DEBUG:colcon.colcon_core.event_handler.log_command:Invoking command in '/home/yahboom/yahboomcar_ws/build/openslam_gmapping': CMAKE_PREFIX_PATH=/opt/ros/humble /usr/bin/cmake --install /home/yahboom/yahboomcar_ws/build/openslam_gmapping
[6.184s] Level 1:colcon.colcon_core.environment:create_environment_scripts_only(openslam_gmapping)
[6.203s] DEBUG:colcon.colcon_core.event_handler.log_command:Invoked command in '/home/yahboom/yahboomcar_ws/build/openslam_gmapping' returned '0': CMAKE_PREFIX_PATH=/opt/ros/humble /usr/bin/cmake --install /home/yahboom/yahboomcar_ws/build/openslam_gmapping
[6.255s] Level 1:colcon.colcon_core.environment:checking '/home/yahboom/yahboomcar_ws/install/openslam_gmapping' for CMake module files
[6.255s] Level 1:colcon.colcon_core.environment:checking '/home/yahboom/yahboomcar_ws/install/openslam_gmapping' for CMake config files
[6.256s] Level 1:colcon.colcon_core.shell:create_environment_hook('openslam_gmapping', 'cmake_prefix_path')
[6.257s] INFO:colcon.colcon_core.shell:Creating environment hook '/home/yahboom/yahboomcar_ws/install/openslam_gmapping/share/openslam_gmapping/hook/cmake_prefix_path.ps1'
[6.283s] INFO:colcon.colcon_core.shell:Creating environment descriptor '/home/yahboom/yahboomcar_ws/install/openslam_gmapping/share/openslam_gmapping/hook/cmake_prefix_path.dsv'
[6.288s] INFO:colcon.colcon_core.shell:Creating environment hook '/home/yahboom/yahboomcar_ws/install/openslam_gmapping/share/openslam_gmapping/hook/cmake_prefix_path.sh'
[6.295s] Level 1:colcon.colcon_core.environment:checking '/home/yahboom/yahboomcar_ws/install/openslam_gmapping/lib'
[6.297s] Level 1:colcon.colcon_core.environment:checking '/home/yahboom/yahboomcar_ws/install/openslam_gmapping/bin'
[6.297s] Level 1:colcon.colcon_core.environment:checking '/home/yahboom/yahboomcar_ws/install/openslam_gmapping/lib/pkgconfig/openslam_gmapping.pc'
[6.298s] Level 1:colcon.colcon_core.environment:checking '/home/yahboom/yahboomcar_ws/install/openslam_gmapping/lib/python3.10/site-packages'
[6.301s] Level 1:colcon.colcon_core.environment:checking '/home/yahboom/yahboomcar_ws/install/openslam_gmapping/bin'
[6.304s] INFO:colcon.colcon_core.shell:Creating package script '/home/yahboom/yahboomcar_ws/install/openslam_gmapping/share/openslam_gmapping/package.ps1'
[6.311s] INFO:colcon.colcon_core.shell:Creating package descriptor '/home/yahboom/yahboomcar_ws/install/openslam_gmapping/share/openslam_gmapping/package.dsv'
[6.316s] INFO:colcon.colcon_core.shell:Creating package script '/home/yahboom/yahboomcar_ws/install/openslam_gmapping/share/openslam_gmapping/package.sh'
[6.321s] INFO:colcon.colcon_core.shell:Creating package script '/home/yahboom/yahboomcar_ws/install/openslam_gmapping/share/openslam_gmapping/package.bash'
[6.325s] INFO:colcon.colcon_core.shell:Creating package script '/home/yahboom/yahboomcar_ws/install/openslam_gmapping/share/openslam_gmapping/package.zsh'
[6.326s] Level 1:colcon.colcon_core.environment:create_file_with_runtime_dependencies(/home/yahboom/yahboomcar_ws/install/openslam_gmapping/share/colcon-core/packages/openslam_gmapping)
[6.475s] Level 1:colcon.colcon_core.environment:create_environment_scripts_only(openslam_gmapping)
[6.478s] Level 1:colcon.colcon_core.environment:checking '/home/yahboom/yahboomcar_ws/install/openslam_gmapping' for CMake module files
[6.483s] Level 1:colcon.colcon_core.environment:checking '/home/yahboom/yahboomcar_ws/install/openslam_gmapping' for CMake config files
[6.486s] Level 1:colcon.colcon_core.shell:create_environment_hook('openslam_gmapping', 'cmake_prefix_path')
[6.487s] INFO:colcon.colcon_core.shell:Creating environment hook '/home/yahboom/yahboomcar_ws/install/openslam_gmapping/share/openslam_gmapping/hook/cmake_prefix_path.ps1'
[6.489s] INFO:colcon.colcon_core.shell:Creating environment descriptor '/home/yahboom/yahboomcar_ws/install/openslam_gmapping/share/openslam_gmapping/hook/cmake_prefix_path.dsv'
[6.491s] INFO:colcon.colcon_core.shell:Creating environment hook '/home/yahboom/yahboomcar_ws/install/openslam_gmapping/share/openslam_gmapping/hook/cmake_prefix_path.sh'
[6.493s] Level 1:colcon.colcon_core.environment:checking '/home/yahboom/yahboomcar_ws/install/openslam_gmapping/lib'
[6.494s] Level 1:colcon.colcon_core.environment:checking '/home/yahboom/yahboomcar_ws/install/openslam_gmapping/bin'
[6.494s] Level 1:colcon.colcon_core.environment:checking '/home/yahboom/yahboomcar_ws/install/openslam_gmapping/lib/pkgconfig/openslam_gmapping.pc'
[6.494s] Level 1:colcon.colcon_core.environment:checking '/home/yahboom/yahboomcar_ws/install/openslam_gmapping/lib/python3.10/site-packages'
[6.495s] Level 1:colcon.colcon_core.environment:checking '/home/yahboom/yahboomcar_ws/install/openslam_gmapping/bin'
[6.496s] INFO:colcon.colcon_core.shell:Creating package script '/home/yahboom/yahboomcar_ws/install/openslam_gmapping/share/openslam_gmapping/package.ps1'
[6.499s] INFO:colcon.colcon_core.shell:Creating package descriptor '/home/yahboom/yahboomcar_ws/install/openslam_gmapping/share/openslam_gmapping/package.dsv'
[6.502s] INFO:colcon.colcon_core.shell:Creating package script '/home/yahboom/yahboomcar_ws/install/openslam_gmapping/share/openslam_gmapping/package.sh'
[6.506s] INFO:colcon.colcon_core.shell:Creating package script '/home/yahboom/yahboomcar_ws/install/openslam_gmapping/share/openslam_gmapping/package.bash'
[6.507s] INFO:colcon.colcon_core.shell:Creating package script '/home/yahboom/yahboomcar_ws/install/openslam_gmapping/share/openslam_gmapping/package.zsh'
[6.508s] Level 1:colcon.colcon_core.environment:create_file_with_runtime_dependencies(/home/yahboom/yahboomcar_ws/install/openslam_gmapping/share/colcon-core/packages/openslam_gmapping)
[6.510s] INFO:colcon.colcon_ros.task.ament_cmake.build:Building ROS package in '/home/yahboom/yahboomcar_ws/src/slam_gmapping' with build type 'ament_cmake'
[6.510s] INFO:colcon.colcon_cmake.task.cmake.build:Building CMake package in '/home/yahboom/yahboomcar_ws/src/slam_gmapping'
[6.511s] INFO:colcon.colcon_core.shell:Skip shell extension 'powershell' for command environment: Not usable outside of PowerShell
[6.512s] DEBUG:colcon.colcon_core.shell:Skip shell extension 'dsv' for command environment
[6.552s] DEBUG:colcon.colcon_core.event_handler.log_command:Invoking command in '/home/yahboom/yahboomcar_ws/build/slam_gmapping': AMENT_PREFIX_PATH=/home/yahboom/yahboomcar_ws/install/openslam_gmapping:${AMENT_PREFIX_PATH} CMAKE_PREFIX_PATH=/home/yahboom/yahboomcar_ws/install/openslam_gmapping:/opt/ros/humble LD_LIBRARY_PATH=/home/yahboom/yahboomcar_ws/install/openslam_gmapping/lib:${LD_LIBRARY_PATH} /usr/bin/cmake --build /home/yahboom/yahboomcar_ws/build/slam_gmapping -- -j4 -l4
[16.173s] DEBUG:colcon.colcon_core.event_handler.log_command:Invoked command in '/home/yahboom/yahboomcar_ws/build/slam_gmapping' returned '2': AMENT_PREFIX_PATH=/home/yahboom/yahboomcar_ws/install/openslam_gmapping:${AMENT_PREFIX_PATH} CMAKE_PREFIX_PATH=/home/yahboom/yahboomcar_ws/install/openslam_gmapping:/opt/ros/humble LD_LIBRARY_PATH=/home/yahboom/yahboomcar_ws/install/openslam_gmapping/lib:${LD_LIBRARY_PATH} /usr/bin/cmake --build /home/yahboom/yahboomcar_ws/build/slam_gmapping -- -j4 -l4
[16.358s] Level 1:colcon.colcon_core.environment:create_environment_scripts_only(slam_gmapping)
[16.359s] Level 1:colcon.colcon_core.environment:checking '/home/yahboom/yahboomcar_ws/install/slam_gmapping' for CMake module files
[16.360s] Level 1:colcon.colcon_core.environment:checking '/home/yahboom/yahboomcar_ws/install/slam_gmapping' for CMake config files
[16.362s] Level 1:colcon.colcon_core.environment:checking '/home/yahboom/yahboomcar_ws/install/slam_gmapping/bin'
[16.362s] Level 1:colcon.colcon_core.environment:checking '/home/yahboom/yahboomcar_ws/install/slam_gmapping/lib/pkgconfig/slam_gmapping.pc'
[16.363s] Level 1:colcon.colcon_core.environment:checking '/home/yahboom/yahboomcar_ws/install/slam_gmapping/lib/python3.10/site-packages'
[16.365s] Level 1:colcon.colcon_core.environment:checking '/home/yahboom/yahboomcar_ws/install/slam_gmapping/bin'
[16.365s] INFO:colcon.colcon_core.shell:Creating package script '/home/yahboom/yahboomcar_ws/install/slam_gmapping/share/slam_gmapping/package.ps1'
[16.367s] INFO:colcon.colcon_core.shell:Creating package descriptor '/home/yahboom/yahboomcar_ws/install/slam_gmapping/share/slam_gmapping/package.dsv'
[16.367s] INFO:colcon.colcon_core.shell:Creating package script '/home/yahboom/yahboomcar_ws/install/slam_gmapping/share/slam_gmapping/package.sh'
[16.369s] INFO:colcon.colcon_core.shell:Creating package script '/home/yahboom/yahboomcar_ws/install/slam_gmapping/share/slam_gmapping/package.bash'
[16.370s] INFO:colcon.colcon_core.shell:Creating package script '/home/yahboom/yahboomcar_ws/install/slam_gmapping/share/slam_gmapping/package.zsh'
[16.370s] Level 1:colcon.colcon_core.environment:create_file_with_runtime_dependencies(/home/yahboom/yahboomcar_ws/install/slam_gmapping/share/colcon-core/packages/slam_gmapping)
[16.382s] DEBUG:colcon.colcon_parallel_executor.executor.parallel:closing loop
[16.384s] DEBUG:colcon.colcon_parallel_executor.executor.parallel:loop closed
[16.385s] DEBUG:colcon.colcon_parallel_executor.executor.parallel:run_until_complete finished with '2'
[16.386s] DEBUG:colcon.colcon_core.event_reactor:joining thread
[16.403s] INFO:colcon.colcon_core.plugin_system:Skipping extension 'colcon_notification.desktop_notification.terminal_notifier': Not used on non-Darwin systems
[16.403s] INFO:colcon.colcon_core.plugin_system:Skipping extension 'colcon_notification.desktop_notification.win32': Not used on non-Windows systems
[16.404s] INFO:colcon.colcon_notification.desktop_notification:Sending desktop notification using 'notify2'
[16.454s] DEBUG:colcon.colcon_core.event_reactor:joined thread
[16.455s] INFO:colcon.colcon_core.shell:Creating prefix script '/home/yahboom/yahboomcar_ws/install/local_setup.ps1'
[16.457s] INFO:colcon.colcon_core.shell:Creating prefix util module '/home/yahboom/yahboomcar_ws/install/_local_setup_util_ps1.py'
[16.459s] INFO:colcon.colcon_core.shell:Creating prefix chain script '/home/yahboom/yahboomcar_ws/install/setup.ps1'
[16.462s] INFO:colcon.colcon_core.shell:Creating prefix script '/home/yahboom/yahboomcar_ws/install/local_setup.sh'
[16.463s] INFO:colcon.colcon_core.shell:Creating prefix util module '/home/yahboom/yahboomcar_ws/install/_local_setup_util_sh.py'
[16.464s] INFO:colcon.colcon_core.shell:Creating prefix chain script '/home/yahboom/yahboomcar_ws/install/setup.sh'
[16.466s] INFO:colcon.colcon_core.shell:Creating prefix script '/home/yahboom/yahboomcar_ws/install/local_setup.bash'
[16.468s] INFO:colcon.colcon_core.shell:Creating prefix chain script '/home/yahboom/yahboomcar_ws/install/setup.bash'
[16.472s] INFO:colcon.colcon_core.shell:Creating prefix script '/home/yahboom/yahboomcar_ws/install/local_setup.zsh'
[16.473s] INFO:colcon.colcon_core.shell:Creating prefix chain script '/home/yahboom/yahboomcar_ws/install/setup.zsh'
