[0.047s] Invoking command in '/home/yahboom/yahboomcar_ws/build/rf2o_laser_odometry': CMAKE_PREFIX_PATH=${CMAKE_PREFIX_PATH}:/opt/ros/humble /usr/bin/cmake --build /home/yahboom/yahboomcar_ws/build/rf2o_laser_odometry -- -j4 -l4
[0.259s] [ 60%] Built target rf2o_laser_odometry_node
[0.274s] [100%] Built target rf2o_laser_odometry
[0.309s] Invoked command in '/home/yahboom/yahboomcar_ws/build/rf2o_laser_odometry' returned '0': CMAKE_PREFIX_PATH=${CMAKE_PREFIX_PATH}:/opt/ros/humble /usr/bin/cmake --build /home/yahboom/yahboomcar_ws/build/rf2o_laser_odometry -- -j4 -l4
[0.466s] Invoking command in '/home/yahboom/yahboomcar_ws/build/rf2o_laser_odometry': CMAKE_PREFIX_PATH=${CMAKE_PREFIX_PATH}:/opt/ros/humble /usr/bin/cmake --install /home/yahboom/yahboomcar_ws/build/rf2o_laser_odometry
[0.494s] -- Install configuration: ""
[0.494s] -- Up-to-date: /home/yahboom/yahboomcar_ws/install/rf2o_laser_odometry/lib/rf2o_laser_odometry/rf2o_laser_odometry_node
[0.497s] -- Up-to-date: /home/yahboom/yahboomcar_ws/install/rf2o_laser_odometry/share/rf2o_laser_odometry/launch
[0.497s] -- Up-to-date: /home/yahboom/yahboomcar_ws/install/rf2o_laser_odometry/share/rf2o_laser_odometry/launch/rf2o_laser_odometry.launch.py
[0.498s] -- Up-to-date: /home/yahboom/yahboomcar_ws/install/rf2o_laser_odometry/share/ament_index/resource_index/package_run_dependencies/rf2o_laser_odometry
[0.499s] -- Up-to-date: /home/yahboom/yahboomcar_ws/install/rf2o_laser_odometry/share/ament_index/resource_index/parent_prefix_path/rf2o_laser_odometry
[0.501s] -- Up-to-date: /home/yahboom/yahboomcar_ws/install/rf2o_laser_odometry/share/rf2o_laser_odometry/environment/ament_prefix_path.sh
[0.502s] -- Up-to-date: /home/yahboom/yahboomcar_ws/install/rf2o_laser_odometry/share/rf2o_laser_odometry/environment/ament_prefix_path.dsv
[0.509s] -- Up-to-date: /home/yahboom/yahboomcar_ws/install/rf2o_laser_odometry/share/rf2o_laser_odometry/environment/path.sh
[0.511s] -- Up-to-date: /home/yahboom/yahboomcar_ws/install/rf2o_laser_odometry/share/rf2o_laser_odometry/environment/path.dsv
[0.512s] -- Up-to-date: /home/yahboom/yahboomcar_ws/install/rf2o_laser_odometry/share/rf2o_laser_odometry/local_setup.bash
[0.512s] -- Up-to-date: /home/yahboom/yahboomcar_ws/install/rf2o_laser_odometry/share/rf2o_laser_odometry/local_setup.sh
[0.513s] -- Up-to-date: /home/yahboom/yahboomcar_ws/install/rf2o_laser_odometry/share/rf2o_laser_odometry/local_setup.zsh
[0.513s] -- Up-to-date: /home/yahboom/yahboomcar_ws/install/rf2o_laser_odometry/share/rf2o_laser_odometry/local_setup.dsv
[0.514s] -- Installing: /home/yahboom/yahboomcar_ws/install/rf2o_laser_odometry/share/rf2o_laser_odometry/package.dsv
[0.514s] -- Up-to-date: /home/yahboom/yahboomcar_ws/install/rf2o_laser_odometry/share/ament_index/resource_index/packages/rf2o_laser_odometry
[0.515s] -- Up-to-date: /home/yahboom/yahboomcar_ws/install/rf2o_laser_odometry/share/rf2o_laser_odometry/cmake/rf2o_laser_odometryConfig.cmake
[0.516s] -- Up-to-date: /home/yahboom/yahboomcar_ws/install/rf2o_laser_odometry/share/rf2o_laser_odometry/cmake/rf2o_laser_odometryConfig-version.cmake
[0.516s] -- Up-to-date: /home/yahboom/yahboomcar_ws/install/rf2o_laser_odometry/share/rf2o_laser_odometry/package.xml
[0.521s] Invoked command in '/home/yahboom/yahboomcar_ws/build/rf2o_laser_odometry' returned '0': CMAKE_PREFIX_PATH=${CMAKE_PREFIX_PATH}:/opt/ros/humble /usr/bin/cmake --install /home/yahboom/yahboomcar_ws/build/rf2o_laser_odometry
