-- The C compiler identification is GNU 11.4.0
-- The CXX compiler identification is GNU 11.4.0
-- Detecting C compiler ABI info
-- Detecting C compiler ABI info - done
-- Check for working C compiler: /usr/bin/cc - skipped
-- Detecting C compile features
-- Detecting C compile features - done
-- Detecting CXX compiler ABI info
-- Detecting CXX compiler ABI info - done
-- Check for working CXX compiler: /usr/bin/c++ - skipped
-- Detecting CXX compile features
-- Detecting CXX compile features - done
-- Found ament_cmake: 1.3.8 (/opt/ros/humble/share/ament_cmake/cmake)
-- Found Python3: /usr/bin/python3 (found version "3.10.12") found components: Interpreter 
-- Found rclcpp: 16.0.8 (/opt/ros/humble/share/rclcpp/cmake)
-- Found rosidl_generator_c: 3.1.5 (/opt/ros/humble/share/rosidl_generator_c/cmake)
-- Found rosidl_adapter: 3.1.5 (/opt/ros/humble/share/rosidl_adapter/cmake)
-- Found rosidl_generator_cpp: 3.1.5 (/opt/ros/humble/share/rosidl_generator_cpp/cmake)
-- Using all available rosidl_typesupport_c: rosidl_typesupport_fastrtps_c;rosidl_typesupport_introspection_c
-- Using all available rosidl_typesupport_cpp: rosidl_typesupport_fastrtps_cpp;rosidl_typesupport_introspection_cpp
-- Found rmw_implementation_cmake: 6.1.1 (/opt/ros/humble/share/rmw_implementation_cmake/cmake)
-- Found rmw_fastrtps_cpp: 6.2.6 (/opt/ros/humble/share/rmw_fastrtps_cpp/cmake)
-- Found OpenSSL: /usr/lib/x86_64-linux-gnu/libcrypto.so (found version "3.0.2")  
-- Found FastRTPS: /opt/ros/humble/include  
-- Using RMW implementation 'rmw_fastrtps_cpp' as default
-- Looking for pthread.h
-- Looking for pthread.h - found
-- Performing Test CMAKE_HAVE_LIBC_PTHREAD
-- Performing Test CMAKE_HAVE_LIBC_PTHREAD - Success
-- Found Threads: TRUE  
-- Found geometry_msgs: 4.2.3 (/opt/ros/humble/share/geometry_msgs/cmake)
-- Found tf2_geometry_msgs: 0.25.6 (/opt/ros/humble/share/tf2_geometry_msgs/cmake)
-- Found eigen3_cmake_module: 0.1.1 (/opt/ros/humble/share/eigen3_cmake_module/cmake)
-- Found Eigen3: TRUE (found version "3.4.0") 
-- Ensuring Eigen3 include directory is part of orocos-kdl CMake target
-- Found sensor_msgs: 4.2.3 (/opt/ros/humble/share/sensor_msgs/cmake)
-- Found nav_msgs: 4.2.3 (/opt/ros/humble/share/nav_msgs/cmake)
-- Found Boost: /usr/lib/x86_64-linux-gnu/cmake/Boost-1.74.0/BoostConfig.cmake (found version "1.74.0")  
-- Configuring done
-- Generating done
-- Build files have been written to: /home/yahboom/yahboomcar_ws/build/rf2o_laser_odometry
[ 20%] [32mBuilding CXX object CMakeFiles/rf2o_laser_odometry_node.dir/src/CLaserOdometry2DNode.cpp.o[0m
[ 40%] [32mBuilding CXX object CMakeFiles/rf2o_laser_odometry_node.dir/src/CLaserOdometry2D.cpp.o[0m
[ 60%] [32mBuilding CXX object CMakeFiles/rf2o_laser_odometry.dir/src/CLaserOdometry2D.cpp.o[0m
In file included from [01m[K/home/yahboom/yahboomcar_ws/src/rf2o_laser_odometry/include/rf2o_laser_odometry/CLaserOdometry2DNode.hpp:9[m[K,
                 from [01m[K/home/yahboom/yahboomcar_ws/src/rf2o_laser_odometry/src/CLaserOdometry2DNode.cpp:18[m[K:
[01m[K/opt/ros/humble/include/tf2_geometry_msgs/tf2_geometry_msgs/tf2_geometry_msgs.h:35:2:[m[K [01;35m[Kwarning: [m[K#warning This header is obsolete, please include tf2_geometry_msgs/tf2_geometry_msgs.hpp instead [[01;35m[K]8;;https://gcc.gnu.org/onlinedocs/gcc/Warning-Options.html#index-Wcpp-Wcpp]8;;[m[K]
   35 | #[01;35m[Kwarning[m[K This header is obsolete, please include tf2_geometry_msgs/tf2_geometry_msgs.hpp instead
      |  [01;35m[K^~~~~~~[m[K
[ 80%] [32m[1mLinking CXX static library librf2o_laser_odometry.a[0m
[100%] [32m[1mLinking CXX executable rf2o_laser_odometry_node[0m
[100%] Built target rf2o_laser_odometry
[100%] Built target rf2o_laser_odometry_node
-- Install configuration: ""
-- Installing: /home/yahboom/yahboomcar_ws/install/rf2o_laser_odometry/lib/rf2o_laser_odometry/rf2o_laser_odometry_node
-- Set runtime path of "/home/yahboom/yahboomcar_ws/install/rf2o_laser_odometry/lib/rf2o_laser_odometry/rf2o_laser_odometry_node" to ""
-- Installing: /home/yahboom/yahboomcar_ws/install/rf2o_laser_odometry/share/rf2o_laser_odometry/launch
-- Installing: /home/yahboom/yahboomcar_ws/install/rf2o_laser_odometry/share/rf2o_laser_odometry/launch/rf2o_laser_odometry.launch.py
-- Installing: /home/yahboom/yahboomcar_ws/install/rf2o_laser_odometry/share/ament_index/resource_index/package_run_dependencies/rf2o_laser_odometry
-- Installing: /home/yahboom/yahboomcar_ws/install/rf2o_laser_odometry/share/ament_index/resource_index/parent_prefix_path/rf2o_laser_odometry
-- Installing: /home/yahboom/yahboomcar_ws/install/rf2o_laser_odometry/share/rf2o_laser_odometry/environment/ament_prefix_path.sh
-- Installing: /home/yahboom/yahboomcar_ws/install/rf2o_laser_odometry/share/rf2o_laser_odometry/environment/ament_prefix_path.dsv
-- Installing: /home/yahboom/yahboomcar_ws/install/rf2o_laser_odometry/share/rf2o_laser_odometry/environment/path.sh
-- Installing: /home/yahboom/yahboomcar_ws/install/rf2o_laser_odometry/share/rf2o_laser_odometry/environment/path.dsv
-- Installing: /home/yahboom/yahboomcar_ws/install/rf2o_laser_odometry/share/rf2o_laser_odometry/local_setup.bash
-- Installing: /home/yahboom/yahboomcar_ws/install/rf2o_laser_odometry/share/rf2o_laser_odometry/local_setup.sh
-- Installing: /home/yahboom/yahboomcar_ws/install/rf2o_laser_odometry/share/rf2o_laser_odometry/local_setup.zsh
-- Installing: /home/yahboom/yahboomcar_ws/install/rf2o_laser_odometry/share/rf2o_laser_odometry/local_setup.dsv
-- Installing: /home/yahboom/yahboomcar_ws/install/rf2o_laser_odometry/share/rf2o_laser_odometry/package.dsv
-- Installing: /home/yahboom/yahboomcar_ws/install/rf2o_laser_odometry/share/ament_index/resource_index/packages/rf2o_laser_odometry
-- Installing: /home/yahboom/yahboomcar_ws/install/rf2o_laser_odometry/share/rf2o_laser_odometry/cmake/rf2o_laser_odometryConfig.cmake
-- Installing: /home/yahboom/yahboomcar_ws/install/rf2o_laser_odometry/share/rf2o_laser_odometry/cmake/rf2o_laser_odometryConfig-version.cmake
-- Installing: /home/yahboom/yahboomcar_ws/install/rf2o_laser_odometry/share/rf2o_laser_odometry/package.xml
