[0.028s] Invoking command in '/home/yahboom/yahboomcar_ws/build/ydlidar_ros2_driver': CMAKE_PREFIX_PATH=${CMAKE_PREFIX_PATH}:/opt/ros/humble /usr/bin/cmake --build /home/yahboom/yahboomcar_ws/build/ydlidar_ros2_driver -- -j4 -l4
[0.100s] -- Found ament_cmake: 1.3.8 (/opt/ros/humble/share/ament_cmake/cmake)
[0.510s] -- Found rclcpp: 16.0.8 (/opt/ros/humble/share/rclcpp/cmake)
[0.642s] -- Found rosidl_generator_c: 3.1.5 (/opt/ros/humble/share/rosidl_generator_c/cmake)
[0.652s] -- Found rosidl_adapter: 3.1.5 (/opt/ros/humble/share/rosidl_adapter/cmake)
[0.686s] -- Found rosidl_generator_cpp: 3.1.5 (/opt/ros/humble/share/rosidl_generator_cpp/cmake)
[0.738s] -- Using all available rosidl_typesupport_c: rosidl_typesupport_fastrtps_c;rosidl_typesupport_introspection_c
[0.801s] -- Using all available rosidl_typesupport_cpp: rosidl_typesupport_fastrtps_cpp;rosidl_typesupport_introspection_cpp
[0.976s] -- Found rmw_implementation_cmake: 6.1.1 (/opt/ros/humble/share/rmw_implementation_cmake/cmake)
[0.984s] -- Found rmw_fastrtps_cpp: 6.2.6 (/opt/ros/humble/share/rmw_fastrtps_cpp/cmake)
[1.288s] -- Using RMW implementation 'rmw_fastrtps_cpp' as default
[1.710s] -- Found sensor_msgs: 4.2.3 (/opt/ros/humble/share/sensor_msgs/cmake)
[1.985s] -- Found visualization_msgs: 4.2.3 (/opt/ros/humble/share/visualization_msgs/cmake)
[2.501s] -- Found std_srvs: 4.2.3 (/opt/ros/humble/share/std_srvs/cmake)
[2.784s] -- Found ament_lint_auto: 0.12.10 (/opt/ros/humble/share/ament_lint_auto/cmake)
[4.009s] -- Added test 'copyright' to check source files copyright and LICENSE
[4.021s] -- Added test 'cppcheck' to perform static code analysis on C / C++ code
[4.048s] -- Configured cppcheck include dirs: /home/yahboom/yahboomcar_ws/src/ydlidar_ros2_driver-humble/src
[4.049s] -- Configured cppcheck exclude dirs and/or files: 
[4.054s] -- Added test 'cpplint' to check C / C++ code against the Google style
[4.054s] -- Configured cpplint exclude dirs and/or files: 
[4.054s] -- Added test 'flake8' to check Python code syntax and style conventions
[4.056s] -- Added test 'lint_cmake' to check CMake code style
[4.064s] -- Added test 'pep257' to check Python code against some of the docstring style conventions in PEP 257
[4.089s] -- Added test 'uncrustify' to check C / C++ code style
[4.090s] -- Configured uncrustify additional arguments: 
[4.099s] -- Added test 'xmllint' to check XML markup files
[4.127s] -- Configuring done
[4.379s] -- Generating done
[4.409s] -- Build files have been written to: /home/yahboom/yahboomcar_ws/build/ydlidar_ros2_driver
[4.482s] [35m[1mConsolidate compiler generated dependencies of target ydlidar_ros2_driver_node[0m
[4.579s] [ 50%] Built target ydlidar_ros2_driver_node
[4.584s] [35m[1mConsolidate compiler generated dependencies of target ydlidar_ros2_driver_client[0m
[4.636s] [100%] Built target ydlidar_ros2_driver_client
[4.668s] Invoked command in '/home/yahboom/yahboomcar_ws/build/ydlidar_ros2_driver' returned '0': CMAKE_PREFIX_PATH=${CMAKE_PREFIX_PATH}:/opt/ros/humble /usr/bin/cmake --build /home/yahboom/yahboomcar_ws/build/ydlidar_ros2_driver -- -j4 -l4
[4.873s] Invoking command in '/home/yahboom/yahboomcar_ws/build/ydlidar_ros2_driver': CMAKE_PREFIX_PATH=${CMAKE_PREFIX_PATH}:/opt/ros/humble /usr/bin/cmake --install /home/yahboom/yahboomcar_ws/build/ydlidar_ros2_driver
[4.925s] -- Install configuration: ""
[4.927s] -- Up-to-date: /home/yahboom/yahboomcar_ws/install/ydlidar_ros2_driver/lib/ydlidar_ros2_driver/ydlidar_ros2_driver_node
[4.933s] -- Up-to-date: /home/yahboom/yahboomcar_ws/install/ydlidar_ros2_driver/lib/ydlidar_ros2_driver/ydlidar_ros2_driver_client
[4.934s] -- Up-to-date: /home/yahboom/yahboomcar_ws/install/ydlidar_ros2_driver/share/ydlidar_ros2_driver/launch
[4.934s] -- Up-to-date: /home/yahboom/yahboomcar_ws/install/ydlidar_ros2_driver/share/ydlidar_ros2_driver/launch/ydlidar.py
[4.934s] -- Up-to-date: /home/yahboom/yahboomcar_ws/install/ydlidar_ros2_driver/share/ydlidar_ros2_driver/launch/ydlidar_launch.py
[4.935s] -- Up-to-date: /home/yahboom/yahboomcar_ws/install/ydlidar_ros2_driver/share/ydlidar_ros2_driver/launch/ydlidar_launch_view.py
[4.935s] -- Up-to-date: /home/yahboom/yahboomcar_ws/install/ydlidar_ros2_driver/share/ydlidar_ros2_driver/params
[4.935s] -- Up-to-date: /home/yahboom/yahboomcar_ws/install/ydlidar_ros2_driver/share/ydlidar_ros2_driver/params/X4-Pro.yaml
[4.935s] -- Up-to-date: /home/yahboom/yahboomcar_ws/install/ydlidar_ros2_driver/share/ydlidar_ros2_driver/params/TG.yaml
[4.935s] -- Up-to-date: /home/yahboom/yahboomcar_ws/install/ydlidar_ros2_driver/share/ydlidar_ros2_driver/params/TEA.yaml
[4.935s] -- Up-to-date: /home/yahboom/yahboomcar_ws/install/ydlidar_ros2_driver/share/ydlidar_ros2_driver/params/X2.yaml
[4.936s] -- Up-to-date: /home/yahboom/yahboomcar_ws/install/ydlidar_ros2_driver/share/ydlidar_ros2_driver/params/G2.yaml
[4.936s] -- Up-to-date: /home/yahboom/yahboomcar_ws/install/ydlidar_ros2_driver/share/ydlidar_ros2_driver/params/G1.yaml
[4.936s] -- Up-to-date: /home/yahboom/yahboomcar_ws/install/ydlidar_ros2_driver/share/ydlidar_ros2_driver/params/ydlidar.yaml
[4.936s] -- Up-to-date: /home/yahboom/yahboomcar_ws/install/ydlidar_ros2_driver/share/ydlidar_ros2_driver/params/G6.yaml
[4.936s] -- Up-to-date: /home/yahboom/yahboomcar_ws/install/ydlidar_ros2_driver/share/ydlidar_ros2_driver/params/GS2.yaml
[4.936s] -- Up-to-date: /home/yahboom/yahboomcar_ws/install/ydlidar_ros2_driver/share/ydlidar_ros2_driver/params/X4.yaml
[4.937s] -- Up-to-date: /home/yahboom/yahboomcar_ws/install/ydlidar_ros2_driver/share/ydlidar_ros2_driver/params/TminiPro.yaml
[4.937s] -- Up-to-date: /home/yahboom/yahboomcar_ws/install/ydlidar_ros2_driver/share/ydlidar_ros2_driver/startup
[4.937s] -- Up-to-date: /home/yahboom/yahboomcar_ws/install/ydlidar_ros2_driver/share/ydlidar_ros2_driver/startup/initenv.sh
[4.937s] -- Up-to-date: /home/yahboom/yahboomcar_ws/install/ydlidar_ros2_driver/share/ydlidar_ros2_driver/config
[4.937s] -- Up-to-date: /home/yahboom/yahboomcar_ws/install/ydlidar_ros2_driver/share/ydlidar_ros2_driver/config/ydlidar.rviz
[4.937s] -- Up-to-date: /home/yahboom/yahboomcar_ws/install/ydlidar_ros2_driver/share/ament_index/resource_index/package_run_dependencies/ydlidar_ros2_driver
[4.938s] -- Up-to-date: /home/yahboom/yahboomcar_ws/install/ydlidar_ros2_driver/share/ament_index/resource_index/parent_prefix_path/ydlidar_ros2_driver
[4.938s] -- Up-to-date: /home/yahboom/yahboomcar_ws/install/ydlidar_ros2_driver/share/ydlidar_ros2_driver/environment/ament_prefix_path.sh
[4.938s] -- Installing: /home/yahboom/yahboomcar_ws/install/ydlidar_ros2_driver/share/ydlidar_ros2_driver/environment/ament_prefix_path.dsv
[4.938s] -- Up-to-date: /home/yahboom/yahboomcar_ws/install/ydlidar_ros2_driver/share/ydlidar_ros2_driver/environment/path.sh
[4.938s] -- Installing: /home/yahboom/yahboomcar_ws/install/ydlidar_ros2_driver/share/ydlidar_ros2_driver/environment/path.dsv
[4.938s] -- Up-to-date: /home/yahboom/yahboomcar_ws/install/ydlidar_ros2_driver/share/ydlidar_ros2_driver/local_setup.bash
[4.938s] -- Up-to-date: /home/yahboom/yahboomcar_ws/install/ydlidar_ros2_driver/share/ydlidar_ros2_driver/local_setup.sh
[4.939s] -- Up-to-date: /home/yahboom/yahboomcar_ws/install/ydlidar_ros2_driver/share/ydlidar_ros2_driver/local_setup.zsh
[4.939s] -- Installing: /home/yahboom/yahboomcar_ws/install/ydlidar_ros2_driver/share/ydlidar_ros2_driver/local_setup.dsv
[4.939s] -- Installing: /home/yahboom/yahboomcar_ws/install/ydlidar_ros2_driver/share/ydlidar_ros2_driver/package.dsv
[4.939s] -- Up-to-date: /home/yahboom/yahboomcar_ws/install/ydlidar_ros2_driver/share/ament_index/resource_index/packages/ydlidar_ros2_driver
[4.945s] -- Up-to-date: /home/yahboom/yahboomcar_ws/install/ydlidar_ros2_driver/share/ydlidar_ros2_driver/cmake/ydlidar_ros2_driverConfig.cmake
[4.948s] -- Up-to-date: /home/yahboom/yahboomcar_ws/install/ydlidar_ros2_driver/share/ydlidar_ros2_driver/cmake/ydlidar_ros2_driverConfig-version.cmake
[4.949s] -- Up-to-date: /home/yahboom/yahboomcar_ws/install/ydlidar_ros2_driver/share/ydlidar_ros2_driver/package.xml
[4.951s] Invoked command in '/home/yahboom/yahboomcar_ws/build/ydlidar_ros2_driver' returned '0': CMAKE_PREFIX_PATH=${CMAKE_PREFIX_PATH}:/opt/ros/humble /usr/bin/cmake --install /home/yahboom/yahboomcar_ws/build/ydlidar_ros2_driver
