[0.269s] DEBUG:colcon:Command line arguments: ['/usr/bin/colcon', 'build']
[0.269s] DEBUG:colcon:Parsed command line arguments: Namespace(log_base=None, log_level=None, verb_name='build', build_base='build', install_base='install', merge_install=False, symlink_install=False, test_result_base=None, continue_on_error=False, executor='parallel', parallel_workers=4, event_handlers=None, ignore_user_meta=False, metas=['./colcon.meta'], base_paths=['.'], packages_ignore=None, packages_ignore_regex=None, paths=None, packages_up_to=None, packages_up_to_regex=None, packages_above=None, packages_above_and_dependencies=None, packages_above_depth=None, packages_select_by_dep=None, packages_skip_by_dep=None, packages_skip_up_to=None, packages_select_build_failed=False, packages_skip_build_finished=False, packages_select_test_failures=False, packages_skip_test_passed=False, packages_select=None, packages_skip=None, packages_select_regex=None, packages_skip_regex=None, packages_start=None, packages_end=None, allow_overriding=[], cmake_args=None, cmake_target=None, cmake_target_skip_unavailable=False, cmake_clean_cache=False, cmake_clean_first=False, cmake_force_configure=False, ament_cmake_args=None, catkin_cmake_args=None, catkin_skip_building_tests=False, verb_parser=<colcon_defaults.argument_parser.defaults.DefaultArgumentsDecorator object at 0x7c8d5bcac490>, verb_extension=<colcon_core.verb.build.BuildVerb object at 0x7c8d5bea4880>, main=<bound method BuildVerb.main of <colcon_core.verb.build.BuildVerb object at 0x7c8d5bea4880>>)
[0.601s] Level 1:colcon.colcon_core.package_discovery:discover_packages(colcon_meta) check parameters
[0.603s] Level 1:colcon.colcon_core.package_discovery:discover_packages(recursive) check parameters
[0.603s] Level 1:colcon.colcon_core.package_discovery:discover_packages(ignore) check parameters
[0.604s] Level 1:colcon.colcon_core.package_discovery:discover_packages(path) check parameters
[0.604s] Level 1:colcon.colcon_core.package_discovery:discover_packages(colcon_meta) discover
[0.604s] Level 1:colcon.colcon_core.package_discovery:discover_packages(recursive) discover
[0.604s] INFO:colcon.colcon_core.package_discovery:Crawling recursively for packages in '/home/yahboom/yahboomcar_ws'
[0.604s] Level 1:colcon.colcon_core.package_identification:_identify(.) by extensions ['ignore', 'ignore_ament_install']
[0.604s] Level 1:colcon.colcon_core.package_identification:_identify(.) by extension 'ignore'
[0.605s] Level 1:colcon.colcon_core.package_identification:_identify(.) by extension 'ignore_ament_install'
[0.605s] Level 1:colcon.colcon_core.package_identification:_identify(.) by extensions ['colcon_pkg']
[0.605s] Level 1:colcon.colcon_core.package_identification:_identify(.) by extension 'colcon_pkg'
[0.605s] Level 1:colcon.colcon_core.package_identification:_identify(.) by extensions ['colcon_meta']
[0.605s] Level 1:colcon.colcon_core.package_identification:_identify(.) by extension 'colcon_meta'
[0.605s] Level 1:colcon.colcon_core.package_identification:_identify(.) by extensions ['ros']
[0.605s] Level 1:colcon.colcon_core.package_identification:_identify(.) by extension 'ros'
[0.625s] Level 1:colcon.colcon_core.package_identification:_identify(.) by extensions ['cmake', 'python']
[0.625s] Level 1:colcon.colcon_core.package_identification:_identify(.) by extension 'cmake'
[0.625s] Level 1:colcon.colcon_core.package_identification:_identify(.) by extension 'python'
[0.626s] Level 1:colcon.colcon_core.package_identification:_identify(.) by extensions ['python_setup_py']
[0.626s] Level 1:colcon.colcon_core.package_identification:_identify(.) by extension 'python_setup_py'
[0.626s] Level 1:colcon.colcon_core.package_identification:_identify(build) by extensions ['ignore', 'ignore_ament_install']
[0.626s] Level 1:colcon.colcon_core.package_identification:_identify(build) by extension 'ignore'
[0.626s] Level 1:colcon.colcon_core.package_identification:_identify(build) ignored
[0.626s] Level 1:colcon.colcon_core.package_identification:_identify(install) by extensions ['ignore', 'ignore_ament_install']
[0.626s] Level 1:colcon.colcon_core.package_identification:_identify(install) by extension 'ignore'
[0.626s] Level 1:colcon.colcon_core.package_identification:_identify(install) ignored
[0.626s] Level 1:colcon.colcon_core.package_identification:_identify(log) by extensions ['ignore', 'ignore_ament_install']
[0.626s] Level 1:colcon.colcon_core.package_identification:_identify(log) by extension 'ignore'
[0.626s] Level 1:colcon.colcon_core.package_identification:_identify(log) ignored
[0.626s] Level 1:colcon.colcon_core.package_identification:_identify(src) by extensions ['ignore', 'ignore_ament_install']
[0.627s] Level 1:colcon.colcon_core.package_identification:_identify(src) by extension 'ignore'
[0.627s] Level 1:colcon.colcon_core.package_identification:_identify(src) by extension 'ignore_ament_install'
[0.627s] Level 1:colcon.colcon_core.package_identification:_identify(src) by extensions ['colcon_pkg']
[0.627s] Level 1:colcon.colcon_core.package_identification:_identify(src) by extension 'colcon_pkg'
[0.627s] Level 1:colcon.colcon_core.package_identification:_identify(src) by extensions ['colcon_meta']
[0.627s] Level 1:colcon.colcon_core.package_identification:_identify(src) by extension 'colcon_meta'
[0.627s] Level 1:colcon.colcon_core.package_identification:_identify(src) by extensions ['ros']
[0.627s] Level 1:colcon.colcon_core.package_identification:_identify(src) by extension 'ros'
[0.627s] Level 1:colcon.colcon_core.package_identification:_identify(src) by extensions ['cmake', 'python']
[0.627s] Level 1:colcon.colcon_core.package_identification:_identify(src) by extension 'cmake'
[0.627s] Level 1:colcon.colcon_core.package_identification:_identify(src) by extension 'python'
[0.627s] Level 1:colcon.colcon_core.package_identification:_identify(src) by extensions ['python_setup_py']
[0.627s] Level 1:colcon.colcon_core.package_identification:_identify(src) by extension 'python_setup_py'
[0.628s] Level 1:colcon.colcon_core.package_identification:_identify(src/openslam_gmapping) by extensions ['ignore', 'ignore_ament_install']
[0.628s] Level 1:colcon.colcon_core.package_identification:_identify(src/openslam_gmapping) by extension 'ignore'
[0.628s] Level 1:colcon.colcon_core.package_identification:_identify(src/openslam_gmapping) by extension 'ignore_ament_install'
[0.629s] Level 1:colcon.colcon_core.package_identification:_identify(src/openslam_gmapping) by extensions ['colcon_pkg']
[0.629s] Level 1:colcon.colcon_core.package_identification:_identify(src/openslam_gmapping) by extension 'colcon_pkg'
[0.629s] Level 1:colcon.colcon_core.package_identification:_identify(src/openslam_gmapping) by extensions ['colcon_meta']
[0.629s] Level 1:colcon.colcon_core.package_identification:_identify(src/openslam_gmapping) by extension 'colcon_meta'
[0.629s] Level 1:colcon.colcon_core.package_identification:_identify(src/openslam_gmapping) by extensions ['ros']
[0.629s] Level 1:colcon.colcon_core.package_identification:_identify(src/openslam_gmapping) by extension 'ros'
[0.631s] DEBUG:colcon.colcon_core.package_identification:Package 'src/openslam_gmapping' with type 'ros.ament_cmake' and name 'openslam_gmapping'
[0.632s] Level 1:colcon.colcon_core.package_identification:_identify(src/slam_gmapping) by extensions ['ignore', 'ignore_ament_install']
[0.632s] Level 1:colcon.colcon_core.package_identification:_identify(src/slam_gmapping) by extension 'ignore'
[0.632s] Level 1:colcon.colcon_core.package_identification:_identify(src/slam_gmapping) by extension 'ignore_ament_install'
[0.632s] Level 1:colcon.colcon_core.package_identification:_identify(src/slam_gmapping) by extensions ['colcon_pkg']
[0.632s] Level 1:colcon.colcon_core.package_identification:_identify(src/slam_gmapping) by extension 'colcon_pkg'
[0.632s] Level 1:colcon.colcon_core.package_identification:_identify(src/slam_gmapping) by extensions ['colcon_meta']
[0.632s] Level 1:colcon.colcon_core.package_identification:_identify(src/slam_gmapping) by extension 'colcon_meta'
[0.632s] Level 1:colcon.colcon_core.package_identification:_identify(src/slam_gmapping) by extensions ['ros']
[0.632s] Level 1:colcon.colcon_core.package_identification:_identify(src/slam_gmapping) by extension 'ros'
[0.635s] DEBUG:colcon.colcon_core.package_identification:Package 'src/slam_gmapping' with type 'ros.ament_cmake' and name 'slam_gmapping'
[0.636s] Level 1:colcon.colcon_core.package_identification:_identify(src/ydlidar_ros2_driver-humble) by extensions ['ignore', 'ignore_ament_install']
[0.637s] Level 1:colcon.colcon_core.package_identification:_identify(src/ydlidar_ros2_driver-humble) by extension 'ignore'
[0.637s] Level 1:colcon.colcon_core.package_identification:_identify(src/ydlidar_ros2_driver-humble) by extension 'ignore_ament_install'
[0.637s] Level 1:colcon.colcon_core.package_identification:_identify(src/ydlidar_ros2_driver-humble) by extensions ['colcon_pkg']
[0.637s] Level 1:colcon.colcon_core.package_identification:_identify(src/ydlidar_ros2_driver-humble) by extension 'colcon_pkg'
[0.637s] Level 1:colcon.colcon_core.package_identification:_identify(src/ydlidar_ros2_driver-humble) by extensions ['colcon_meta']
[0.637s] Level 1:colcon.colcon_core.package_identification:_identify(src/ydlidar_ros2_driver-humble) by extension 'colcon_meta'
[0.637s] Level 1:colcon.colcon_core.package_identification:_identify(src/ydlidar_ros2_driver-humble) by extensions ['ros']
[0.638s] Level 1:colcon.colcon_core.package_identification:_identify(src/ydlidar_ros2_driver-humble) by extension 'ros'
[0.639s] DEBUG:colcon.colcon_core.package_identification:Package 'src/ydlidar_ros2_driver-humble' with type 'ros.ament_cmake' and name 'ydlidar_ros2_driver'
[0.639s] Level 1:colcon.colcon_core.package_discovery:discover_packages(recursive) using defaults
[0.639s] Level 1:colcon.colcon_core.package_discovery:discover_packages(ignore) discover
[0.639s] Level 1:colcon.colcon_core.package_discovery:discover_packages(ignore) using defaults
[0.639s] Level 1:colcon.colcon_core.package_discovery:discover_packages(path) discover
[0.639s] Level 1:colcon.colcon_core.package_discovery:discover_packages(path) using defaults
[0.672s] Level 1:colcon.colcon_core.package_discovery:discover_packages(prefix_path) check parameters
[0.672s] Level 1:colcon.colcon_core.package_discovery:discover_packages(prefix_path) discover
[0.673s] DEBUG:colcon.colcon_installed_package_information.package_discovery:Found 3 installed packages in /home/yahboom/yahboomcar_ws/install
[0.675s] DEBUG:colcon.colcon_installed_package_information.package_discovery:Found 270 installed packages in /opt/ros/humble
[0.697s] Level 1:colcon.colcon_core.package_discovery:discover_packages(prefix_path) using defaults
[0.742s] Level 5:colcon.colcon_core.verb:set package 'openslam_gmapping' build argument 'cmake_args' from command line to 'None'
[0.742s] Level 5:colcon.colcon_core.verb:set package 'openslam_gmapping' build argument 'cmake_target' from command line to 'None'
[0.742s] Level 5:colcon.colcon_core.verb:set package 'openslam_gmapping' build argument 'cmake_target_skip_unavailable' from command line to 'False'
[0.742s] Level 5:colcon.colcon_core.verb:set package 'openslam_gmapping' build argument 'cmake_clean_cache' from command line to 'False'
[0.742s] Level 5:colcon.colcon_core.verb:set package 'openslam_gmapping' build argument 'cmake_clean_first' from command line to 'False'
[0.742s] Level 5:colcon.colcon_core.verb:set package 'openslam_gmapping' build argument 'cmake_force_configure' from command line to 'False'
[0.742s] Level 5:colcon.colcon_core.verb:set package 'openslam_gmapping' build argument 'ament_cmake_args' from command line to 'None'
[0.742s] Level 5:colcon.colcon_core.verb:set package 'openslam_gmapping' build argument 'catkin_cmake_args' from command line to 'None'
[0.743s] Level 5:colcon.colcon_core.verb:set package 'openslam_gmapping' build argument 'catkin_skip_building_tests' from command line to 'False'
[0.743s] DEBUG:colcon.colcon_core.verb:Building package 'openslam_gmapping' with the following arguments: {'ament_cmake_args': None, 'build_base': '/home/yahboom/yahboomcar_ws/build/openslam_gmapping', 'catkin_cmake_args': None, 'catkin_skip_building_tests': False, 'cmake_args': None, 'cmake_clean_cache': False, 'cmake_clean_first': False, 'cmake_force_configure': False, 'cmake_target': None, 'cmake_target_skip_unavailable': False, 'install_base': '/home/yahboom/yahboomcar_ws/install/openslam_gmapping', 'merge_install': False, 'path': '/home/yahboom/yahboomcar_ws/src/openslam_gmapping', 'symlink_install': False, 'test_result_base': None}
[0.743s] Level 5:colcon.colcon_core.verb:set package 'ydlidar_ros2_driver' build argument 'cmake_args' from command line to 'None'
[0.743s] Level 5:colcon.colcon_core.verb:set package 'ydlidar_ros2_driver' build argument 'cmake_target' from command line to 'None'
[0.743s] Level 5:colcon.colcon_core.verb:set package 'ydlidar_ros2_driver' build argument 'cmake_target_skip_unavailable' from command line to 'False'
[0.743s] Level 5:colcon.colcon_core.verb:set package 'ydlidar_ros2_driver' build argument 'cmake_clean_cache' from command line to 'False'
[0.744s] Level 5:colcon.colcon_core.verb:set package 'ydlidar_ros2_driver' build argument 'cmake_clean_first' from command line to 'False'
[0.744s] Level 5:colcon.colcon_core.verb:set package 'ydlidar_ros2_driver' build argument 'cmake_force_configure' from command line to 'False'
[0.744s] Level 5:colcon.colcon_core.verb:set package 'ydlidar_ros2_driver' build argument 'ament_cmake_args' from command line to 'None'
[0.744s] Level 5:colcon.colcon_core.verb:set package 'ydlidar_ros2_driver' build argument 'catkin_cmake_args' from command line to 'None'
[0.744s] Level 5:colcon.colcon_core.verb:set package 'ydlidar_ros2_driver' build argument 'catkin_skip_building_tests' from command line to 'False'
[0.744s] DEBUG:colcon.colcon_core.verb:Building package 'ydlidar_ros2_driver' with the following arguments: {'ament_cmake_args': None, 'build_base': '/home/yahboom/yahboomcar_ws/build/ydlidar_ros2_driver', 'catkin_cmake_args': None, 'catkin_skip_building_tests': False, 'cmake_args': None, 'cmake_clean_cache': False, 'cmake_clean_first': False, 'cmake_force_configure': False, 'cmake_target': None, 'cmake_target_skip_unavailable': False, 'install_base': '/home/yahboom/yahboomcar_ws/install/ydlidar_ros2_driver', 'merge_install': False, 'path': '/home/yahboom/yahboomcar_ws/src/ydlidar_ros2_driver-humble', 'symlink_install': False, 'test_result_base': None}
[0.745s] Level 5:colcon.colcon_core.verb:set package 'slam_gmapping' build argument 'cmake_args' from command line to 'None'
[0.745s] Level 5:colcon.colcon_core.verb:set package 'slam_gmapping' build argument 'cmake_target' from command line to 'None'
[0.745s] Level 5:colcon.colcon_core.verb:set package 'slam_gmapping' build argument 'cmake_target_skip_unavailable' from command line to 'False'
[0.745s] Level 5:colcon.colcon_core.verb:set package 'slam_gmapping' build argument 'cmake_clean_cache' from command line to 'False'
[0.745s] Level 5:colcon.colcon_core.verb:set package 'slam_gmapping' build argument 'cmake_clean_first' from command line to 'False'
[0.745s] Level 5:colcon.colcon_core.verb:set package 'slam_gmapping' build argument 'cmake_force_configure' from command line to 'False'
[0.745s] Level 5:colcon.colcon_core.verb:set package 'slam_gmapping' build argument 'ament_cmake_args' from command line to 'None'
[0.745s] Level 5:colcon.colcon_core.verb:set package 'slam_gmapping' build argument 'catkin_cmake_args' from command line to 'None'
[0.745s] Level 5:colcon.colcon_core.verb:set package 'slam_gmapping' build argument 'catkin_skip_building_tests' from command line to 'False'
[0.746s] DEBUG:colcon.colcon_core.verb:Building package 'slam_gmapping' with the following arguments: {'ament_cmake_args': None, 'build_base': '/home/yahboom/yahboomcar_ws/build/slam_gmapping', 'catkin_cmake_args': None, 'catkin_skip_building_tests': False, 'cmake_args': None, 'cmake_clean_cache': False, 'cmake_clean_first': False, 'cmake_force_configure': False, 'cmake_target': None, 'cmake_target_skip_unavailable': False, 'install_base': '/home/yahboom/yahboomcar_ws/install/slam_gmapping', 'merge_install': False, 'path': '/home/yahboom/yahboomcar_ws/src/slam_gmapping', 'symlink_install': False, 'test_result_base': None}
[0.746s] INFO:colcon.colcon_core.executor:Executing jobs using 'parallel' executor
[0.748s] DEBUG:colcon.colcon_parallel_executor.executor.parallel:run_until_complete
[0.748s] INFO:colcon.colcon_ros.task.ament_cmake.build:Building ROS package in '/home/yahboom/yahboomcar_ws/src/openslam_gmapping' with build type 'ament_cmake'
[0.748s] INFO:colcon.colcon_cmake.task.cmake.build:Building CMake package in '/home/yahboom/yahboomcar_ws/src/openslam_gmapping'
[0.754s] INFO:colcon.colcon_core.plugin_system:Skipping extension 'colcon_core.shell.bat': Not used on non-Windows systems
[0.755s] INFO:colcon.colcon_core.shell:Skip shell extension 'powershell' for command environment: Not usable outside of PowerShell
[0.755s] DEBUG:colcon.colcon_core.shell:Skip shell extension 'dsv' for command environment
[0.763s] INFO:colcon.colcon_ros.task.ament_cmake.build:Building ROS package in '/home/yahboom/yahboomcar_ws/src/ydlidar_ros2_driver-humble' with build type 'ament_cmake'
[0.763s] INFO:colcon.colcon_cmake.task.cmake.build:Building CMake package in '/home/yahboom/yahboomcar_ws/src/ydlidar_ros2_driver-humble'
[0.763s] INFO:colcon.colcon_core.shell:Skip shell extension 'powershell' for command environment: Not usable outside of PowerShell
[0.763s] DEBUG:colcon.colcon_core.shell:Skip shell extension 'dsv' for command environment
[0.787s] DEBUG:colcon.colcon_core.event_handler.log_command:Invoking command in '/home/yahboom/yahboomcar_ws/build/openslam_gmapping': CMAKE_PREFIX_PATH=${CMAKE_PREFIX_PATH}:/opt/ros/humble: /usr/bin/cmake --build /home/yahboom/yahboomcar_ws/build/openslam_gmapping -- -j4 -l4
[0.809s] DEBUG:colcon.colcon_core.event_handler.log_command:Invoking command in '/home/yahboom/yahboomcar_ws/build/ydlidar_ros2_driver': CMAKE_PREFIX_PATH=${CMAKE_PREFIX_PATH}:/opt/ros/humble: /usr/bin/cmake --build /home/yahboom/yahboomcar_ws/build/ydlidar_ros2_driver -- -j4 -l4
[1.011s] DEBUG:colcon.colcon_core.event_handler.log_command:Invoked command in '/home/yahboom/yahboomcar_ws/build/ydlidar_ros2_driver' returned '0': CMAKE_PREFIX_PATH=${CMAKE_PREFIX_PATH}:/opt/ros/humble: /usr/bin/cmake --build /home/yahboom/yahboomcar_ws/build/ydlidar_ros2_driver -- -j4 -l4
[1.139s] DEBUG:colcon.colcon_core.event_handler.log_command:Invoking command in '/home/yahboom/yahboomcar_ws/build/ydlidar_ros2_driver': CMAKE_PREFIX_PATH=${CMAKE_PREFIX_PATH}:/opt/ros/humble: /usr/bin/cmake --install /home/yahboom/yahboomcar_ws/build/ydlidar_ros2_driver
[1.142s] DEBUG:colcon.colcon_core.event_handler.log_command:Invoked command in '/home/yahboom/yahboomcar_ws/build/openslam_gmapping' returned '0': CMAKE_PREFIX_PATH=${CMAKE_PREFIX_PATH}:/opt/ros/humble: /usr/bin/cmake --build /home/yahboom/yahboomcar_ws/build/openslam_gmapping -- -j4 -l4
[1.164s] Level 1:colcon.colcon_core.environment:create_environment_scripts_only(ydlidar_ros2_driver)
[1.177s] DEBUG:colcon.colcon_core.event_handler.log_command:Invoked command in '/home/yahboom/yahboomcar_ws/build/ydlidar_ros2_driver' returned '0': CMAKE_PREFIX_PATH=${CMAKE_PREFIX_PATH}:/opt/ros/humble: /usr/bin/cmake --install /home/yahboom/yahboomcar_ws/build/ydlidar_ros2_driver
[1.179s] Level 1:colcon.colcon_core.environment:checking '/home/yahboom/yahboomcar_ws/install/ydlidar_ros2_driver' for CMake module files
[1.180s] Level 1:colcon.colcon_core.environment:checking '/home/yahboom/yahboomcar_ws/install/ydlidar_ros2_driver' for CMake config files
[1.180s] Level 1:colcon.colcon_core.shell:create_environment_hook('ydlidar_ros2_driver', 'cmake_prefix_path')
[1.181s] INFO:colcon.colcon_core.shell:Creating environment hook '/home/yahboom/yahboomcar_ws/install/ydlidar_ros2_driver/share/ydlidar_ros2_driver/hook/cmake_prefix_path.ps1'
[1.182s] INFO:colcon.colcon_core.shell:Creating environment descriptor '/home/yahboom/yahboomcar_ws/install/ydlidar_ros2_driver/share/ydlidar_ros2_driver/hook/cmake_prefix_path.dsv'
[1.182s] INFO:colcon.colcon_core.shell:Creating environment hook '/home/yahboom/yahboomcar_ws/install/ydlidar_ros2_driver/share/ydlidar_ros2_driver/hook/cmake_prefix_path.sh'
[1.187s] Level 1:colcon.colcon_core.environment:checking '/home/yahboom/yahboomcar_ws/install/ydlidar_ros2_driver/lib'
[1.188s] Level 1:colcon.colcon_core.environment:checking '/home/yahboom/yahboomcar_ws/install/ydlidar_ros2_driver/bin'
[1.188s] Level 1:colcon.colcon_core.environment:checking '/home/yahboom/yahboomcar_ws/install/ydlidar_ros2_driver/lib/pkgconfig/ydlidar_ros2_driver.pc'
[1.189s] Level 1:colcon.colcon_core.environment:checking '/home/yahboom/yahboomcar_ws/install/ydlidar_ros2_driver/lib/python3.10/site-packages'
[1.189s] Level 1:colcon.colcon_core.environment:checking '/home/yahboom/yahboomcar_ws/install/ydlidar_ros2_driver/bin'
[1.190s] INFO:colcon.colcon_core.shell:Creating package script '/home/yahboom/yahboomcar_ws/install/ydlidar_ros2_driver/share/ydlidar_ros2_driver/package.ps1'
[1.192s] INFO:colcon.colcon_core.shell:Creating package descriptor '/home/yahboom/yahboomcar_ws/install/ydlidar_ros2_driver/share/ydlidar_ros2_driver/package.dsv'
[1.193s] INFO:colcon.colcon_core.shell:Creating package script '/home/yahboom/yahboomcar_ws/install/ydlidar_ros2_driver/share/ydlidar_ros2_driver/package.sh'
[1.198s] INFO:colcon.colcon_core.shell:Creating package script '/home/yahboom/yahboomcar_ws/install/ydlidar_ros2_driver/share/ydlidar_ros2_driver/package.bash'
[1.200s] INFO:colcon.colcon_core.shell:Creating package script '/home/yahboom/yahboomcar_ws/install/ydlidar_ros2_driver/share/ydlidar_ros2_driver/package.zsh'
[1.204s] Level 1:colcon.colcon_core.environment:create_file_with_runtime_dependencies(/home/yahboom/yahboomcar_ws/install/ydlidar_ros2_driver/share/colcon-core/packages/ydlidar_ros2_driver)
[1.288s] DEBUG:colcon.colcon_core.event_handler.log_command:Invoking command in '/home/yahboom/yahboomcar_ws/build/openslam_gmapping': CMAKE_PREFIX_PATH=${CMAKE_PREFIX_PATH}:/opt/ros/humble: /usr/bin/cmake --install /home/yahboom/yahboomcar_ws/build/openslam_gmapping
[1.326s] Level 1:colcon.colcon_core.environment:create_environment_scripts_only(openslam_gmapping)
[1.326s] Level 1:colcon.colcon_core.environment:checking '/home/yahboom/yahboomcar_ws/install/openslam_gmapping' for CMake module files
[1.340s] Level 1:colcon.colcon_core.environment:checking '/home/yahboom/yahboomcar_ws/install/openslam_gmapping' for CMake config files
[1.344s] DEBUG:colcon.colcon_core.event_handler.log_command:Invoked command in '/home/yahboom/yahboomcar_ws/build/openslam_gmapping' returned '0': CMAKE_PREFIX_PATH=${CMAKE_PREFIX_PATH}:/opt/ros/humble: /usr/bin/cmake --install /home/yahboom/yahboomcar_ws/build/openslam_gmapping
[1.345s] Level 1:colcon.colcon_core.shell:create_environment_hook('openslam_gmapping', 'cmake_prefix_path')
[1.346s] INFO:colcon.colcon_core.shell:Creating environment hook '/home/yahboom/yahboomcar_ws/install/openslam_gmapping/share/openslam_gmapping/hook/cmake_prefix_path.ps1'
[1.348s] INFO:colcon.colcon_core.shell:Creating environment descriptor '/home/yahboom/yahboomcar_ws/install/openslam_gmapping/share/openslam_gmapping/hook/cmake_prefix_path.dsv'
[1.354s] INFO:colcon.colcon_core.shell:Creating environment hook '/home/yahboom/yahboomcar_ws/install/openslam_gmapping/share/openslam_gmapping/hook/cmake_prefix_path.sh'
[1.356s] Level 1:colcon.colcon_core.environment:checking '/home/yahboom/yahboomcar_ws/install/openslam_gmapping/lib'
[1.356s] Level 1:colcon.colcon_core.environment:checking '/home/yahboom/yahboomcar_ws/install/openslam_gmapping/bin'
[1.356s] Level 1:colcon.colcon_core.environment:checking '/home/yahboom/yahboomcar_ws/install/openslam_gmapping/lib/pkgconfig/openslam_gmapping.pc'
[1.356s] Level 1:colcon.colcon_core.environment:checking '/home/yahboom/yahboomcar_ws/install/openslam_gmapping/lib/python3.10/site-packages'
[1.357s] Level 1:colcon.colcon_core.environment:checking '/home/yahboom/yahboomcar_ws/install/openslam_gmapping/bin'
[1.357s] INFO:colcon.colcon_core.shell:Creating package script '/home/yahboom/yahboomcar_ws/install/openslam_gmapping/share/openslam_gmapping/package.ps1'
[1.358s] INFO:colcon.colcon_core.shell:Creating package descriptor '/home/yahboom/yahboomcar_ws/install/openslam_gmapping/share/openslam_gmapping/package.dsv'
[1.359s] INFO:colcon.colcon_core.shell:Creating package script '/home/yahboom/yahboomcar_ws/install/openslam_gmapping/share/openslam_gmapping/package.sh'
[1.359s] INFO:colcon.colcon_core.shell:Creating package script '/home/yahboom/yahboomcar_ws/install/openslam_gmapping/share/openslam_gmapping/package.bash'
[1.360s] INFO:colcon.colcon_core.shell:Creating package script '/home/yahboom/yahboomcar_ws/install/openslam_gmapping/share/openslam_gmapping/package.zsh'
[1.362s] Level 1:colcon.colcon_core.environment:create_file_with_runtime_dependencies(/home/yahboom/yahboomcar_ws/install/openslam_gmapping/share/colcon-core/packages/openslam_gmapping)
[1.366s] Level 1:colcon.colcon_core.environment:create_environment_scripts_only(ydlidar_ros2_driver)
[1.367s] Level 1:colcon.colcon_core.environment:checking '/home/yahboom/yahboomcar_ws/install/ydlidar_ros2_driver' for CMake module files
[1.368s] Level 1:colcon.colcon_core.environment:checking '/home/yahboom/yahboomcar_ws/install/ydlidar_ros2_driver' for CMake config files
[1.369s] Level 1:colcon.colcon_core.shell:create_environment_hook('ydlidar_ros2_driver', 'cmake_prefix_path')
[1.370s] INFO:colcon.colcon_core.shell:Creating environment hook '/home/yahboom/yahboomcar_ws/install/ydlidar_ros2_driver/share/ydlidar_ros2_driver/hook/cmake_prefix_path.ps1'
[1.373s] INFO:colcon.colcon_core.shell:Creating environment descriptor '/home/yahboom/yahboomcar_ws/install/ydlidar_ros2_driver/share/ydlidar_ros2_driver/hook/cmake_prefix_path.dsv'
[1.375s] INFO:colcon.colcon_core.shell:Creating environment hook '/home/yahboom/yahboomcar_ws/install/ydlidar_ros2_driver/share/ydlidar_ros2_driver/hook/cmake_prefix_path.sh'
[1.376s] Level 1:colcon.colcon_core.environment:checking '/home/yahboom/yahboomcar_ws/install/ydlidar_ros2_driver/lib'
[1.376s] Level 1:colcon.colcon_core.environment:checking '/home/yahboom/yahboomcar_ws/install/ydlidar_ros2_driver/bin'
[1.376s] Level 1:colcon.colcon_core.environment:checking '/home/yahboom/yahboomcar_ws/install/ydlidar_ros2_driver/lib/pkgconfig/ydlidar_ros2_driver.pc'
[1.376s] Level 1:colcon.colcon_core.environment:checking '/home/yahboom/yahboomcar_ws/install/ydlidar_ros2_driver/lib/python3.10/site-packages'
[1.377s] Level 1:colcon.colcon_core.environment:checking '/home/yahboom/yahboomcar_ws/install/ydlidar_ros2_driver/bin'
[1.377s] INFO:colcon.colcon_core.shell:Creating package script '/home/yahboom/yahboomcar_ws/install/ydlidar_ros2_driver/share/ydlidar_ros2_driver/package.ps1'
[1.379s] INFO:colcon.colcon_core.shell:Creating package descriptor '/home/yahboom/yahboomcar_ws/install/ydlidar_ros2_driver/share/ydlidar_ros2_driver/package.dsv'
[1.382s] INFO:colcon.colcon_core.shell:Creating package script '/home/yahboom/yahboomcar_ws/install/ydlidar_ros2_driver/share/ydlidar_ros2_driver/package.sh'
[1.383s] INFO:colcon.colcon_core.shell:Creating package script '/home/yahboom/yahboomcar_ws/install/ydlidar_ros2_driver/share/ydlidar_ros2_driver/package.bash'
[1.385s] INFO:colcon.colcon_core.shell:Creating package script '/home/yahboom/yahboomcar_ws/install/ydlidar_ros2_driver/share/ydlidar_ros2_driver/package.zsh'
[1.387s] Level 1:colcon.colcon_core.environment:create_file_with_runtime_dependencies(/home/yahboom/yahboomcar_ws/install/ydlidar_ros2_driver/share/colcon-core/packages/ydlidar_ros2_driver)
[1.506s] Level 1:colcon.colcon_core.environment:create_environment_scripts_only(openslam_gmapping)
[1.509s] Level 1:colcon.colcon_core.environment:checking '/home/yahboom/yahboomcar_ws/install/openslam_gmapping' for CMake module files
[1.511s] Level 1:colcon.colcon_core.environment:checking '/home/yahboom/yahboomcar_ws/install/openslam_gmapping' for CMake config files
[1.512s] Level 1:colcon.colcon_core.shell:create_environment_hook('openslam_gmapping', 'cmake_prefix_path')
[1.512s] INFO:colcon.colcon_core.shell:Creating environment hook '/home/yahboom/yahboomcar_ws/install/openslam_gmapping/share/openslam_gmapping/hook/cmake_prefix_path.ps1'
[1.514s] INFO:colcon.colcon_core.shell:Creating environment descriptor '/home/yahboom/yahboomcar_ws/install/openslam_gmapping/share/openslam_gmapping/hook/cmake_prefix_path.dsv'
[1.515s] INFO:colcon.colcon_core.shell:Creating environment hook '/home/yahboom/yahboomcar_ws/install/openslam_gmapping/share/openslam_gmapping/hook/cmake_prefix_path.sh'
[1.516s] Level 1:colcon.colcon_core.environment:checking '/home/yahboom/yahboomcar_ws/install/openslam_gmapping/lib'
[1.516s] Level 1:colcon.colcon_core.environment:checking '/home/yahboom/yahboomcar_ws/install/openslam_gmapping/bin'
[1.516s] Level 1:colcon.colcon_core.environment:checking '/home/yahboom/yahboomcar_ws/install/openslam_gmapping/lib/pkgconfig/openslam_gmapping.pc'
[1.517s] Level 1:colcon.colcon_core.environment:checking '/home/yahboom/yahboomcar_ws/install/openslam_gmapping/lib/python3.10/site-packages'
[1.517s] Level 1:colcon.colcon_core.environment:checking '/home/yahboom/yahboomcar_ws/install/openslam_gmapping/bin'
[1.519s] INFO:colcon.colcon_core.shell:Creating package script '/home/yahboom/yahboomcar_ws/install/openslam_gmapping/share/openslam_gmapping/package.ps1'
[1.526s] INFO:colcon.colcon_core.shell:Creating package descriptor '/home/yahboom/yahboomcar_ws/install/openslam_gmapping/share/openslam_gmapping/package.dsv'
[1.528s] INFO:colcon.colcon_core.shell:Creating package script '/home/yahboom/yahboomcar_ws/install/openslam_gmapping/share/openslam_gmapping/package.sh'
[1.530s] INFO:colcon.colcon_core.shell:Creating package script '/home/yahboom/yahboomcar_ws/install/openslam_gmapping/share/openslam_gmapping/package.bash'
[1.533s] INFO:colcon.colcon_core.shell:Creating package script '/home/yahboom/yahboomcar_ws/install/openslam_gmapping/share/openslam_gmapping/package.zsh'
[1.534s] Level 1:colcon.colcon_core.environment:create_file_with_runtime_dependencies(/home/yahboom/yahboomcar_ws/install/openslam_gmapping/share/colcon-core/packages/openslam_gmapping)
[1.534s] INFO:colcon.colcon_ros.task.ament_cmake.build:Building ROS package in '/home/yahboom/yahboomcar_ws/src/slam_gmapping' with build type 'ament_cmake'
[1.535s] INFO:colcon.colcon_cmake.task.cmake.build:Building CMake package in '/home/yahboom/yahboomcar_ws/src/slam_gmapping'
[1.535s] INFO:colcon.colcon_core.shell:Skip shell extension 'powershell' for command environment: Not usable outside of PowerShell
[1.535s] DEBUG:colcon.colcon_core.shell:Skip shell extension 'dsv' for command environment
[1.583s] DEBUG:colcon.colcon_core.event_handler.log_command:Invoking command in '/home/yahboom/yahboomcar_ws/build/slam_gmapping': CMAKE_PREFIX_PATH=/home/yahboom/yahboomcar_ws/install/openslam_gmapping:/home/yahboom/yahboomcar_ws/install/ydlidar_ros2_driver:/home/yahboom/yahboomcar_ws/install/slam_gmapping:/opt/ros/humble: /usr/bin/cmake --build /home/yahboom/yahboomcar_ws/build/slam_gmapping -- -j4 -l4
[3.808s] DEBUG:colcon.colcon_core.event_handler.log_command:Invoked command in '/home/yahboom/yahboomcar_ws/build/slam_gmapping' returned '2': CMAKE_PREFIX_PATH=/home/yahboom/yahboomcar_ws/install/openslam_gmapping:/home/yahboom/yahboomcar_ws/install/ydlidar_ros2_driver:/home/yahboom/yahboomcar_ws/install/slam_gmapping:/opt/ros/humble: /usr/bin/cmake --build /home/yahboom/yahboomcar_ws/build/slam_gmapping -- -j4 -l4
[3.988s] Level 1:colcon.colcon_core.environment:create_environment_scripts_only(slam_gmapping)
[3.989s] Level 1:colcon.colcon_core.environment:checking '/home/yahboom/yahboomcar_ws/install/slam_gmapping' for CMake module files
[3.989s] Level 1:colcon.colcon_core.environment:checking '/home/yahboom/yahboomcar_ws/install/slam_gmapping' for CMake config files
[3.989s] Level 1:colcon.colcon_core.shell:create_environment_hook('slam_gmapping', 'cmake_prefix_path')
[3.990s] INFO:colcon.colcon_core.shell:Creating environment hook '/home/yahboom/yahboomcar_ws/install/slam_gmapping/share/slam_gmapping/hook/cmake_prefix_path.ps1'
[3.990s] INFO:colcon.colcon_core.shell:Creating environment descriptor '/home/yahboom/yahboomcar_ws/install/slam_gmapping/share/slam_gmapping/hook/cmake_prefix_path.dsv'
[3.991s] INFO:colcon.colcon_core.shell:Creating environment hook '/home/yahboom/yahboomcar_ws/install/slam_gmapping/share/slam_gmapping/hook/cmake_prefix_path.sh'
[3.992s] Level 1:colcon.colcon_core.environment:checking '/home/yahboom/yahboomcar_ws/install/slam_gmapping/lib'
[3.992s] Level 1:colcon.colcon_core.environment:checking '/home/yahboom/yahboomcar_ws/install/slam_gmapping/bin'
[3.992s] Level 1:colcon.colcon_core.environment:checking '/home/yahboom/yahboomcar_ws/install/slam_gmapping/lib/pkgconfig/slam_gmapping.pc'
[3.992s] Level 1:colcon.colcon_core.environment:checking '/home/yahboom/yahboomcar_ws/install/slam_gmapping/lib/python3.10/site-packages'
[3.992s] Level 1:colcon.colcon_core.environment:checking '/home/yahboom/yahboomcar_ws/install/slam_gmapping/bin'
[3.993s] INFO:colcon.colcon_core.shell:Creating package script '/home/yahboom/yahboomcar_ws/install/slam_gmapping/share/slam_gmapping/package.ps1'
[3.993s] INFO:colcon.colcon_core.shell:Creating package descriptor '/home/yahboom/yahboomcar_ws/install/slam_gmapping/share/slam_gmapping/package.dsv'
[3.994s] INFO:colcon.colcon_core.shell:Creating package script '/home/yahboom/yahboomcar_ws/install/slam_gmapping/share/slam_gmapping/package.sh'
[3.995s] INFO:colcon.colcon_core.shell:Creating package script '/home/yahboom/yahboomcar_ws/install/slam_gmapping/share/slam_gmapping/package.bash'
[3.995s] INFO:colcon.colcon_core.shell:Creating package script '/home/yahboom/yahboomcar_ws/install/slam_gmapping/share/slam_gmapping/package.zsh'
[3.996s] Level 1:colcon.colcon_core.environment:create_file_with_runtime_dependencies(/home/yahboom/yahboomcar_ws/install/slam_gmapping/share/colcon-core/packages/slam_gmapping)
[4.007s] DEBUG:colcon.colcon_parallel_executor.executor.parallel:closing loop
[4.008s] DEBUG:colcon.colcon_parallel_executor.executor.parallel:loop closed
[4.008s] DEBUG:colcon.colcon_parallel_executor.executor.parallel:run_until_complete finished with '2'
[4.008s] DEBUG:colcon.colcon_core.event_reactor:joining thread
[4.029s] INFO:colcon.colcon_core.plugin_system:Skipping extension 'colcon_notification.desktop_notification.terminal_notifier': Not used on non-Darwin systems
[4.029s] INFO:colcon.colcon_core.plugin_system:Skipping extension 'colcon_notification.desktop_notification.win32': Not used on non-Windows systems
[4.029s] INFO:colcon.colcon_notification.desktop_notification:Sending desktop notification using 'notify2'
[4.062s] DEBUG:colcon.colcon_core.event_reactor:joined thread
[4.062s] INFO:colcon.colcon_core.shell:Creating prefix script '/home/yahboom/yahboomcar_ws/install/local_setup.ps1'
[4.063s] INFO:colcon.colcon_core.shell:Creating prefix util module '/home/yahboom/yahboomcar_ws/install/_local_setup_util_ps1.py'
[4.065s] INFO:colcon.colcon_core.shell:Creating prefix chain script '/home/yahboom/yahboomcar_ws/install/setup.ps1'
[4.071s] INFO:colcon.colcon_core.shell:Creating prefix script '/home/yahboom/yahboomcar_ws/install/local_setup.sh'
[4.073s] INFO:colcon.colcon_core.shell:Creating prefix util module '/home/yahboom/yahboomcar_ws/install/_local_setup_util_sh.py'
[4.075s] INFO:colcon.colcon_core.shell:Creating prefix chain script '/home/yahboom/yahboomcar_ws/install/setup.sh'
[4.080s] INFO:colcon.colcon_core.shell:Creating prefix script '/home/yahboom/yahboomcar_ws/install/local_setup.bash'
[4.081s] INFO:colcon.colcon_core.shell:Creating prefix chain script '/home/yahboom/yahboomcar_ws/install/setup.bash'
[4.084s] INFO:colcon.colcon_core.shell:Creating prefix script '/home/yahboom/yahboomcar_ws/install/local_setup.zsh'
[4.084s] INFO:colcon.colcon_core.shell:Creating prefix chain script '/home/yahboom/yahboomcar_ws/install/setup.zsh'
