[0.157s] Invoking command in '/home/yahboom/yahboomcar_ws/build/openslam_gmapping': CMAKE_PREFIX_PATH=/opt/ros/humble /usr/bin/cmake --build /home/yahboom/yahboomcar_ws/build/openslam_gmapping -- -j4 -l4
[0.307s] [35m[1mConsolidate compiler generated dependencies of target utils[0m
[0.308s] [35m[1mConsolidate compiler generated dependencies of target sensor_base[0m
[0.350s] [ 13%] Built target utils
[0.352s] [ 27%] Built target sensor_base
[0.390s] [35m[1mConsolidate compiler generated dependencies of target sensor_range[0m
[0.395s] [35m[1mConsolidate compiler generated dependencies of target sensor_odometry[0m
[0.437s] [ 40%] Built target sensor_range
[0.443s] [ 54%] Built target sensor_odometry
[0.466s] [35m[1mConsolidate compiler generated dependencies of target scanmatcher[0m
[0.504s] [ 77%] Built target scanmatcher
[0.539s] [35m[1mConsolidate compiler generated dependencies of target gridfastslam[0m
[0.580s] [100%] Built target gridfastslam
[0.606s] Invoked command in '/home/yahboom/yahboomcar_ws/build/openslam_gmapping' returned '0': CMAKE_PREFIX_PATH=/opt/ros/humble /usr/bin/cmake --build /home/yahboom/yahboomcar_ws/build/openslam_gmapping -- -j4 -l4
[0.787s] Invoking command in '/home/yahboom/yahboomcar_ws/build/openslam_gmapping': CMAKE_PREFIX_PATH=/opt/ros/humble /usr/bin/cmake --install /home/yahboom/yahboomcar_ws/build/openslam_gmapping
[0.802s] -- Install configuration: ""
[0.803s] -- Up-to-date: /home/yahboom/yahboomcar_ws/install/openslam_gmapping/share/openslam_gmapping/environment/library_path.sh
[0.803s] -- Up-to-date: /home/yahboom/yahboomcar_ws/install/openslam_gmapping/share/openslam_gmapping/environment/library_path.dsv
[0.803s] -- Up-to-date: /home/yahboom/yahboomcar_ws/install/openslam_gmapping/include/
[0.804s] -- Up-to-date: /home/yahboom/yahboomcar_ws/install/openslam_gmapping/include//gmapping
[0.804s] -- Up-to-date: /home/yahboom/yahboomcar_ws/install/openslam_gmapping/include//gmapping/grid
[0.804s] -- Up-to-date: /home/yahboom/yahboomcar_ws/install/openslam_gmapping/include//gmapping/grid/accessstate.h
[0.805s] -- Up-to-date: /home/yahboom/yahboomcar_ws/install/openslam_gmapping/include//gmapping/grid/harray2d.h
[0.805s] -- Up-to-date: /home/yahboom/yahboomcar_ws/install/openslam_gmapping/include//gmapping/grid/array2d.h
[0.805s] -- Up-to-date: /home/yahboom/yahboomcar_ws/install/openslam_gmapping/include//gmapping/grid/map.h
[0.806s] -- Up-to-date: /home/yahboom/yahboomcar_ws/install/openslam_gmapping/include//gmapping/particlefilter
[0.807s] -- Up-to-date: /home/yahboom/yahboomcar_ws/install/openslam_gmapping/include//gmapping/particlefilter/particlefilter.h
[0.808s] -- Up-to-date: /home/yahboom/yahboomcar_ws/install/openslam_gmapping/include//gmapping/sensor
[0.808s] -- Up-to-date: /home/yahboom/yahboomcar_ws/install/openslam_gmapping/include//gmapping/sensor/sensor_odometry
[0.809s] -- Up-to-date: /home/yahboom/yahboomcar_ws/install/openslam_gmapping/include//gmapping/sensor/sensor_odometry/odometrysensor.h
[0.809s] -- Up-to-date: /home/yahboom/yahboomcar_ws/install/openslam_gmapping/include//gmapping/sensor/sensor_odometry/odometryreading.h
[0.809s] -- Up-to-date: /home/yahboom/yahboomcar_ws/install/openslam_gmapping/include//gmapping/sensor/sensor_base
[0.809s] -- Up-to-date: /home/yahboom/yahboomcar_ws/install/openslam_gmapping/include//gmapping/sensor/sensor_base/sensor.h
[0.809s] -- Up-to-date: /home/yahboom/yahboomcar_ws/install/openslam_gmapping/include//gmapping/sensor/sensor_base/sensorreading.h
[0.809s] -- Up-to-date: /home/yahboom/yahboomcar_ws/install/openslam_gmapping/include//gmapping/sensor/sensor_range
[0.810s] -- Up-to-date: /home/yahboom/yahboomcar_ws/install/openslam_gmapping/include//gmapping/sensor/sensor_range/rangereading.h
[0.810s] -- Up-to-date: /home/yahboom/yahboomcar_ws/install/openslam_gmapping/include//gmapping/sensor/sensor_range/rangesensor.h
[0.810s] -- Up-to-date: /home/yahboom/yahboomcar_ws/install/openslam_gmapping/include//gmapping/gridfastslam
[0.810s] -- Up-to-date: /home/yahboom/yahboomcar_ws/install/openslam_gmapping/include//gmapping/gridfastslam/motionmodel.h
[0.810s] -- Up-to-date: /home/yahboom/yahboomcar_ws/install/openslam_gmapping/include//gmapping/gridfastslam/gridslamprocessor.h
[0.810s] -- Up-to-date: /home/yahboom/yahboomcar_ws/install/openslam_gmapping/include//gmapping/gridfastslam/gridslamprocessor.hxx
[0.810s] -- Up-to-date: /home/yahboom/yahboomcar_ws/install/openslam_gmapping/include//gmapping/log
[0.810s] -- Up-to-date: /home/yahboom/yahboomcar_ws/install/openslam_gmapping/include//gmapping/log/sensorlog.h
[0.811s] -- Up-to-date: /home/yahboom/yahboomcar_ws/install/openslam_gmapping/include//gmapping/log/configuration.h
[0.811s] -- Up-to-date: /home/yahboom/yahboomcar_ws/install/openslam_gmapping/include//gmapping/scanmatcher
[0.811s] -- Up-to-date: /home/yahboom/yahboomcar_ws/install/openslam_gmapping/include//gmapping/scanmatcher/smmap.h
[0.811s] -- Up-to-date: /home/yahboom/yahboomcar_ws/install/openslam_gmapping/include//gmapping/scanmatcher/scanmatcher.h
[0.812s] -- Up-to-date: /home/yahboom/yahboomcar_ws/install/openslam_gmapping/include//gmapping/scanmatcher/icp.h
[0.814s] -- Up-to-date: /home/yahboom/yahboomcar_ws/install/openslam_gmapping/include//gmapping/utils
[0.818s] -- Up-to-date: /home/yahboom/yahboomcar_ws/install/openslam_gmapping/include//gmapping/utils/point.h
[0.819s] -- Up-to-date: /home/yahboom/yahboomcar_ws/install/openslam_gmapping/include//gmapping/utils/commandline.h
[0.821s] -- Up-to-date: /home/yahboom/yahboomcar_ws/install/openslam_gmapping/include//gmapping/utils/gvalues.h
[0.823s] -- Up-to-date: /home/yahboom/yahboomcar_ws/install/openslam_gmapping/include//gmapping/utils/macro_params.h
[0.824s] -- Up-to-date: /home/yahboom/yahboomcar_ws/install/openslam_gmapping/include//gmapping/utils/autoptr.h
[0.824s] -- Up-to-date: /home/yahboom/yahboomcar_ws/install/openslam_gmapping/include//gmapping/utils/stat.h
[0.825s] -- Up-to-date: /home/yahboom/yahboomcar_ws/install/openslam_gmapping/share/ament_index/resource_index/package_run_dependencies/openslam_gmapping
[0.825s] -- Up-to-date: /home/yahboom/yahboomcar_ws/install/openslam_gmapping/share/ament_index/resource_index/parent_prefix_path/openslam_gmapping
[0.825s] -- Up-to-date: /home/yahboom/yahboomcar_ws/install/openslam_gmapping/share/openslam_gmapping/environment/ament_prefix_path.sh
[0.826s] -- Up-to-date: /home/yahboom/yahboomcar_ws/install/openslam_gmapping/share/openslam_gmapping/environment/ament_prefix_path.dsv
[0.826s] -- Up-to-date: /home/yahboom/yahboomcar_ws/install/openslam_gmapping/share/openslam_gmapping/environment/path.sh
[0.827s] -- Up-to-date: /home/yahboom/yahboomcar_ws/install/openslam_gmapping/share/openslam_gmapping/environment/path.dsv
[0.827s] -- Up-to-date: /home/yahboom/yahboomcar_ws/install/openslam_gmapping/share/openslam_gmapping/local_setup.bash
[0.829s] -- Up-to-date: /home/yahboom/yahboomcar_ws/install/openslam_gmapping/share/openslam_gmapping/local_setup.sh
[0.830s] -- Up-to-date: /home/yahboom/yahboomcar_ws/install/openslam_gmapping/share/openslam_gmapping/local_setup.zsh
[0.830s] -- Up-to-date: /home/yahboom/yahboomcar_ws/install/openslam_gmapping/share/openslam_gmapping/local_setup.dsv
[0.831s] -- Installing: /home/yahboom/yahboomcar_ws/install/openslam_gmapping/share/openslam_gmapping/package.dsv
[0.831s] -- Up-to-date: /home/yahboom/yahboomcar_ws/install/openslam_gmapping/share/ament_index/resource_index/packages/openslam_gmapping
[0.831s] -- Up-to-date: /home/yahboom/yahboomcar_ws/install/openslam_gmapping/share/openslam_gmapping/cmake/ament_cmake_export_libraries-extras.cmake
[0.831s] -- Up-to-date: /home/yahboom/yahboomcar_ws/install/openslam_gmapping/share/openslam_gmapping/cmake/ament_cmake_export_include_directories-extras.cmake
[0.831s] -- Up-to-date: /home/yahboom/yahboomcar_ws/install/openslam_gmapping/share/openslam_gmapping/cmake/openslam_gmappingConfig.cmake
[0.831s] -- Up-to-date: /home/yahboom/yahboomcar_ws/install/openslam_gmapping/share/openslam_gmapping/cmake/openslam_gmappingConfig-version.cmake
[0.831s] -- Up-to-date: /home/yahboom/yahboomcar_ws/install/openslam_gmapping/share/openslam_gmapping/package.xml
[0.832s] -- Up-to-date: /home/yahboom/yahboomcar_ws/install/openslam_gmapping/lib/libgridfastslam.a
[0.832s] -- Up-to-date: /home/yahboom/yahboomcar_ws/install/openslam_gmapping/lib/libscanmatcher.a
[0.832s] -- Up-to-date: /home/yahboom/yahboomcar_ws/install/openslam_gmapping/share/openslam_gmapping/environment/library_path.sh
[0.832s] -- Up-to-date: /home/yahboom/yahboomcar_ws/install/openslam_gmapping/share/openslam_gmapping/environment/library_path.dsv
[0.832s] -- Up-to-date: /home/yahboom/yahboomcar_ws/install/openslam_gmapping/lib/libsensor_base.a
[0.832s] -- Up-to-date: /home/yahboom/yahboomcar_ws/install/openslam_gmapping/share/openslam_gmapping/environment/library_path.sh
[0.832s] -- Up-to-date: /home/yahboom/yahboomcar_ws/install/openslam_gmapping/share/openslam_gmapping/environment/library_path.dsv
[0.833s] -- Up-to-date: /home/yahboom/yahboomcar_ws/install/openslam_gmapping/lib/libsensor_odometry.a
[0.833s] -- Up-to-date: /home/yahboom/yahboomcar_ws/install/openslam_gmapping/lib/libsensor_range.a
[0.833s] -- Up-to-date: /home/yahboom/yahboomcar_ws/install/openslam_gmapping/lib/libutils.a
[0.833s] -- Up-to-date: /home/yahboom/yahboomcar_ws/install/openslam_gmapping/share/openslam_gmapping/environment/library_path.sh
[0.833s] -- Up-to-date: /home/yahboom/yahboomcar_ws/install/openslam_gmapping/share/openslam_gmapping/environment/library_path.dsv
[0.834s] Invoked command in '/home/yahboom/yahboomcar_ws/build/openslam_gmapping' returned '0': CMAKE_PREFIX_PATH=/opt/ros/humble /usr/bin/cmake --install /home/yahboom/yahboomcar_ws/build/openslam_gmapping
