[0.045s] Invoking command in '/home/yahboom/yahboomcar_ws/build/ydlidar_ros2_driver': CMAKE_PREFIX_PATH=${CMAKE_PREFIX_PATH}:/opt/ros/humble: /usr/bin/cmake --build /home/yahboom/yahboomcar_ws/build/ydlidar_ros2_driver -- -j4 -l4
[0.209s] [ 50%] Built target ydlidar_ros2_driver_client
[0.218s] [100%] Built target ydlidar_ros2_driver_node
[0.247s] Invoked command in '/home/yahboom/yahboomcar_ws/build/ydlidar_ros2_driver' returned '0': CMAKE_PREFIX_PATH=${CMAKE_PREFIX_PATH}:/opt/ros/humble: /usr/bin/cmake --build /home/yahboom/yahboomcar_ws/build/ydlidar_ros2_driver -- -j4 -l4
[0.375s] Invoking command in '/home/yahboom/yahboomcar_ws/build/ydlidar_ros2_driver': CMAKE_PREFIX_PATH=${CMAKE_PREFIX_PATH}:/opt/ros/humble: /usr/bin/cmake --install /home/yahboom/yahboomcar_ws/build/ydlidar_ros2_driver
[0.391s] -- Install configuration: ""
[0.393s] -- Up-to-date: /home/yahboom/yahboomcar_ws/install/ydlidar_ros2_driver/lib/ydlidar_ros2_driver/ydlidar_ros2_driver_node
[0.394s] -- Up-to-date: /home/yahboom/yahboomcar_ws/install/ydlidar_ros2_driver/lib/ydlidar_ros2_driver/ydlidar_ros2_driver_client
[0.394s] -- Up-to-date: /home/yahboom/yahboomcar_ws/install/ydlidar_ros2_driver/share/ydlidar_ros2_driver/launch
[0.394s] -- Up-to-date: /home/yahboom/yahboomcar_ws/install/ydlidar_ros2_driver/share/ydlidar_ros2_driver/launch/ydlidar.py
[0.395s] -- Up-to-date: /home/yahboom/yahboomcar_ws/install/ydlidar_ros2_driver/share/ydlidar_ros2_driver/launch/ydlidar_launch.py
[0.395s] -- Up-to-date: /home/yahboom/yahboomcar_ws/install/ydlidar_ros2_driver/share/ydlidar_ros2_driver/launch/ydlidar_launch_view.py
[0.395s] -- Up-to-date: /home/yahboom/yahboomcar_ws/install/ydlidar_ros2_driver/share/ydlidar_ros2_driver/params
[0.396s] -- Up-to-date: /home/yahboom/yahboomcar_ws/install/ydlidar_ros2_driver/share/ydlidar_ros2_driver/params/X4-Pro.yaml
[0.396s] -- Up-to-date: /home/yahboom/yahboomcar_ws/install/ydlidar_ros2_driver/share/ydlidar_ros2_driver/params/TG.yaml
[0.396s] -- Up-to-date: /home/yahboom/yahboomcar_ws/install/ydlidar_ros2_driver/share/ydlidar_ros2_driver/params/TEA.yaml
[0.396s] -- Up-to-date: /home/yahboom/yahboomcar_ws/install/ydlidar_ros2_driver/share/ydlidar_ros2_driver/params/X2.yaml
[0.396s] -- Up-to-date: /home/yahboom/yahboomcar_ws/install/ydlidar_ros2_driver/share/ydlidar_ros2_driver/params/G2.yaml
[0.396s] -- Up-to-date: /home/yahboom/yahboomcar_ws/install/ydlidar_ros2_driver/share/ydlidar_ros2_driver/params/G1.yaml
[0.397s] -- Up-to-date: /home/yahboom/yahboomcar_ws/install/ydlidar_ros2_driver/share/ydlidar_ros2_driver/params/ydlidar.yaml
[0.397s] -- Up-to-date: /home/yahboom/yahboomcar_ws/install/ydlidar_ros2_driver/share/ydlidar_ros2_driver/params/G6.yaml
[0.399s] -- Up-to-date: /home/yahboom/yahboomcar_ws/install/ydlidar_ros2_driver/share/ydlidar_ros2_driver/params/GS2.yaml
[0.407s] -- Up-to-date: /home/yahboom/yahboomcar_ws/install/ydlidar_ros2_driver/share/ydlidar_ros2_driver/params/X4.yaml
[0.408s] -- Up-to-date: /home/yahboom/yahboomcar_ws/install/ydlidar_ros2_driver/share/ydlidar_ros2_driver/params/TminiPro.yaml
[0.408s] -- Up-to-date: /home/yahboom/yahboomcar_ws/install/ydlidar_ros2_driver/share/ydlidar_ros2_driver/startup
[0.409s] -- Up-to-date: /home/yahboom/yahboomcar_ws/install/ydlidar_ros2_driver/share/ydlidar_ros2_driver/startup/initenv.sh
[0.409s] -- Up-to-date: /home/yahboom/yahboomcar_ws/install/ydlidar_ros2_driver/share/ydlidar_ros2_driver/config
[0.410s] -- Up-to-date: /home/yahboom/yahboomcar_ws/install/ydlidar_ros2_driver/share/ydlidar_ros2_driver/config/ydlidar.rviz
[0.410s] -- Up-to-date: /home/yahboom/yahboomcar_ws/install/ydlidar_ros2_driver/share/ament_index/resource_index/package_run_dependencies/ydlidar_ros2_driver
[0.410s] -- Up-to-date: /home/yahboom/yahboomcar_ws/install/ydlidar_ros2_driver/share/ament_index/resource_index/parent_prefix_path/ydlidar_ros2_driver
[0.410s] -- Up-to-date: /home/yahboom/yahboomcar_ws/install/ydlidar_ros2_driver/share/ydlidar_ros2_driver/environment/ament_prefix_path.sh
[0.410s] -- Up-to-date: /home/yahboom/yahboomcar_ws/install/ydlidar_ros2_driver/share/ydlidar_ros2_driver/environment/ament_prefix_path.dsv
[0.410s] -- Up-to-date: /home/yahboom/yahboomcar_ws/install/ydlidar_ros2_driver/share/ydlidar_ros2_driver/environment/path.sh
[0.410s] -- Up-to-date: /home/yahboom/yahboomcar_ws/install/ydlidar_ros2_driver/share/ydlidar_ros2_driver/environment/path.dsv
[0.410s] -- Up-to-date: /home/yahboom/yahboomcar_ws/install/ydlidar_ros2_driver/share/ydlidar_ros2_driver/local_setup.bash
[0.411s] -- Up-to-date: /home/yahboom/yahboomcar_ws/install/ydlidar_ros2_driver/share/ydlidar_ros2_driver/local_setup.sh
[0.411s] -- Up-to-date: /home/yahboom/yahboomcar_ws/install/ydlidar_ros2_driver/share/ydlidar_ros2_driver/local_setup.zsh
[0.411s] -- Up-to-date: /home/yahboom/yahboomcar_ws/install/ydlidar_ros2_driver/share/ydlidar_ros2_driver/local_setup.dsv
[0.411s] -- Installing: /home/yahboom/yahboomcar_ws/install/ydlidar_ros2_driver/share/ydlidar_ros2_driver/package.dsv
[0.411s] -- Up-to-date: /home/yahboom/yahboomcar_ws/install/ydlidar_ros2_driver/share/ament_index/resource_index/packages/ydlidar_ros2_driver
[0.411s] -- Up-to-date: /home/yahboom/yahboomcar_ws/install/ydlidar_ros2_driver/share/ydlidar_ros2_driver/cmake/ydlidar_ros2_driverConfig.cmake
[0.411s] -- Up-to-date: /home/yahboom/yahboomcar_ws/install/ydlidar_ros2_driver/share/ydlidar_ros2_driver/cmake/ydlidar_ros2_driverConfig-version.cmake
[0.412s] -- Up-to-date: /home/yahboom/yahboomcar_ws/install/ydlidar_ros2_driver/share/ydlidar_ros2_driver/package.xml
[0.412s] Invoked command in '/home/yahboom/yahboomcar_ws/build/ydlidar_ros2_driver' returned '0': CMAKE_PREFIX_PATH=${CMAKE_PREFIX_PATH}:/opt/ros/humble: /usr/bin/cmake --install /home/yahboom/yahboomcar_ws/build/ydlidar_ros2_driver
