[0.035s] Invoking command in '/home/yahboom/yahboomcar_ws/build/slam_gmapping': AMENT_PREFIX_PATH=/home/yahboom/yahboomcar_ws/install/openslam_gmapping:${AMENT_PREFIX_PATH} CMAKE_PREFIX_PATH=/home/yahboom/yahboomcar_ws/install/openslam_gmapping:/home/yahboom/yahboomcar_ws/install/ydlidar_ros2_driver:/opt/ros/humble LD_LIBRARY_PATH=/home/yahboom/yahboomcar_ws/install/openslam_gmapping/lib:${LD_LIBRARY_PATH} /usr/bin/cmake /home/yahboom/yahboomcar_ws/src/slam_gmapping -DCMAKE_INSTALL_PREFIX=/home/yahboom/yahboomcar_ws/install/slam_gmapping
[0.213s] -- The C compiler identification is GNU 11.4.0
[0.339s] -- The CXX compiler identification is GNU 11.4.0
[0.352s] -- Detecting C compiler ABI info
[0.545s] -- Detecting C compiler ABI info - done
[0.555s] -- Check for working C compiler: /usr/bin/cc - skipped
[0.556s] -- Detecting C compile features
[0.556s] -- Detecting C compile features - done
[0.564s] -- Detecting CXX compiler ABI info
[0.744s] -- Detecting CXX compiler ABI info - done
[0.754s] -- Check for working CXX compiler: /usr/bin/c++ - skipped
[0.756s] -- Detecting CXX compile features
[0.758s] [0m -fuse-ld=lld -Wl,--disable-new-dtags[0m
[0.758s] -- Detecting CXX compile features - done
[0.761s] -- Found ament_cmake: 1.3.8 (/opt/ros/humble/share/ament_cmake/cmake)
[1.048s] -- Found Python3: /usr/bin/python3 (found version "3.10.12") found components: Interpreter 
[1.196s] -- Found std_msgs: 4.2.3 (/opt/ros/humble/share/std_msgs/cmake)
[1.241s] -- Found rosidl_generator_c: 3.1.5 (/opt/ros/humble/share/rosidl_generator_c/cmake)
[1.247s] -- Found rosidl_adapter: 3.1.5 (/opt/ros/humble/share/rosidl_adapter/cmake)
[1.262s] -- Found rosidl_generator_cpp: 3.1.5 (/opt/ros/humble/share/rosidl_generator_cpp/cmake)
[1.282s] -- Using all available rosidl_typesupport_c: rosidl_typesupport_fastrtps_c;rosidl_typesupport_introspection_c
[1.311s] -- Using all available rosidl_typesupport_cpp: rosidl_typesupport_fastrtps_cpp;rosidl_typesupport_introspection_cpp
[1.382s] -- Found nav_msgs: 4.2.3 (/opt/ros/humble/share/nav_msgs/cmake)
[1.547s] -- Found tf2: 0.25.6 (/opt/ros/humble/share/tf2/cmake)
[1.565s] -- Found tf2_ros: 0.25.6 (/opt/ros/humble/share/tf2_ros/cmake)
[1.723s] -- Found rmw_implementation_cmake: 6.1.1 (/opt/ros/humble/share/rmw_implementation_cmake/cmake)
[1.728s] -- Found rmw_fastrtps_cpp: 6.2.6 (/opt/ros/humble/share/rmw_fastrtps_cpp/cmake)
[1.981s] -- Found OpenSSL: /usr/lib/x86_64-linux-gnu/libcrypto.so (found version "3.0.2")  
[2.039s] -- Found FastRTPS: /opt/ros/humble/include  
[2.120s] -- Using RMW implementation 'rmw_fastrtps_cpp' as default
[2.135s] -- Looking for pthread.h
[2.347s] -- Looking for pthread.h - found
[2.348s] -- Performing Test CMAKE_HAVE_LIBC_PTHREAD
[2.567s] -- Performing Test CMAKE_HAVE_LIBC_PTHREAD - Success
[2.570s] -- Found Threads: TRUE  
[3.077s] -- Found tf2_geometry_msgs: 0.25.6 (/opt/ros/humble/share/tf2_geometry_msgs/cmake)
[3.093s] -- Found eigen3_cmake_module: 0.1.1 (/opt/ros/humble/share/eigen3_cmake_module/cmake)
[3.095s] -- Found Eigen3: TRUE (found version "3.4.0") 
[3.096s] -- Ensuring Eigen3 include directory is part of orocos-kdl CMake target
[3.110s] -- Found sensor_msgs: 4.2.3 (/opt/ros/humble/share/sensor_msgs/cmake)
[3.209s] -- Found visualization_msgs: 4.2.3 (/opt/ros/humble/share/visualization_msgs/cmake)
[3.348s] -- Found openslam_gmapping: 0.1.2 (/home/yahboom/yahboomcar_ws/install/openslam_gmapping/share/openslam_gmapping/cmake)
[3.352s] -- Found ament_lint_auto: 0.12.10 (/opt/ros/humble/share/ament_lint_auto/cmake)
[3.507s] -- Added test 'cppcheck' to perform static code analysis on C / C++ code
[3.509s] -- Configured cppcheck include dirs: /home/yahboom/yahboomcar_ws/src/slam_gmapping/include
[3.509s] -- Configured cppcheck exclude dirs and/or files: 
[3.510s] -- Added test 'flake8' to check Python code syntax and style conventions
[3.511s] -- Added test 'lint_cmake' to check CMake code style
[3.511s] -- Added test 'pep257' to check Python code against some of the docstring style conventions in PEP 257
[3.512s] -- Added test 'uncrustify' to check C / C++ code style
[3.513s] -- Configured uncrustify additional arguments: 
[3.514s] -- Added test 'xmllint' to check XML markup files
[3.514s] -- Configuring done
[3.534s] -- Generating done
[3.538s] -- Build files have been written to: /home/yahboom/yahboomcar_ws/build/slam_gmapping
[3.561s] Invoked command in '/home/yahboom/yahboomcar_ws/build/slam_gmapping' returned '0': AMENT_PREFIX_PATH=/home/yahboom/yahboomcar_ws/install/openslam_gmapping:${AMENT_PREFIX_PATH} CMAKE_PREFIX_PATH=/home/yahboom/yahboomcar_ws/install/openslam_gmapping:/home/yahboom/yahboomcar_ws/install/ydlidar_ros2_driver:/opt/ros/humble LD_LIBRARY_PATH=/home/yahboom/yahboomcar_ws/install/openslam_gmapping/lib:${LD_LIBRARY_PATH} /usr/bin/cmake /home/yahboom/yahboomcar_ws/src/slam_gmapping -DCMAKE_INSTALL_PREFIX=/home/yahboom/yahboomcar_ws/install/slam_gmapping
[3.563s] Invoking command in '/home/yahboom/yahboomcar_ws/build/slam_gmapping': AMENT_PREFIX_PATH=/home/yahboom/yahboomcar_ws/install/openslam_gmapping:${AMENT_PREFIX_PATH} CMAKE_PREFIX_PATH=/home/yahboom/yahboomcar_ws/install/openslam_gmapping:/home/yahboom/yahboomcar_ws/install/ydlidar_ros2_driver:/opt/ros/humble LD_LIBRARY_PATH=/home/yahboom/yahboomcar_ws/install/openslam_gmapping/lib:${LD_LIBRARY_PATH} /usr/bin/cmake --build /home/yahboom/yahboomcar_ws/build/slam_gmapping -- -j4 -l4
[3.710s] [ 50%] [32mBuilding CXX object CMakeFiles/slam_gmapping.dir/src/slam_gmapping.cpp.o[0m
[4.200s] In file included from [01m[K/home/yahboom/yahboomcar_ws/src/slam_gmapping/include/slam_gmapping/slam_gmapping.h:38[m[K,
[4.200s]                  from [01m[K/home/yahboom/yahboomcar_ws/src/slam_gmapping/src/slam_gmapping.cpp:24[m[K:
[4.200s] [01m[K/opt/ros/humble/include/tf2_geometry_msgs/tf2_geometry_msgs/tf2_geometry_msgs.h:35:2:[m[K [01;35m[Kwarning: [m[K#warning This header is obsolete, please include tf2_geometry_msgs/tf2_geometry_msgs.hpp instead [[01;35m[K]8;;https://gcc.gnu.org/onlinedocs/gcc/Warning-Options.html#index-Wcpp-Wcpp]8;;[m[K]
[4.200s]    35 | #[01;35m[Kwarning[m[K This header is obsolete, please include tf2_geometry_msgs/tf2_geometry_msgs.hpp instead
[4.201s]       |  [01;35m[K^~~~~~~[m[K
[9.159s] In file included from [01m[K/home/yahboom/yahboomcar_ws/install/openslam_gmapping/include/gmapping/gridfastslam/gridslamprocessor.h:9[m[K,
[9.160s]                  from [01m[K/home/yahboom/yahboomcar_ws/src/slam_gmapping/include/slam_gmapping/slam_gmapping.h:45[m[K,
[9.160s]                  from [01m[K/home/yahboom/yahboomcar_ws/src/slam_gmapping/src/slam_gmapping.cpp:24[m[K:
[9.161s] [01m[K/home/yahboom/yahboomcar_ws/install/openslam_gmapping/include/gmapping/particlefilter/particlefilter.h:[m[K In function ‘[01m[Kvoid rle(OutputIterator&, const Iterator&, const Iterator&)[m[K’:
[9.161s] [01m[K/home/yahboom/yahboomcar_ws/install/openslam_gmapping/include/gmapping/particlefilter/particlefilter.h:140:9:[m[K [01;35m[Kwarning: [m[Kthis ‘[01m[Kif[m[K’ clause does not guard... [[01;35m[K]8;;https://gcc.gnu.org/onlinedocs/gcc/Warning-Options.html#index-Wmisleading-indentation-Wmisleading-indentation]8;;[m[K]
[9.161s]   140 |         [01;35m[Kif[m[K (count>0)
[9.161s]       |         [01;35m[K^~[m[K
[9.161s] [01m[K/home/yahboom/yahboomcar_ws/install/openslam_gmapping/include/gmapping/particlefilter/particlefilter.h:142:17:[m[K [01;36m[Knote: [m[K...this statement, but the latter is misleadingly indented as if it were guarded by the ‘[01m[Kif[m[K’
[9.161s]   142 |                 [01;36m[Kout[m[K++;
[9.161s]       |                 [01;36m[K^~~[m[K
[25.626s] [100%] [32m[1mLinking CXX executable slam_gmapping[0m
[26.788s] [100%] Built target slam_gmapping
[26.817s] Invoked command in '/home/yahboom/yahboomcar_ws/build/slam_gmapping' returned '0': AMENT_PREFIX_PATH=/home/yahboom/yahboomcar_ws/install/openslam_gmapping:${AMENT_PREFIX_PATH} CMAKE_PREFIX_PATH=/home/yahboom/yahboomcar_ws/install/openslam_gmapping:/home/yahboom/yahboomcar_ws/install/ydlidar_ros2_driver:/opt/ros/humble LD_LIBRARY_PATH=/home/yahboom/yahboomcar_ws/install/openslam_gmapping/lib:${LD_LIBRARY_PATH} /usr/bin/cmake --build /home/yahboom/yahboomcar_ws/build/slam_gmapping -- -j4 -l4
[27.000s] Invoking command in '/home/yahboom/yahboomcar_ws/build/slam_gmapping': AMENT_PREFIX_PATH=/home/yahboom/yahboomcar_ws/install/openslam_gmapping:${AMENT_PREFIX_PATH} CMAKE_PREFIX_PATH=/home/yahboom/yahboomcar_ws/install/openslam_gmapping:/home/yahboom/yahboomcar_ws/install/ydlidar_ros2_driver:/opt/ros/humble LD_LIBRARY_PATH=/home/yahboom/yahboomcar_ws/install/openslam_gmapping/lib:${LD_LIBRARY_PATH} /usr/bin/cmake --install /home/yahboom/yahboomcar_ws/build/slam_gmapping
[27.022s] -- Install configuration: ""
[27.023s] -- Installing: /home/yahboom/yahboomcar_ws/install/slam_gmapping/lib/slam_gmapping/slam_gmapping
[27.032s] -- Set runtime path of "/home/yahboom/yahboomcar_ws/install/slam_gmapping/lib/slam_gmapping/slam_gmapping" to ""
[27.034s] -- Installing: /home/yahboom/yahboomcar_ws/install/slam_gmapping/share/slam_gmapping/launch
[27.035s] -- Installing: /home/yahboom/yahboomcar_ws/install/slam_gmapping/share/slam_gmapping/launch/slam_gmapping.launch.py
[27.035s] -- Up-to-date: /home/yahboom/yahboomcar_ws/install/slam_gmapping/share/slam_gmapping/launch
[27.036s] -- Up-to-date: /home/yahboom/yahboomcar_ws/install/slam_gmapping/share/slam_gmapping/launch/slam_gmapping.launch.py
[27.036s] -- Installing: /home/yahboom/yahboomcar_ws/install/slam_gmapping/share/slam_gmapping/params
[27.036s] -- Installing: /home/yahboom/yahboomcar_ws/install/slam_gmapping/share/slam_gmapping/params/slam_gmapping.yaml
[27.036s] -- Installing: /home/yahboom/yahboomcar_ws/install/slam_gmapping/share/ament_index/resource_index/package_run_dependencies/slam_gmapping
[27.036s] -- Installing: /home/yahboom/yahboomcar_ws/install/slam_gmapping/share/ament_index/resource_index/parent_prefix_path/slam_gmapping
[27.036s] -- Installing: /home/yahboom/yahboomcar_ws/install/slam_gmapping/share/slam_gmapping/environment/ament_prefix_path.sh
[27.036s] -- Installing: /home/yahboom/yahboomcar_ws/install/slam_gmapping/share/slam_gmapping/environment/ament_prefix_path.dsv
[27.037s] -- Installing: /home/yahboom/yahboomcar_ws/install/slam_gmapping/share/slam_gmapping/environment/path.sh
[27.037s] -- Installing: /home/yahboom/yahboomcar_ws/install/slam_gmapping/share/slam_gmapping/environment/path.dsv
[27.038s] -- Installing: /home/yahboom/yahboomcar_ws/install/slam_gmapping/share/slam_gmapping/local_setup.bash
[27.038s] -- Installing: /home/yahboom/yahboomcar_ws/install/slam_gmapping/share/slam_gmapping/local_setup.sh
[27.038s] -- Installing: /home/yahboom/yahboomcar_ws/install/slam_gmapping/share/slam_gmapping/local_setup.zsh
[27.039s] -- Installing: /home/yahboom/yahboomcar_ws/install/slam_gmapping/share/slam_gmapping/local_setup.dsv
[27.039s] -- Installing: /home/yahboom/yahboomcar_ws/install/slam_gmapping/share/slam_gmapping/package.dsv
[27.039s] -- Installing: /home/yahboom/yahboomcar_ws/install/slam_gmapping/share/ament_index/resource_index/packages/slam_gmapping
[27.040s] -- Installing: /home/yahboom/yahboomcar_ws/install/slam_gmapping/share/slam_gmapping/cmake/slam_gmappingConfig.cmake
[27.040s] -- Installing: /home/yahboom/yahboomcar_ws/install/slam_gmapping/share/slam_gmapping/cmake/slam_gmappingConfig-version.cmake
[27.045s] -- Installing: /home/yahboom/yahboomcar_ws/install/slam_gmapping/share/slam_gmapping/package.xml
[27.046s] Invoked command in '/home/yahboom/yahboomcar_ws/build/slam_gmapping' returned '0': AMENT_PREFIX_PATH=/home/yahboom/yahboomcar_ws/install/openslam_gmapping:${AMENT_PREFIX_PATH} CMAKE_PREFIX_PATH=/home/yahboom/yahboomcar_ws/install/openslam_gmapping:/home/yahboom/yahboomcar_ws/install/ydlidar_ros2_driver:/opt/ros/humble LD_LIBRARY_PATH=/home/yahboom/yahboomcar_ws/install/openslam_gmapping/lib:${LD_LIBRARY_PATH} /usr/bin/cmake --install /home/yahboom/yahboomcar_ws/build/slam_gmapping
