Determining if the pthread_create exist failed with the following output:
Change Dir: /home/yahboom/ydlidar_ws/build/CMakeFiles/CMakeTmp

Run Build Command:"/usr/bin/make" "cmTC_438aa/fast"
/usr/bin/make -f CMakeFiles/cmTC_438aa.dir/build.make CMakeFiles/cmTC_438aa.dir/build
make[1]: Entering directory '/home/yahboom/ydlidar_ws/build/CMakeFiles/CMakeTmp'
Building C object CMakeFiles/cmTC_438aa.dir/CheckSymbolExists.c.o
/usr/bin/cc    -o CMakeFiles/cmTC_438aa.dir/CheckSymbolExists.c.o   -c /home/yahboom/ydlidar_ws/build/CMakeFiles/CMakeTmp/CheckSymbolExists.c
Linking C executable cmTC_438aa
/usr/bin/cmake -E cmake_link_script CMakeFiles/cmTC_438aa.dir/link.txt --verbose=1
/usr/bin/cc      -rdynamic CMakeFiles/cmTC_438aa.dir/CheckSymbolExists.c.o  -o cmTC_438aa 
CMakeFiles/cmTC_438aa.dir/CheckSymbolExists.c.o: In function `main':
CheckSymbolExists.c:(.text+0x1b): undefined reference to `pthread_create'
collect2: error: ld returned 1 exit status
CMakeFiles/cmTC_438aa.dir/build.make:97: recipe for target 'cmTC_438aa' failed
make[1]: *** [cmTC_438aa] Error 1
make[1]: Leaving directory '/home/yahboom/ydlidar_ws/build/CMakeFiles/CMakeTmp'
Makefile:126: recipe for target 'cmTC_438aa/fast' failed
make: *** [cmTC_438aa/fast] Error 2

File /home/yahboom/ydlidar_ws/build/CMakeFiles/CMakeTmp/CheckSymbolExists.c:
/* */
#include <pthread.h>

int main(int argc, char** argv)
{
  (void)argv;
#ifndef pthread_create
  return ((int*)(&pthread_create))[argc];
#else
  (void)argc;
  return 0;
#endif
}

Determining if the function pthread_create exists in the pthreads failed with the following output:
Change Dir: /home/yahboom/ydlidar_ws/build/CMakeFiles/CMakeTmp

Run Build Command:"/usr/bin/make" "cmTC_33a2f/fast"
/usr/bin/make -f CMakeFiles/cmTC_33a2f.dir/build.make CMakeFiles/cmTC_33a2f.dir/build
make[1]: Entering directory '/home/yahboom/ydlidar_ws/build/CMakeFiles/CMakeTmp'
Building C object CMakeFiles/cmTC_33a2f.dir/CheckFunctionExists.c.o
/usr/bin/cc   -DCHECK_FUNCTION_EXISTS=pthread_create   -o CMakeFiles/cmTC_33a2f.dir/CheckFunctionExists.c.o   -c /usr/share/cmake-3.10/Modules/CheckFunctionExists.c
Linking C executable cmTC_33a2f
/usr/bin/cmake -E cmake_link_script CMakeFiles/cmTC_33a2f.dir/link.txt --verbose=1
/usr/bin/cc  -DCHECK_FUNCTION_EXISTS=pthread_create    -rdynamic CMakeFiles/cmTC_33a2f.dir/CheckFunctionExists.c.o  -o cmTC_33a2f -lpthreads 
/usr/bin/ld: cannot find -lpthreads
collect2: error: ld returned 1 exit status
CMakeFiles/cmTC_33a2f.dir/build.make:97: recipe for target 'cmTC_33a2f' failed
make[1]: *** [cmTC_33a2f] Error 1
make[1]: Leaving directory '/home/yahboom/ydlidar_ws/build/CMakeFiles/CMakeTmp'
Makefile:126: recipe for target 'cmTC_33a2f/fast' failed
make: *** [cmTC_33a2f/fast] Error 2


