[0.037s] Invoking command in '/home/yahboom/yahboomcar_ws/build/slam_gmapping': CMAKE_PREFIX_PATH=/home/yahboom/yahboomcar_ws/install/openslam_gmapping:/home/yahboom/yahboomcar_ws/install/ydlidar_ros2_driver:/home/yahboom/yahboomcar_ws/install/slam_gmapping:/home/yahboom/yahboomcar_ws/install/rf2o_laser_odometry:/opt/ros/humble /usr/bin/cmake --build /home/yahboom/yahboomcar_ws/build/slam_gmapping -- -j4 -l4
[0.213s] [100%] Built target slam_gmapping
[0.254s] Invoked command in '/home/yahboom/yahboomcar_ws/build/slam_gmapping' returned '0': CMAKE_PREFIX_PATH=/home/yahboom/yahboomcar_ws/install/openslam_gmapping:/home/yahboom/yahboomcar_ws/install/ydlidar_ros2_driver:/home/yahboom/yahboomcar_ws/install/slam_gmapping:/home/yahboom/yahboomcar_ws/install/rf2o_laser_odometry:/opt/ros/humble /usr/bin/cmake --build /home/yahboom/yahboomcar_ws/build/slam_gmapping -- -j4 -l4
[0.415s] Invoking command in '/home/yahboom/yahboomcar_ws/build/slam_gmapping': CMAKE_PREFIX_PATH=/home/yahboom/yahboomcar_ws/install/openslam_gmapping:/home/yahboom/yahboomcar_ws/install/ydlidar_ros2_driver:/home/yahboom/yahboomcar_ws/install/slam_gmapping:/home/yahboom/yahboomcar_ws/install/rf2o_laser_odometry:/opt/ros/humble /usr/bin/cmake --install /home/yahboom/yahboomcar_ws/build/slam_gmapping
[0.434s] -- Install configuration: ""
[0.434s] -- Up-to-date: /home/yahboom/yahboomcar_ws/install/slam_gmapping/lib/slam_gmapping/slam_gmapping
[0.435s] -- Up-to-date: /home/yahboom/yahboomcar_ws/install/slam_gmapping/share/slam_gmapping/launch
[0.436s] -- Installing: /home/yahboom/yahboomcar_ws/install/slam_gmapping/share/slam_gmapping/launch/slam_gmapping.launch.py
[0.436s] -- Up-to-date: /home/yahboom/yahboomcar_ws/install/slam_gmapping/share/slam_gmapping/launch
[0.437s] -- Up-to-date: /home/yahboom/yahboomcar_ws/install/slam_gmapping/share/slam_gmapping/launch/slam_gmapping.launch.py
[0.437s] -- Up-to-date: /home/yahboom/yahboomcar_ws/install/slam_gmapping/share/slam_gmapping/params
[0.441s] -- Up-to-date: /home/yahboom/yahboomcar_ws/install/slam_gmapping/share/slam_gmapping/params/slam_gmapping.yaml
[0.444s] -- Up-to-date: /home/yahboom/yahboomcar_ws/install/slam_gmapping/share/ament_index/resource_index/package_run_dependencies/slam_gmapping
[0.445s] -- Up-to-date: /home/yahboom/yahboomcar_ws/install/slam_gmapping/share/ament_index/resource_index/parent_prefix_path/slam_gmapping
[0.446s] -- Up-to-date: /home/yahboom/yahboomcar_ws/install/slam_gmapping/share/slam_gmapping/environment/ament_prefix_path.sh
[0.448s] -- Up-to-date: /home/yahboom/yahboomcar_ws/install/slam_gmapping/share/slam_gmapping/environment/ament_prefix_path.dsv
[0.449s] -- Up-to-date: /home/yahboom/yahboomcar_ws/install/slam_gmapping/share/slam_gmapping/environment/path.sh
[0.450s] -- Up-to-date: /home/yahboom/yahboomcar_ws/install/slam_gmapping/share/slam_gmapping/environment/path.dsv
[0.450s] -- Up-to-date: /home/yahboom/yahboomcar_ws/install/slam_gmapping/share/slam_gmapping/local_setup.bash
[0.451s] -- Up-to-date: /home/yahboom/yahboomcar_ws/install/slam_gmapping/share/slam_gmapping/local_setup.sh
[0.451s] -- Up-to-date: /home/yahboom/yahboomcar_ws/install/slam_gmapping/share/slam_gmapping/local_setup.zsh
[0.453s] -- Up-to-date: /home/yahboom/yahboomcar_ws/install/slam_gmapping/share/slam_gmapping/local_setup.dsv
[0.454s] -- Installing: /home/yahboom/yahboomcar_ws/install/slam_gmapping/share/slam_gmapping/package.dsv
[0.456s] -- Up-to-date: /home/yahboom/yahboomcar_ws/install/slam_gmapping/share/ament_index/resource_index/packages/slam_gmapping
[0.457s] -- Up-to-date: /home/yahboom/yahboomcar_ws/install/slam_gmapping/share/slam_gmapping/cmake/slam_gmappingConfig.cmake
[0.457s] -- Up-to-date: /home/yahboom/yahboomcar_ws/install/slam_gmapping/share/slam_gmapping/cmake/slam_gmappingConfig-version.cmake
[0.458s] -- Up-to-date: /home/yahboom/yahboomcar_ws/install/slam_gmapping/share/slam_gmapping/package.xml
[0.458s] Invoked command in '/home/yahboom/yahboomcar_ws/build/slam_gmapping' returned '0': CMAKE_PREFIX_PATH=/home/yahboom/yahboomcar_ws/install/openslam_gmapping:/home/yahboom/yahboomcar_ws/install/ydlidar_ros2_driver:/home/yahboom/yahboomcar_ws/install/slam_gmapping:/home/yahboom/yahboomcar_ws/install/rf2o_laser_odometry:/opt/ros/humble /usr/bin/cmake --install /home/yahboom/yahboomcar_ws/build/slam_gmapping
