[0.055s] Invoking command in '/home/yahboom/yahboomcar_ws/build/slam_gmapping': CMAKE_PREFIX_PATH=/home/yahboom/yahboomcar_ws/install/openslam_gmapping:/home/yahboom/yahboomcar_ws/install/ydlidar_ros2_driver:/home/yahboom/yahboomcar_ws/install/slam_gmapping:/opt/ros/humble: /usr/bin/cmake /home/yahboom/yahboomcar_ws/src/slam_gmapping -DCMAKE_INSTALL_PREFIX=/home/yahboom/yahboomcar_ws/install/slam_gmapping
[1.196s] -- The C compiler identification is GNU 11.4.0
[2.295s] -- The CXX compiler identification is GNU 11.4.0
[2.398s] -- Detecting C compiler ABI info
[2.801s] -- Detecting C compiler ABI info - done
[2.809s] -- Check for working C compiler: /usr/bin/cc - skipped
[2.812s] -- Detecting C compile features
[2.838s] -- Detecting C compile features - done
[2.857s] -- Detecting CXX compiler ABI info
[3.276s] -- Detecting CXX compiler ABI info - done
[3.297s] -- Check for working CXX compiler: /usr/bin/c++ - skipped
[3.298s] -- Detecting CXX compile features
[3.302s] -- Detecting CXX compile features - done
[3.307s] [0m -fuse-ld=lld -Wl,--disable-new-dtags[0m
[3.360s] -- Found ament_cmake: 1.3.8 (/opt/ros/humble/share/ament_cmake/cmake)
[3.823s] -- Found Python3: /usr/bin/python3 (found version "3.10.12") found components: Interpreter 
[4.391s] -- Found std_msgs: 4.2.3 (/opt/ros/humble/share/std_msgs/cmake)
[4.730s] -- Found rosidl_generator_c: 3.1.5 (/opt/ros/humble/share/rosidl_generator_c/cmake)
[4.809s] -- Found rosidl_adapter: 3.1.5 (/opt/ros/humble/share/rosidl_adapter/cmake)
[4.887s] -- Found rosidl_generator_cpp: 3.1.5 (/opt/ros/humble/share/rosidl_generator_cpp/cmake)
[4.968s] -- Using all available rosidl_typesupport_c: rosidl_typesupport_fastrtps_c;rosidl_typesupport_introspection_c
[5.107s] -- Using all available rosidl_typesupport_cpp: rosidl_typesupport_fastrtps_cpp;rosidl_typesupport_introspection_cpp
[5.423s] -- Found nav_msgs: 4.2.3 (/opt/ros/humble/share/nav_msgs/cmake)
[5.804s] -- Found tf2: 0.25.6 (/opt/ros/humble/share/tf2/cmake)
[6.067s] -- Found tf2_ros: 0.25.6 (/opt/ros/humble/share/tf2_ros/cmake)
[6.756s] -- Found rmw_implementation_cmake: 6.1.1 (/opt/ros/humble/share/rmw_implementation_cmake/cmake)
[6.789s] -- Found rmw_fastrtps_cpp: 6.2.6 (/opt/ros/humble/share/rmw_fastrtps_cpp/cmake)
[7.536s] -- Found OpenSSL: /usr/lib/x86_64-linux-gnu/libcrypto.so (found version "3.0.2")  
[7.639s] -- Found FastRTPS: /opt/ros/humble/include  
[7.796s] -- Using RMW implementation 'rmw_fastrtps_cpp' as default
[7.951s] -- Looking for pthread.h
[8.346s] -- Looking for pthread.h - found
[8.348s] -- Performing Test CMAKE_HAVE_LIBC_PTHREAD
[8.635s] -- Performing Test CMAKE_HAVE_LIBC_PTHREAD - Success
[8.638s] -- Found Threads: TRUE  
[9.897s] -- Found tf2_geometry_msgs: 0.25.6 (/opt/ros/humble/share/tf2_geometry_msgs/cmake)
[10.002s] -- Found eigen3_cmake_module: 0.1.1 (/opt/ros/humble/share/eigen3_cmake_module/cmake)
[10.013s] -- Found Eigen3: TRUE (found version "3.4.0") 
[10.014s] -- Ensuring Eigen3 include directory is part of orocos-kdl CMake target
[10.076s] -- Found sensor_msgs: 4.2.3 (/opt/ros/humble/share/sensor_msgs/cmake)
[10.273s] -- Found visualization_msgs: 4.2.3 (/opt/ros/humble/share/visualization_msgs/cmake)
[10.483s] -- Found openslam_gmapping: 0.1.2 (/home/yahboom/yahboomcar_ws/install/openslam_gmapping/share/openslam_gmapping/cmake)
[10.524s] -- Found ament_lint_auto: 0.12.10 (/opt/ros/humble/share/ament_lint_auto/cmake)
[10.873s] -- Added test 'cppcheck' to perform static code analysis on C / C++ code
[10.874s] -- Configured cppcheck include dirs: /home/yahboom/yahboomcar_ws/src/slam_gmapping/include
[10.874s] -- Configured cppcheck exclude dirs and/or files: 
[10.880s] -- Added test 'flake8' to check Python code syntax and style conventions
[10.915s] -- Added test 'lint_cmake' to check CMake code style
[10.920s] -- Added test 'pep257' to check Python code against some of the docstring style conventions in PEP 257
[10.927s] -- Added test 'uncrustify' to check C / C++ code style
[10.928s] -- Configured uncrustify additional arguments: 
[10.931s] -- Added test 'xmllint' to check XML markup files
[10.935s] -- Configuring done
[11.126s] -- Generating done
[11.135s] -- Build files have been written to: /home/yahboom/yahboomcar_ws/build/slam_gmapping
[11.166s] Invoked command in '/home/yahboom/yahboomcar_ws/build/slam_gmapping' returned '0': CMAKE_PREFIX_PATH=/home/yahboom/yahboomcar_ws/install/openslam_gmapping:/home/yahboom/yahboomcar_ws/install/ydlidar_ros2_driver:/home/yahboom/yahboomcar_ws/install/slam_gmapping:/opt/ros/humble: /usr/bin/cmake /home/yahboom/yahboomcar_ws/src/slam_gmapping -DCMAKE_INSTALL_PREFIX=/home/yahboom/yahboomcar_ws/install/slam_gmapping
[11.169s] Invoking command in '/home/yahboom/yahboomcar_ws/build/slam_gmapping': CMAKE_PREFIX_PATH=/home/yahboom/yahboomcar_ws/install/openslam_gmapping:/home/yahboom/yahboomcar_ws/install/ydlidar_ros2_driver:/home/yahboom/yahboomcar_ws/install/slam_gmapping:/opt/ros/humble: /usr/bin/cmake --build /home/yahboom/yahboomcar_ws/build/slam_gmapping -- -j4 -l4
[11.289s] [ 50%] [32mBuilding CXX object CMakeFiles/slam_gmapping.dir/src/slam_gmapping.cpp.o[0m
[15.483s] In file included from [01m[K/home/yahboom/yahboomcar_ws/src/slam_gmapping/include/slam_gmapping/slam_gmapping.h:38[m[K,
[15.483s]                  from [01m[K/home/yahboom/yahboomcar_ws/src/slam_gmapping/src/slam_gmapping.cpp:24[m[K:
[15.484s] [01m[K/opt/ros/humble/include/tf2_geometry_msgs/tf2_geometry_msgs/tf2_geometry_msgs.h:35:2:[m[K [01;35m[Kwarning: [m[K#warning This header is obsolete, please include tf2_geometry_msgs/tf2_geometry_msgs.hpp instead [[01;35m[K]8;;https://gcc.gnu.org/onlinedocs/gcc/Warning-Options.html#index-Wcpp-Wcpp]8;;[m[K]
[15.484s]    35 | #[01;35m[Kwarning[m[K This header is obsolete, please include tf2_geometry_msgs/tf2_geometry_msgs.hpp instead
[15.485s]       |  [01;35m[K^~~~~~~[m[K
[23.638s] In file included from [01m[K/home/yahboom/yahboomcar_ws/install/openslam_gmapping/include/gmapping/gridfastslam/gridslamprocessor.h:9[m[K,
[23.638s]                  from [01m[K/home/yahboom/yahboomcar_ws/src/slam_gmapping/include/slam_gmapping/slam_gmapping.h:45[m[K,
[23.638s]                  from [01m[K/home/yahboom/yahboomcar_ws/src/slam_gmapping/src/slam_gmapping.cpp:24[m[K:
[23.638s] [01m[K/home/yahboom/yahboomcar_ws/install/openslam_gmapping/include/gmapping/particlefilter/particlefilter.h:[m[K In function ‘[01m[Kvoid rle(OutputIterator&, const Iterator&, const Iterator&)[m[K’:
[23.638s] [01m[K/home/yahboom/yahboomcar_ws/install/openslam_gmapping/include/gmapping/particlefilter/particlefilter.h:140:9:[m[K [01;35m[Kwarning: [m[Kthis ‘[01m[Kif[m[K’ clause does not guard... [[01;35m[K]8;;https://gcc.gnu.org/onlinedocs/gcc/Warning-Options.html#index-Wmisleading-indentation-Wmisleading-indentation]8;;[m[K]
[23.638s]   140 |         [01;35m[Kif[m[K (count>0)
[23.638s]       |         [01;35m[K^~[m[K
[23.638s] [01m[K/home/yahboom/yahboomcar_ws/install/openslam_gmapping/include/gmapping/particlefilter/particlefilter.h:142:17:[m[K [01;36m[Knote: [m[K...this statement, but the latter is misleadingly indented as if it were guarded by the ‘[01m[Kif[m[K’
[23.638s]   142 |                 [01;36m[Kout[m[K++;
[23.639s]       |                 [01;36m[K^~~[m[K
[43.156s] [100%] [32m[1mLinking CXX executable slam_gmapping[0m
[45.778s] [100%] Built target slam_gmapping
[45.824s] Invoked command in '/home/yahboom/yahboomcar_ws/build/slam_gmapping' returned '0': CMAKE_PREFIX_PATH=/home/yahboom/yahboomcar_ws/install/openslam_gmapping:/home/yahboom/yahboomcar_ws/install/ydlidar_ros2_driver:/home/yahboom/yahboomcar_ws/install/slam_gmapping:/opt/ros/humble: /usr/bin/cmake --build /home/yahboom/yahboomcar_ws/build/slam_gmapping -- -j4 -l4
[46.031s] Invoking command in '/home/yahboom/yahboomcar_ws/build/slam_gmapping': CMAKE_PREFIX_PATH=/home/yahboom/yahboomcar_ws/install/openslam_gmapping:/home/yahboom/yahboomcar_ws/install/ydlidar_ros2_driver:/home/yahboom/yahboomcar_ws/install/slam_gmapping:/opt/ros/humble: /usr/bin/cmake --install /home/yahboom/yahboomcar_ws/build/slam_gmapping
[46.080s] -- Install configuration: ""
[46.080s] -- Installing: /home/yahboom/yahboomcar_ws/install/slam_gmapping/lib/slam_gmapping/slam_gmapping
[46.096s] -- Set runtime path of "/home/yahboom/yahboomcar_ws/install/slam_gmapping/lib/slam_gmapping/slam_gmapping" to ""
[46.097s] -- Installing: /home/yahboom/yahboomcar_ws/install/slam_gmapping/share/slam_gmapping/launch
[46.097s] -- Installing: /home/yahboom/yahboomcar_ws/install/slam_gmapping/share/slam_gmapping/launch/slam_gmapping.launch.py
[46.102s] -- Up-to-date: /home/yahboom/yahboomcar_ws/install/slam_gmapping/share/slam_gmapping/launch
[46.102s] -- Up-to-date: /home/yahboom/yahboomcar_ws/install/slam_gmapping/share/slam_gmapping/launch/slam_gmapping.launch.py
[46.102s] -- Installing: /home/yahboom/yahboomcar_ws/install/slam_gmapping/share/slam_gmapping/params
[46.102s] -- Installing: /home/yahboom/yahboomcar_ws/install/slam_gmapping/share/slam_gmapping/params/slam_gmapping.yaml
[46.112s] -- Installing: /home/yahboom/yahboomcar_ws/install/slam_gmapping/share/ament_index/resource_index/package_run_dependencies/slam_gmapping
[46.113s] -- Installing: /home/yahboom/yahboomcar_ws/install/slam_gmapping/share/ament_index/resource_index/parent_prefix_path/slam_gmapping
[46.113s] -- Installing: /home/yahboom/yahboomcar_ws/install/slam_gmapping/share/slam_gmapping/environment/ament_prefix_path.sh
[46.115s] -- Installing: /home/yahboom/yahboomcar_ws/install/slam_gmapping/share/slam_gmapping/environment/ament_prefix_path.dsv
[46.115s] -- Installing: /home/yahboom/yahboomcar_ws/install/slam_gmapping/share/slam_gmapping/environment/path.sh
[46.116s] -- Installing: /home/yahboom/yahboomcar_ws/install/slam_gmapping/share/slam_gmapping/environment/path.dsv
[46.117s] -- Installing: /home/yahboom/yahboomcar_ws/install/slam_gmapping/share/slam_gmapping/local_setup.bash
[46.118s] -- Installing: /home/yahboom/yahboomcar_ws/install/slam_gmapping/share/slam_gmapping/local_setup.sh
[46.120s] -- Installing: /home/yahboom/yahboomcar_ws/install/slam_gmapping/share/slam_gmapping/local_setup.zsh
[46.121s] -- Installing: /home/yahboom/yahboomcar_ws/install/slam_gmapping/share/slam_gmapping/local_setup.dsv
[46.121s] -- Installing: /home/yahboom/yahboomcar_ws/install/slam_gmapping/share/slam_gmapping/package.dsv
[46.122s] -- Installing: /home/yahboom/yahboomcar_ws/install/slam_gmapping/share/ament_index/resource_index/packages/slam_gmapping
[46.122s] -- Installing: /home/yahboom/yahboomcar_ws/install/slam_gmapping/share/slam_gmapping/cmake/slam_gmappingConfig.cmake
[46.122s] -- Installing: /home/yahboom/yahboomcar_ws/install/slam_gmapping/share/slam_gmapping/cmake/slam_gmappingConfig-version.cmake
[46.123s] -- Installing: /home/yahboom/yahboomcar_ws/install/slam_gmapping/share/slam_gmapping/package.xml
[46.130s] Invoked command in '/home/yahboom/yahboomcar_ws/build/slam_gmapping' returned '0': CMAKE_PREFIX_PATH=/home/yahboom/yahboomcar_ws/install/openslam_gmapping:/home/yahboom/yahboomcar_ws/install/ydlidar_ros2_driver:/home/yahboom/yahboomcar_ws/install/slam_gmapping:/opt/ros/humble: /usr/bin/cmake --install /home/yahboom/yahboomcar_ws/build/slam_gmapping
