[0.144s] DEBUG:colcon:Command line arguments: ['/usr/bin/colcon', 'build']
[0.144s] DEBUG:colcon:Parsed command line arguments: Namespace(log_base=None, log_level=None, verb_name='build', build_base='build', install_base='install', merge_install=False, symlink_install=False, test_result_base=None, continue_on_error=False, executor='parallel', parallel_workers=4, event_handlers=None, ignore_user_meta=False, metas=['./colcon.meta'], base_paths=['.'], packages_ignore=None, packages_ignore_regex=None, paths=None, packages_up_to=None, packages_up_to_regex=None, packages_above=None, packages_above_and_dependencies=None, packages_above_depth=None, packages_select_by_dep=None, packages_skip_by_dep=None, packages_skip_up_to=None, packages_select_build_failed=False, packages_skip_build_finished=False, packages_select_test_failures=False, packages_skip_test_passed=False, packages_select=None, packages_skip=None, packages_select_regex=None, packages_skip_regex=None, packages_start=None, packages_end=None, allow_overriding=[], cmake_args=None, cmake_target=None, cmake_target_skip_unavailable=False, cmake_clean_cache=False, cmake_clean_first=False, cmake_force_configure=False, ament_cmake_args=None, catkin_cmake_args=None, catkin_skip_building_tests=False, verb_parser=<colcon_defaults.argument_parser.defaults.DefaultArgumentsDecorator object at 0x727e44cd0490>, verb_extension=<colcon_core.verb.build.BuildVerb object at 0x727e44ea4880>, main=<bound method BuildVerb.main of <colcon_core.verb.build.BuildVerb object at 0x727e44ea4880>>)
[0.348s] Level 1:colcon.colcon_core.package_discovery:discover_packages(colcon_meta) check parameters
[0.348s] Level 1:colcon.colcon_core.package_discovery:discover_packages(recursive) check parameters
[0.349s] Level 1:colcon.colcon_core.package_discovery:discover_packages(ignore) check parameters
[0.349s] Level 1:colcon.colcon_core.package_discovery:discover_packages(path) check parameters
[0.349s] Level 1:colcon.colcon_core.package_discovery:discover_packages(colcon_meta) discover
[0.349s] Level 1:colcon.colcon_core.package_discovery:discover_packages(recursive) discover
[0.349s] INFO:colcon.colcon_core.package_discovery:Crawling recursively for packages in '/home/yahboom/yahboomcar_ws'
[0.349s] Level 1:colcon.colcon_core.package_identification:_identify(.) by extensions ['ignore', 'ignore_ament_install']
[0.349s] Level 1:colcon.colcon_core.package_identification:_identify(.) by extension 'ignore'
[0.349s] Level 1:colcon.colcon_core.package_identification:_identify(.) by extension 'ignore_ament_install'
[0.349s] Level 1:colcon.colcon_core.package_identification:_identify(.) by extensions ['colcon_pkg']
[0.349s] Level 1:colcon.colcon_core.package_identification:_identify(.) by extension 'colcon_pkg'
[0.349s] Level 1:colcon.colcon_core.package_identification:_identify(.) by extensions ['colcon_meta']
[0.349s] Level 1:colcon.colcon_core.package_identification:_identify(.) by extension 'colcon_meta'
[0.349s] Level 1:colcon.colcon_core.package_identification:_identify(.) by extensions ['ros']
[0.350s] Level 1:colcon.colcon_core.package_identification:_identify(.) by extension 'ros'
[0.367s] Level 1:colcon.colcon_core.package_identification:_identify(.) by extensions ['cmake', 'python']
[0.367s] Level 1:colcon.colcon_core.package_identification:_identify(.) by extension 'cmake'
[0.367s] Level 1:colcon.colcon_core.package_identification:_identify(.) by extension 'python'
[0.368s] Level 1:colcon.colcon_core.package_identification:_identify(.) by extensions ['python_setup_py']
[0.368s] Level 1:colcon.colcon_core.package_identification:_identify(.) by extension 'python_setup_py'
[0.368s] Level 1:colcon.colcon_core.package_identification:_identify(build) by extensions ['ignore', 'ignore_ament_install']
[0.368s] Level 1:colcon.colcon_core.package_identification:_identify(build) by extension 'ignore'
[0.368s] Level 1:colcon.colcon_core.package_identification:_identify(build) ignored
[0.368s] Level 1:colcon.colcon_core.package_identification:_identify(install) by extensions ['ignore', 'ignore_ament_install']
[0.368s] Level 1:colcon.colcon_core.package_identification:_identify(install) by extension 'ignore'
[0.368s] Level 1:colcon.colcon_core.package_identification:_identify(install) ignored
[0.369s] Level 1:colcon.colcon_core.package_identification:_identify(log) by extensions ['ignore', 'ignore_ament_install']
[0.369s] Level 1:colcon.colcon_core.package_identification:_identify(log) by extension 'ignore'
[0.369s] Level 1:colcon.colcon_core.package_identification:_identify(log) ignored
[0.369s] Level 1:colcon.colcon_core.package_identification:_identify(src) by extensions ['ignore', 'ignore_ament_install']
[0.369s] Level 1:colcon.colcon_core.package_identification:_identify(src) by extension 'ignore'
[0.369s] Level 1:colcon.colcon_core.package_identification:_identify(src) by extension 'ignore_ament_install'
[0.369s] Level 1:colcon.colcon_core.package_identification:_identify(src) by extensions ['colcon_pkg']
[0.369s] Level 1:colcon.colcon_core.package_identification:_identify(src) by extension 'colcon_pkg'
[0.369s] Level 1:colcon.colcon_core.package_identification:_identify(src) by extensions ['colcon_meta']
[0.369s] Level 1:colcon.colcon_core.package_identification:_identify(src) by extension 'colcon_meta'
[0.369s] Level 1:colcon.colcon_core.package_identification:_identify(src) by extensions ['ros']
[0.369s] Level 1:colcon.colcon_core.package_identification:_identify(src) by extension 'ros'
[0.369s] Level 1:colcon.colcon_core.package_identification:_identify(src) by extensions ['cmake', 'python']
[0.369s] Level 1:colcon.colcon_core.package_identification:_identify(src) by extension 'cmake'
[0.369s] Level 1:colcon.colcon_core.package_identification:_identify(src) by extension 'python'
[0.369s] Level 1:colcon.colcon_core.package_identification:_identify(src) by extensions ['python_setup_py']
[0.369s] Level 1:colcon.colcon_core.package_identification:_identify(src) by extension 'python_setup_py'
[0.369s] Level 1:colcon.colcon_core.package_identification:_identify(src/openslam_gmapping) by extensions ['ignore', 'ignore_ament_install']
[0.369s] Level 1:colcon.colcon_core.package_identification:_identify(src/openslam_gmapping) by extension 'ignore'
[0.369s] Level 1:colcon.colcon_core.package_identification:_identify(src/openslam_gmapping) by extension 'ignore_ament_install'
[0.370s] Level 1:colcon.colcon_core.package_identification:_identify(src/openslam_gmapping) by extensions ['colcon_pkg']
[0.370s] Level 1:colcon.colcon_core.package_identification:_identify(src/openslam_gmapping) by extension 'colcon_pkg'
[0.370s] Level 1:colcon.colcon_core.package_identification:_identify(src/openslam_gmapping) by extensions ['colcon_meta']
[0.370s] Level 1:colcon.colcon_core.package_identification:_identify(src/openslam_gmapping) by extension 'colcon_meta'
[0.370s] Level 1:colcon.colcon_core.package_identification:_identify(src/openslam_gmapping) by extensions ['ros']
[0.370s] Level 1:colcon.colcon_core.package_identification:_identify(src/openslam_gmapping) by extension 'ros'
[0.373s] DEBUG:colcon.colcon_core.package_identification:Package 'src/openslam_gmapping' with type 'ros.ament_cmake' and name 'openslam_gmapping'
[0.373s] Level 1:colcon.colcon_core.package_identification:_identify(src/slam_gmapping) by extensions ['ignore', 'ignore_ament_install']
[0.373s] Level 1:colcon.colcon_core.package_identification:_identify(src/slam_gmapping) by extension 'ignore'
[0.373s] Level 1:colcon.colcon_core.package_identification:_identify(src/slam_gmapping) by extension 'ignore_ament_install'
[0.373s] Level 1:colcon.colcon_core.package_identification:_identify(src/slam_gmapping) by extensions ['colcon_pkg']
[0.373s] Level 1:colcon.colcon_core.package_identification:_identify(src/slam_gmapping) by extension 'colcon_pkg'
[0.374s] Level 1:colcon.colcon_core.package_identification:_identify(src/slam_gmapping) by extensions ['colcon_meta']
[0.374s] Level 1:colcon.colcon_core.package_identification:_identify(src/slam_gmapping) by extension 'colcon_meta'
[0.374s] Level 1:colcon.colcon_core.package_identification:_identify(src/slam_gmapping) by extensions ['ros']
[0.374s] Level 1:colcon.colcon_core.package_identification:_identify(src/slam_gmapping) by extension 'ros'
[0.375s] DEBUG:colcon.colcon_core.package_identification:Package 'src/slam_gmapping' with type 'ros.ament_cmake' and name 'slam_gmapping'
[0.376s] Level 1:colcon.colcon_core.package_identification:_identify(src/ydlidar_ros2_driver-humble) by extensions ['ignore', 'ignore_ament_install']
[0.377s] Level 1:colcon.colcon_core.package_identification:_identify(src/ydlidar_ros2_driver-humble) by extension 'ignore'
[0.377s] Level 1:colcon.colcon_core.package_identification:_identify(src/ydlidar_ros2_driver-humble) by extension 'ignore_ament_install'
[0.377s] Level 1:colcon.colcon_core.package_identification:_identify(src/ydlidar_ros2_driver-humble) by extensions ['colcon_pkg']
[0.377s] Level 1:colcon.colcon_core.package_identification:_identify(src/ydlidar_ros2_driver-humble) by extension 'colcon_pkg'
[0.377s] Level 1:colcon.colcon_core.package_identification:_identify(src/ydlidar_ros2_driver-humble) by extensions ['colcon_meta']
[0.377s] Level 1:colcon.colcon_core.package_identification:_identify(src/ydlidar_ros2_driver-humble) by extension 'colcon_meta'
[0.377s] Level 1:colcon.colcon_core.package_identification:_identify(src/ydlidar_ros2_driver-humble) by extensions ['ros']
[0.377s] Level 1:colcon.colcon_core.package_identification:_identify(src/ydlidar_ros2_driver-humble) by extension 'ros'
[0.378s] DEBUG:colcon.colcon_core.package_identification:Package 'src/ydlidar_ros2_driver-humble' with type 'ros.ament_cmake' and name 'ydlidar_ros2_driver'
[0.378s] Level 1:colcon.colcon_core.package_discovery:discover_packages(recursive) using defaults
[0.378s] Level 1:colcon.colcon_core.package_discovery:discover_packages(ignore) discover
[0.378s] Level 1:colcon.colcon_core.package_discovery:discover_packages(ignore) using defaults
[0.378s] Level 1:colcon.colcon_core.package_discovery:discover_packages(path) discover
[0.378s] Level 1:colcon.colcon_core.package_discovery:discover_packages(path) using defaults
[0.398s] Level 1:colcon.colcon_core.package_discovery:discover_packages(prefix_path) check parameters
[0.398s] Level 1:colcon.colcon_core.package_discovery:discover_packages(prefix_path) discover
[0.400s] WARNING:colcon.colcon_ros.prefix_path.ament:The path '/home/yahboom/yahboomcar_ws/install/ydlidar_ros2_driver' in the environment variable AMENT_PREFIX_PATH doesn't exist
[0.400s] WARNING:colcon.colcon_ros.prefix_path.ament:The path '/home/yahboom/yahboomcar_ws/install/slam_gmapping' in the environment variable AMENT_PREFIX_PATH doesn't exist
[0.401s] WARNING:colcon.colcon_ros.prefix_path.ament:The path '/home/yahboom/yahboomcar_ws/install/openslam_gmapping' in the environment variable AMENT_PREFIX_PATH doesn't exist
[0.402s] WARNING:colcon.colcon_ros.prefix_path.catkin:The path '/home/yahboom/yahboomcar_ws/install/ydlidar_ros2_driver' in the environment variable CMAKE_PREFIX_PATH doesn't exist
[0.403s] WARNING:colcon.colcon_ros.prefix_path.catkin:The path '/home/yahboom/yahboomcar_ws/install/slam_gmapping' in the environment variable CMAKE_PREFIX_PATH doesn't exist
[0.403s] WARNING:colcon.colcon_ros.prefix_path.catkin:The path '/home/yahboom/yahboomcar_ws/install/openslam_gmapping' in the environment variable CMAKE_PREFIX_PATH doesn't exist
[0.404s] DEBUG:colcon.colcon_installed_package_information.package_discovery:Found 0 installed packages in /home/yahboom/yahboomcar_ws/install
[0.408s] DEBUG:colcon.colcon_installed_package_information.package_discovery:Found 270 installed packages in /opt/ros/humble
[0.439s] Level 1:colcon.colcon_core.package_discovery:discover_packages(prefix_path) using defaults
[0.513s] Level 5:colcon.colcon_core.verb:set package 'openslam_gmapping' build argument 'cmake_args' from command line to 'None'
[0.513s] Level 5:colcon.colcon_core.verb:set package 'openslam_gmapping' build argument 'cmake_target' from command line to 'None'
[0.513s] Level 5:colcon.colcon_core.verb:set package 'openslam_gmapping' build argument 'cmake_target_skip_unavailable' from command line to 'False'
[0.513s] Level 5:colcon.colcon_core.verb:set package 'openslam_gmapping' build argument 'cmake_clean_cache' from command line to 'False'
[0.514s] Level 5:colcon.colcon_core.verb:set package 'openslam_gmapping' build argument 'cmake_clean_first' from command line to 'False'
[0.514s] Level 5:colcon.colcon_core.verb:set package 'openslam_gmapping' build argument 'cmake_force_configure' from command line to 'False'
[0.514s] Level 5:colcon.colcon_core.verb:set package 'openslam_gmapping' build argument 'ament_cmake_args' from command line to 'None'
[0.514s] Level 5:colcon.colcon_core.verb:set package 'openslam_gmapping' build argument 'catkin_cmake_args' from command line to 'None'
[0.514s] Level 5:colcon.colcon_core.verb:set package 'openslam_gmapping' build argument 'catkin_skip_building_tests' from command line to 'False'
[0.514s] DEBUG:colcon.colcon_core.verb:Building package 'openslam_gmapping' with the following arguments: {'ament_cmake_args': None, 'build_base': '/home/yahboom/yahboomcar_ws/build/openslam_gmapping', 'catkin_cmake_args': None, 'catkin_skip_building_tests': False, 'cmake_args': None, 'cmake_clean_cache': False, 'cmake_clean_first': False, 'cmake_force_configure': False, 'cmake_target': None, 'cmake_target_skip_unavailable': False, 'install_base': '/home/yahboom/yahboomcar_ws/install/openslam_gmapping', 'merge_install': False, 'path': '/home/yahboom/yahboomcar_ws/src/openslam_gmapping', 'symlink_install': False, 'test_result_base': None}
[0.514s] Level 5:colcon.colcon_core.verb:set package 'ydlidar_ros2_driver' build argument 'cmake_args' from command line to 'None'
[0.514s] Level 5:colcon.colcon_core.verb:set package 'ydlidar_ros2_driver' build argument 'cmake_target' from command line to 'None'
[0.514s] Level 5:colcon.colcon_core.verb:set package 'ydlidar_ros2_driver' build argument 'cmake_target_skip_unavailable' from command line to 'False'
[0.514s] Level 5:colcon.colcon_core.verb:set package 'ydlidar_ros2_driver' build argument 'cmake_clean_cache' from command line to 'False'
[0.514s] Level 5:colcon.colcon_core.verb:set package 'ydlidar_ros2_driver' build argument 'cmake_clean_first' from command line to 'False'
[0.514s] Level 5:colcon.colcon_core.verb:set package 'ydlidar_ros2_driver' build argument 'cmake_force_configure' from command line to 'False'
[0.514s] Level 5:colcon.colcon_core.verb:set package 'ydlidar_ros2_driver' build argument 'ament_cmake_args' from command line to 'None'
[0.514s] Level 5:colcon.colcon_core.verb:set package 'ydlidar_ros2_driver' build argument 'catkin_cmake_args' from command line to 'None'
[0.514s] Level 5:colcon.colcon_core.verb:set package 'ydlidar_ros2_driver' build argument 'catkin_skip_building_tests' from command line to 'False'
[0.514s] DEBUG:colcon.colcon_core.verb:Building package 'ydlidar_ros2_driver' with the following arguments: {'ament_cmake_args': None, 'build_base': '/home/yahboom/yahboomcar_ws/build/ydlidar_ros2_driver', 'catkin_cmake_args': None, 'catkin_skip_building_tests': False, 'cmake_args': None, 'cmake_clean_cache': False, 'cmake_clean_first': False, 'cmake_force_configure': False, 'cmake_target': None, 'cmake_target_skip_unavailable': False, 'install_base': '/home/yahboom/yahboomcar_ws/install/ydlidar_ros2_driver', 'merge_install': False, 'path': '/home/yahboom/yahboomcar_ws/src/ydlidar_ros2_driver-humble', 'symlink_install': False, 'test_result_base': None}
[0.515s] Level 5:colcon.colcon_core.verb:set package 'slam_gmapping' build argument 'cmake_args' from command line to 'None'
[0.515s] Level 5:colcon.colcon_core.verb:set package 'slam_gmapping' build argument 'cmake_target' from command line to 'None'
[0.515s] Level 5:colcon.colcon_core.verb:set package 'slam_gmapping' build argument 'cmake_target_skip_unavailable' from command line to 'False'
[0.515s] Level 5:colcon.colcon_core.verb:set package 'slam_gmapping' build argument 'cmake_clean_cache' from command line to 'False'
[0.515s] Level 5:colcon.colcon_core.verb:set package 'slam_gmapping' build argument 'cmake_clean_first' from command line to 'False'
[0.515s] Level 5:colcon.colcon_core.verb:set package 'slam_gmapping' build argument 'cmake_force_configure' from command line to 'False'
[0.515s] Level 5:colcon.colcon_core.verb:set package 'slam_gmapping' build argument 'ament_cmake_args' from command line to 'None'
[0.515s] Level 5:colcon.colcon_core.verb:set package 'slam_gmapping' build argument 'catkin_cmake_args' from command line to 'None'
[0.515s] Level 5:colcon.colcon_core.verb:set package 'slam_gmapping' build argument 'catkin_skip_building_tests' from command line to 'False'
[0.515s] DEBUG:colcon.colcon_core.verb:Building package 'slam_gmapping' with the following arguments: {'ament_cmake_args': None, 'build_base': '/home/yahboom/yahboomcar_ws/build/slam_gmapping', 'catkin_cmake_args': None, 'catkin_skip_building_tests': False, 'cmake_args': None, 'cmake_clean_cache': False, 'cmake_clean_first': False, 'cmake_force_configure': False, 'cmake_target': None, 'cmake_target_skip_unavailable': False, 'install_base': '/home/yahboom/yahboomcar_ws/install/slam_gmapping', 'merge_install': False, 'path': '/home/yahboom/yahboomcar_ws/src/slam_gmapping', 'symlink_install': False, 'test_result_base': None}
[0.516s] INFO:colcon.colcon_core.executor:Executing jobs using 'parallel' executor
[0.519s] DEBUG:colcon.colcon_parallel_executor.executor.parallel:run_until_complete
[0.520s] INFO:colcon.colcon_ros.task.ament_cmake.build:Building ROS package in '/home/yahboom/yahboomcar_ws/src/openslam_gmapping' with build type 'ament_cmake'
[0.520s] INFO:colcon.colcon_cmake.task.cmake.build:Building CMake package in '/home/yahboom/yahboomcar_ws/src/openslam_gmapping'
[0.527s] INFO:colcon.colcon_core.plugin_system:Skipping extension 'colcon_core.shell.bat': Not used on non-Windows systems
[0.527s] INFO:colcon.colcon_core.shell:Skip shell extension 'powershell' for command environment: Not usable outside of PowerShell
[0.528s] DEBUG:colcon.colcon_core.shell:Skip shell extension 'dsv' for command environment
[0.539s] INFO:colcon.colcon_ros.task.ament_cmake.build:Building ROS package in '/home/yahboom/yahboomcar_ws/src/ydlidar_ros2_driver-humble' with build type 'ament_cmake'
[0.540s] INFO:colcon.colcon_cmake.task.cmake.build:Building CMake package in '/home/yahboom/yahboomcar_ws/src/ydlidar_ros2_driver-humble'
[0.541s] INFO:colcon.colcon_core.shell:Skip shell extension 'powershell' for command environment: Not usable outside of PowerShell
[0.541s] DEBUG:colcon.colcon_core.shell:Skip shell extension 'dsv' for command environment
[0.568s] DEBUG:colcon.colcon_core.event_handler.log_command:Invoking command in '/home/yahboom/yahboomcar_ws/build/openslam_gmapping': CMAKE_PREFIX_PATH=${CMAKE_PREFIX_PATH}:/opt/ros/humble: /usr/bin/cmake /home/yahboom/yahboomcar_ws/src/openslam_gmapping -DCMAKE_INSTALL_PREFIX=/home/yahboom/yahboomcar_ws/install/openslam_gmapping
[0.588s] DEBUG:colcon.colcon_core.event_handler.log_command:Invoking command in '/home/yahboom/yahboomcar_ws/build/ydlidar_ros2_driver': CMAKE_PREFIX_PATH=${CMAKE_PREFIX_PATH}:/opt/ros/humble: /usr/bin/cmake /home/yahboom/yahboomcar_ws/src/ydlidar_ros2_driver-humble -DCMAKE_INSTALL_PREFIX=/home/yahboom/yahboomcar_ws/install/ydlidar_ros2_driver
[2.092s] DEBUG:colcon.colcon_core.event_handler.log_command:Invoked command in '/home/yahboom/yahboomcar_ws/build/openslam_gmapping' returned '0': CMAKE_PREFIX_PATH=${CMAKE_PREFIX_PATH}:/opt/ros/humble: /usr/bin/cmake /home/yahboom/yahboomcar_ws/src/openslam_gmapping -DCMAKE_INSTALL_PREFIX=/home/yahboom/yahboomcar_ws/install/openslam_gmapping
[2.103s] DEBUG:colcon.colcon_core.event_handler.log_command:Invoking command in '/home/yahboom/yahboomcar_ws/build/openslam_gmapping': CMAKE_PREFIX_PATH=${CMAKE_PREFIX_PATH}:/opt/ros/humble: /usr/bin/cmake --build /home/yahboom/yahboomcar_ws/build/openslam_gmapping -- -j4 -l4
[4.637s] DEBUG:colcon.colcon_core.event_handler.log_command:Invoked command in '/home/yahboom/yahboomcar_ws/build/ydlidar_ros2_driver' returned '0': CMAKE_PREFIX_PATH=${CMAKE_PREFIX_PATH}:/opt/ros/humble: /usr/bin/cmake /home/yahboom/yahboomcar_ws/src/ydlidar_ros2_driver-humble -DCMAKE_INSTALL_PREFIX=/home/yahboom/yahboomcar_ws/install/ydlidar_ros2_driver
[4.638s] DEBUG:colcon.colcon_core.event_handler.log_command:Invoking command in '/home/yahboom/yahboomcar_ws/build/ydlidar_ros2_driver': CMAKE_PREFIX_PATH=${CMAKE_PREFIX_PATH}:/opt/ros/humble: /usr/bin/cmake --build /home/yahboom/yahboomcar_ws/build/ydlidar_ros2_driver -- -j4 -l4
[17.692s] DEBUG:colcon.colcon_core.event_handler.log_command:Invoked command in '/home/yahboom/yahboomcar_ws/build/openslam_gmapping' returned '0': CMAKE_PREFIX_PATH=${CMAKE_PREFIX_PATH}:/opt/ros/humble: /usr/bin/cmake --build /home/yahboom/yahboomcar_ws/build/openslam_gmapping -- -j4 -l4
[17.962s] DEBUG:colcon.colcon_core.event_handler.log_command:Invoking command in '/home/yahboom/yahboomcar_ws/build/openslam_gmapping': CMAKE_PREFIX_PATH=${CMAKE_PREFIX_PATH}:/opt/ros/humble: /usr/bin/cmake --install /home/yahboom/yahboomcar_ws/build/openslam_gmapping
[18.068s] Level 1:colcon.colcon_core.environment:create_environment_scripts_only(openslam_gmapping)
[18.091s] DEBUG:colcon.colcon_core.event_handler.log_command:Invoked command in '/home/yahboom/yahboomcar_ws/build/openslam_gmapping' returned '0': CMAKE_PREFIX_PATH=${CMAKE_PREFIX_PATH}:/opt/ros/humble: /usr/bin/cmake --install /home/yahboom/yahboomcar_ws/build/openslam_gmapping
[18.102s] Level 1:colcon.colcon_core.environment:checking '/home/yahboom/yahboomcar_ws/install/openslam_gmapping' for CMake module files
[18.105s] Level 1:colcon.colcon_core.environment:checking '/home/yahboom/yahboomcar_ws/install/openslam_gmapping' for CMake config files
[18.108s] Level 1:colcon.colcon_core.shell:create_environment_hook('openslam_gmapping', 'cmake_prefix_path')
[18.109s] INFO:colcon.colcon_core.shell:Creating environment hook '/home/yahboom/yahboomcar_ws/install/openslam_gmapping/share/openslam_gmapping/hook/cmake_prefix_path.ps1'
[18.113s] INFO:colcon.colcon_core.shell:Creating environment descriptor '/home/yahboom/yahboomcar_ws/install/openslam_gmapping/share/openslam_gmapping/hook/cmake_prefix_path.dsv'
[18.116s] INFO:colcon.colcon_core.shell:Creating environment hook '/home/yahboom/yahboomcar_ws/install/openslam_gmapping/share/openslam_gmapping/hook/cmake_prefix_path.sh'
[18.121s] Level 1:colcon.colcon_core.environment:checking '/home/yahboom/yahboomcar_ws/install/openslam_gmapping/lib'
[18.125s] Level 1:colcon.colcon_core.environment:checking '/home/yahboom/yahboomcar_ws/install/openslam_gmapping/bin'
[18.125s] Level 1:colcon.colcon_core.environment:checking '/home/yahboom/yahboomcar_ws/install/openslam_gmapping/lib/pkgconfig/openslam_gmapping.pc'
[18.126s] Level 1:colcon.colcon_core.environment:checking '/home/yahboom/yahboomcar_ws/install/openslam_gmapping/lib/python3.10/site-packages'
[18.127s] Level 1:colcon.colcon_core.environment:checking '/home/yahboom/yahboomcar_ws/install/openslam_gmapping/bin'
[18.128s] INFO:colcon.colcon_core.shell:Creating package script '/home/yahboom/yahboomcar_ws/install/openslam_gmapping/share/openslam_gmapping/package.ps1'
[18.136s] INFO:colcon.colcon_core.shell:Creating package descriptor '/home/yahboom/yahboomcar_ws/install/openslam_gmapping/share/openslam_gmapping/package.dsv'
[18.142s] INFO:colcon.colcon_core.shell:Creating package script '/home/yahboom/yahboomcar_ws/install/openslam_gmapping/share/openslam_gmapping/package.sh'
[18.145s] INFO:colcon.colcon_core.shell:Creating package script '/home/yahboom/yahboomcar_ws/install/openslam_gmapping/share/openslam_gmapping/package.bash'
[18.152s] INFO:colcon.colcon_core.shell:Creating package script '/home/yahboom/yahboomcar_ws/install/openslam_gmapping/share/openslam_gmapping/package.zsh'
[18.155s] Level 1:colcon.colcon_core.environment:create_file_with_runtime_dependencies(/home/yahboom/yahboomcar_ws/install/openslam_gmapping/share/colcon-core/packages/openslam_gmapping)
[18.437s] Level 1:colcon.colcon_core.environment:create_environment_scripts_only(openslam_gmapping)
[18.438s] Level 1:colcon.colcon_core.environment:checking '/home/yahboom/yahboomcar_ws/install/openslam_gmapping' for CMake module files
[18.440s] Level 1:colcon.colcon_core.environment:checking '/home/yahboom/yahboomcar_ws/install/openslam_gmapping' for CMake config files
[18.441s] Level 1:colcon.colcon_core.shell:create_environment_hook('openslam_gmapping', 'cmake_prefix_path')
[18.444s] INFO:colcon.colcon_core.shell:Creating environment hook '/home/yahboom/yahboomcar_ws/install/openslam_gmapping/share/openslam_gmapping/hook/cmake_prefix_path.ps1'
[18.449s] INFO:colcon.colcon_core.shell:Creating environment descriptor '/home/yahboom/yahboomcar_ws/install/openslam_gmapping/share/openslam_gmapping/hook/cmake_prefix_path.dsv'
[18.453s] INFO:colcon.colcon_core.shell:Creating environment hook '/home/yahboom/yahboomcar_ws/install/openslam_gmapping/share/openslam_gmapping/hook/cmake_prefix_path.sh'
[18.461s] Level 1:colcon.colcon_core.environment:checking '/home/yahboom/yahboomcar_ws/install/openslam_gmapping/lib'
[18.461s] Level 1:colcon.colcon_core.environment:checking '/home/yahboom/yahboomcar_ws/install/openslam_gmapping/bin'
[18.461s] Level 1:colcon.colcon_core.environment:checking '/home/yahboom/yahboomcar_ws/install/openslam_gmapping/lib/pkgconfig/openslam_gmapping.pc'
[18.463s] Level 1:colcon.colcon_core.environment:checking '/home/yahboom/yahboomcar_ws/install/openslam_gmapping/lib/python3.10/site-packages'
[18.467s] Level 1:colcon.colcon_core.environment:checking '/home/yahboom/yahboomcar_ws/install/openslam_gmapping/bin'
[18.468s] INFO:colcon.colcon_core.shell:Creating package script '/home/yahboom/yahboomcar_ws/install/openslam_gmapping/share/openslam_gmapping/package.ps1'
[18.472s] INFO:colcon.colcon_core.shell:Creating package descriptor '/home/yahboom/yahboomcar_ws/install/openslam_gmapping/share/openslam_gmapping/package.dsv'
[18.477s] INFO:colcon.colcon_core.shell:Creating package script '/home/yahboom/yahboomcar_ws/install/openslam_gmapping/share/openslam_gmapping/package.sh'
[18.481s] INFO:colcon.colcon_core.shell:Creating package script '/home/yahboom/yahboomcar_ws/install/openslam_gmapping/share/openslam_gmapping/package.bash'
[18.489s] INFO:colcon.colcon_core.shell:Creating package script '/home/yahboom/yahboomcar_ws/install/openslam_gmapping/share/openslam_gmapping/package.zsh'
[18.493s] Level 1:colcon.colcon_core.environment:create_file_with_runtime_dependencies(/home/yahboom/yahboomcar_ws/install/openslam_gmapping/share/colcon-core/packages/openslam_gmapping)
[18.497s] INFO:colcon.colcon_ros.task.ament_cmake.build:Building ROS package in '/home/yahboom/yahboomcar_ws/src/slam_gmapping' with build type 'ament_cmake'
[18.498s] INFO:colcon.colcon_cmake.task.cmake.build:Building CMake package in '/home/yahboom/yahboomcar_ws/src/slam_gmapping'
[18.499s] INFO:colcon.colcon_core.shell:Skip shell extension 'powershell' for command environment: Not usable outside of PowerShell
[18.500s] DEBUG:colcon.colcon_core.shell:Skip shell extension 'dsv' for command environment
[18.566s] DEBUG:colcon.colcon_core.event_handler.log_command:Invoking command in '/home/yahboom/yahboomcar_ws/build/slam_gmapping': CMAKE_PREFIX_PATH=/home/yahboom/yahboomcar_ws/install/openslam_gmapping:/home/yahboom/yahboomcar_ws/install/ydlidar_ros2_driver:/home/yahboom/yahboomcar_ws/install/slam_gmapping:/opt/ros/humble: /usr/bin/cmake /home/yahboom/yahboomcar_ws/src/slam_gmapping -DCMAKE_INSTALL_PREFIX=/home/yahboom/yahboomcar_ws/install/slam_gmapping
[28.685s] DEBUG:colcon.colcon_core.event_handler.log_command:Invoked command in '/home/yahboom/yahboomcar_ws/build/slam_gmapping' returned '0': CMAKE_PREFIX_PATH=/home/yahboom/yahboomcar_ws/install/openslam_gmapping:/home/yahboom/yahboomcar_ws/install/ydlidar_ros2_driver:/home/yahboom/yahboomcar_ws/install/slam_gmapping:/opt/ros/humble: /usr/bin/cmake /home/yahboom/yahboomcar_ws/src/slam_gmapping -DCMAKE_INSTALL_PREFIX=/home/yahboom/yahboomcar_ws/install/slam_gmapping
[28.687s] DEBUG:colcon.colcon_core.event_handler.log_command:Invoking command in '/home/yahboom/yahboomcar_ws/build/slam_gmapping': CMAKE_PREFIX_PATH=/home/yahboom/yahboomcar_ws/install/openslam_gmapping:/home/yahboom/yahboomcar_ws/install/ydlidar_ros2_driver:/home/yahboom/yahboomcar_ws/install/slam_gmapping:/opt/ros/humble: /usr/bin/cmake --build /home/yahboom/yahboomcar_ws/build/slam_gmapping -- -j4 -l4
[49.794s] DEBUG:colcon.colcon_core.event_handler.log_command:Invoked command in '/home/yahboom/yahboomcar_ws/build/ydlidar_ros2_driver' returned '0': CMAKE_PREFIX_PATH=${CMAKE_PREFIX_PATH}:/opt/ros/humble: /usr/bin/cmake --build /home/yahboom/yahboomcar_ws/build/ydlidar_ros2_driver -- -j4 -l4
[49.978s] DEBUG:colcon.colcon_core.event_handler.log_command:Invoking command in '/home/yahboom/yahboomcar_ws/build/ydlidar_ros2_driver': CMAKE_PREFIX_PATH=${CMAKE_PREFIX_PATH}:/opt/ros/humble: /usr/bin/cmake --install /home/yahboom/yahboomcar_ws/build/ydlidar_ros2_driver
[50.128s] Level 1:colcon.colcon_core.environment:create_environment_scripts_only(ydlidar_ros2_driver)
[50.130s] Level 1:colcon.colcon_core.environment:checking '/home/yahboom/yahboomcar_ws/install/ydlidar_ros2_driver' for CMake module files
[50.134s] DEBUG:colcon.colcon_core.event_handler.log_command:Invoked command in '/home/yahboom/yahboomcar_ws/build/ydlidar_ros2_driver' returned '0': CMAKE_PREFIX_PATH=${CMAKE_PREFIX_PATH}:/opt/ros/humble: /usr/bin/cmake --install /home/yahboom/yahboomcar_ws/build/ydlidar_ros2_driver
[50.136s] Level 1:colcon.colcon_core.environment:checking '/home/yahboom/yahboomcar_ws/install/ydlidar_ros2_driver' for CMake config files
[50.137s] Level 1:colcon.colcon_core.shell:create_environment_hook('ydlidar_ros2_driver', 'cmake_prefix_path')
[50.138s] INFO:colcon.colcon_core.shell:Creating environment hook '/home/yahboom/yahboomcar_ws/install/ydlidar_ros2_driver/share/ydlidar_ros2_driver/hook/cmake_prefix_path.ps1'
[50.139s] INFO:colcon.colcon_core.shell:Creating environment descriptor '/home/yahboom/yahboomcar_ws/install/ydlidar_ros2_driver/share/ydlidar_ros2_driver/hook/cmake_prefix_path.dsv'
[50.141s] INFO:colcon.colcon_core.shell:Creating environment hook '/home/yahboom/yahboomcar_ws/install/ydlidar_ros2_driver/share/ydlidar_ros2_driver/hook/cmake_prefix_path.sh'
[50.145s] Level 1:colcon.colcon_core.environment:checking '/home/yahboom/yahboomcar_ws/install/ydlidar_ros2_driver/lib'
[50.145s] Level 1:colcon.colcon_core.environment:checking '/home/yahboom/yahboomcar_ws/install/ydlidar_ros2_driver/bin'
[50.146s] Level 1:colcon.colcon_core.environment:checking '/home/yahboom/yahboomcar_ws/install/ydlidar_ros2_driver/lib/pkgconfig/ydlidar_ros2_driver.pc'
[50.146s] Level 1:colcon.colcon_core.environment:checking '/home/yahboom/yahboomcar_ws/install/ydlidar_ros2_driver/lib/python3.10/site-packages'
[50.146s] Level 1:colcon.colcon_core.environment:checking '/home/yahboom/yahboomcar_ws/install/ydlidar_ros2_driver/bin'
[50.147s] INFO:colcon.colcon_core.shell:Creating package script '/home/yahboom/yahboomcar_ws/install/ydlidar_ros2_driver/share/ydlidar_ros2_driver/package.ps1'
[50.147s] INFO:colcon.colcon_core.shell:Creating package descriptor '/home/yahboom/yahboomcar_ws/install/ydlidar_ros2_driver/share/ydlidar_ros2_driver/package.dsv'
[50.149s] INFO:colcon.colcon_core.shell:Creating package script '/home/yahboom/yahboomcar_ws/install/ydlidar_ros2_driver/share/ydlidar_ros2_driver/package.sh'
[50.153s] INFO:colcon.colcon_core.shell:Creating package script '/home/yahboom/yahboomcar_ws/install/ydlidar_ros2_driver/share/ydlidar_ros2_driver/package.bash'
[50.154s] INFO:colcon.colcon_core.shell:Creating package script '/home/yahboom/yahboomcar_ws/install/ydlidar_ros2_driver/share/ydlidar_ros2_driver/package.zsh'
[50.155s] Level 1:colcon.colcon_core.environment:create_file_with_runtime_dependencies(/home/yahboom/yahboomcar_ws/install/ydlidar_ros2_driver/share/colcon-core/packages/ydlidar_ros2_driver)
[50.389s] Level 1:colcon.colcon_core.environment:create_environment_scripts_only(ydlidar_ros2_driver)
[50.391s] Level 1:colcon.colcon_core.environment:checking '/home/yahboom/yahboomcar_ws/install/ydlidar_ros2_driver' for CMake module files
[50.394s] Level 1:colcon.colcon_core.environment:checking '/home/yahboom/yahboomcar_ws/install/ydlidar_ros2_driver' for CMake config files
[50.395s] Level 1:colcon.colcon_core.shell:create_environment_hook('ydlidar_ros2_driver', 'cmake_prefix_path')
[50.396s] INFO:colcon.colcon_core.shell:Creating environment hook '/home/yahboom/yahboomcar_ws/install/ydlidar_ros2_driver/share/ydlidar_ros2_driver/hook/cmake_prefix_path.ps1'
[50.401s] INFO:colcon.colcon_core.shell:Creating environment descriptor '/home/yahboom/yahboomcar_ws/install/ydlidar_ros2_driver/share/ydlidar_ros2_driver/hook/cmake_prefix_path.dsv'
[50.402s] INFO:colcon.colcon_core.shell:Creating environment hook '/home/yahboom/yahboomcar_ws/install/ydlidar_ros2_driver/share/ydlidar_ros2_driver/hook/cmake_prefix_path.sh'
[50.404s] Level 1:colcon.colcon_core.environment:checking '/home/yahboom/yahboomcar_ws/install/ydlidar_ros2_driver/lib'
[50.404s] Level 1:colcon.colcon_core.environment:checking '/home/yahboom/yahboomcar_ws/install/ydlidar_ros2_driver/bin'
[50.404s] Level 1:colcon.colcon_core.environment:checking '/home/yahboom/yahboomcar_ws/install/ydlidar_ros2_driver/lib/pkgconfig/ydlidar_ros2_driver.pc'
[50.405s] Level 1:colcon.colcon_core.environment:checking '/home/yahboom/yahboomcar_ws/install/ydlidar_ros2_driver/lib/python3.10/site-packages'
[50.405s] Level 1:colcon.colcon_core.environment:checking '/home/yahboom/yahboomcar_ws/install/ydlidar_ros2_driver/bin'
[50.406s] INFO:colcon.colcon_core.shell:Creating package script '/home/yahboom/yahboomcar_ws/install/ydlidar_ros2_driver/share/ydlidar_ros2_driver/package.ps1'
[50.408s] INFO:colcon.colcon_core.shell:Creating package descriptor '/home/yahboom/yahboomcar_ws/install/ydlidar_ros2_driver/share/ydlidar_ros2_driver/package.dsv'
[50.410s] INFO:colcon.colcon_core.shell:Creating package script '/home/yahboom/yahboomcar_ws/install/ydlidar_ros2_driver/share/ydlidar_ros2_driver/package.sh'
[50.413s] INFO:colcon.colcon_core.shell:Creating package script '/home/yahboom/yahboomcar_ws/install/ydlidar_ros2_driver/share/ydlidar_ros2_driver/package.bash'
[50.416s] INFO:colcon.colcon_core.shell:Creating package script '/home/yahboom/yahboomcar_ws/install/ydlidar_ros2_driver/share/ydlidar_ros2_driver/package.zsh'
[50.419s] Level 1:colcon.colcon_core.environment:create_file_with_runtime_dependencies(/home/yahboom/yahboomcar_ws/install/ydlidar_ros2_driver/share/colcon-core/packages/ydlidar_ros2_driver)
[76.439s] DEBUG:colcon.colcon_core.event_handler.log_command:Invoked command in '/home/yahboom/yahboomcar_ws/build/slam_gmapping' returned '0': CMAKE_PREFIX_PATH=/home/yahboom/yahboomcar_ws/install/openslam_gmapping:/home/yahboom/yahboomcar_ws/install/ydlidar_ros2_driver:/home/yahboom/yahboomcar_ws/install/slam_gmapping:/opt/ros/humble: /usr/bin/cmake --build /home/yahboom/yahboomcar_ws/build/slam_gmapping -- -j4 -l4
[76.608s] DEBUG:colcon.colcon_core.event_handler.log_command:Invoking command in '/home/yahboom/yahboomcar_ws/build/slam_gmapping': CMAKE_PREFIX_PATH=/home/yahboom/yahboomcar_ws/install/openslam_gmapping:/home/yahboom/yahboomcar_ws/install/ydlidar_ros2_driver:/home/yahboom/yahboomcar_ws/install/slam_gmapping:/opt/ros/humble: /usr/bin/cmake --install /home/yahboom/yahboomcar_ws/build/slam_gmapping
[76.678s] Level 1:colcon.colcon_core.environment:create_environment_scripts_only(slam_gmapping)
[76.679s] DEBUG:colcon.colcon_core.event_handler.log_command:Invoked command in '/home/yahboom/yahboomcar_ws/build/slam_gmapping' returned '0': CMAKE_PREFIX_PATH=/home/yahboom/yahboomcar_ws/install/openslam_gmapping:/home/yahboom/yahboomcar_ws/install/ydlidar_ros2_driver:/home/yahboom/yahboomcar_ws/install/slam_gmapping:/opt/ros/humble: /usr/bin/cmake --install /home/yahboom/yahboomcar_ws/build/slam_gmapping
[76.680s] Level 1:colcon.colcon_core.environment:checking '/home/yahboom/yahboomcar_ws/install/slam_gmapping' for CMake module files
[76.681s] Level 1:colcon.colcon_core.environment:checking '/home/yahboom/yahboomcar_ws/install/slam_gmapping' for CMake config files
[76.682s] Level 1:colcon.colcon_core.shell:create_environment_hook('slam_gmapping', 'cmake_prefix_path')
[76.682s] INFO:colcon.colcon_core.shell:Creating environment hook '/home/yahboom/yahboomcar_ws/install/slam_gmapping/share/slam_gmapping/hook/cmake_prefix_path.ps1'
[76.683s] INFO:colcon.colcon_core.shell:Creating environment descriptor '/home/yahboom/yahboomcar_ws/install/slam_gmapping/share/slam_gmapping/hook/cmake_prefix_path.dsv'
[76.684s] INFO:colcon.colcon_core.shell:Creating environment hook '/home/yahboom/yahboomcar_ws/install/slam_gmapping/share/slam_gmapping/hook/cmake_prefix_path.sh'
[76.686s] Level 1:colcon.colcon_core.environment:checking '/home/yahboom/yahboomcar_ws/install/slam_gmapping/lib'
[76.687s] Level 1:colcon.colcon_core.environment:checking '/home/yahboom/yahboomcar_ws/install/slam_gmapping/bin'
[76.687s] Level 1:colcon.colcon_core.environment:checking '/home/yahboom/yahboomcar_ws/install/slam_gmapping/lib/pkgconfig/slam_gmapping.pc'
[76.687s] Level 1:colcon.colcon_core.environment:checking '/home/yahboom/yahboomcar_ws/install/slam_gmapping/lib/python3.10/site-packages'
[76.688s] Level 1:colcon.colcon_core.environment:checking '/home/yahboom/yahboomcar_ws/install/slam_gmapping/bin'
[76.689s] INFO:colcon.colcon_core.shell:Creating package script '/home/yahboom/yahboomcar_ws/install/slam_gmapping/share/slam_gmapping/package.ps1'
[76.690s] INFO:colcon.colcon_core.shell:Creating package descriptor '/home/yahboom/yahboomcar_ws/install/slam_gmapping/share/slam_gmapping/package.dsv'
[76.693s] INFO:colcon.colcon_core.shell:Creating package script '/home/yahboom/yahboomcar_ws/install/slam_gmapping/share/slam_gmapping/package.sh'
[76.694s] INFO:colcon.colcon_core.shell:Creating package script '/home/yahboom/yahboomcar_ws/install/slam_gmapping/share/slam_gmapping/package.bash'
[76.696s] INFO:colcon.colcon_core.shell:Creating package script '/home/yahboom/yahboomcar_ws/install/slam_gmapping/share/slam_gmapping/package.zsh'
[76.698s] Level 1:colcon.colcon_core.environment:create_file_with_runtime_dependencies(/home/yahboom/yahboomcar_ws/install/slam_gmapping/share/colcon-core/packages/slam_gmapping)
[76.872s] Level 1:colcon.colcon_core.environment:create_environment_scripts_only(slam_gmapping)
[76.873s] Level 1:colcon.colcon_core.environment:checking '/home/yahboom/yahboomcar_ws/install/slam_gmapping' for CMake module files
[76.874s] Level 1:colcon.colcon_core.environment:checking '/home/yahboom/yahboomcar_ws/install/slam_gmapping' for CMake config files
[76.875s] Level 1:colcon.colcon_core.shell:create_environment_hook('slam_gmapping', 'cmake_prefix_path')
[76.876s] INFO:colcon.colcon_core.shell:Creating environment hook '/home/yahboom/yahboomcar_ws/install/slam_gmapping/share/slam_gmapping/hook/cmake_prefix_path.ps1'
[76.878s] INFO:colcon.colcon_core.shell:Creating environment descriptor '/home/yahboom/yahboomcar_ws/install/slam_gmapping/share/slam_gmapping/hook/cmake_prefix_path.dsv'
[76.881s] INFO:colcon.colcon_core.shell:Creating environment hook '/home/yahboom/yahboomcar_ws/install/slam_gmapping/share/slam_gmapping/hook/cmake_prefix_path.sh'
[76.884s] Level 1:colcon.colcon_core.environment:checking '/home/yahboom/yahboomcar_ws/install/slam_gmapping/lib'
[76.884s] Level 1:colcon.colcon_core.environment:checking '/home/yahboom/yahboomcar_ws/install/slam_gmapping/bin'
[76.884s] Level 1:colcon.colcon_core.environment:checking '/home/yahboom/yahboomcar_ws/install/slam_gmapping/lib/pkgconfig/slam_gmapping.pc'
[76.885s] Level 1:colcon.colcon_core.environment:checking '/home/yahboom/yahboomcar_ws/install/slam_gmapping/lib/python3.10/site-packages'
[76.885s] Level 1:colcon.colcon_core.environment:checking '/home/yahboom/yahboomcar_ws/install/slam_gmapping/bin'
[76.886s] INFO:colcon.colcon_core.shell:Creating package script '/home/yahboom/yahboomcar_ws/install/slam_gmapping/share/slam_gmapping/package.ps1'
[76.889s] INFO:colcon.colcon_core.shell:Creating package descriptor '/home/yahboom/yahboomcar_ws/install/slam_gmapping/share/slam_gmapping/package.dsv'
[76.891s] INFO:colcon.colcon_core.shell:Creating package script '/home/yahboom/yahboomcar_ws/install/slam_gmapping/share/slam_gmapping/package.sh'
[76.892s] INFO:colcon.colcon_core.shell:Creating package script '/home/yahboom/yahboomcar_ws/install/slam_gmapping/share/slam_gmapping/package.bash'
[76.894s] INFO:colcon.colcon_core.shell:Creating package script '/home/yahboom/yahboomcar_ws/install/slam_gmapping/share/slam_gmapping/package.zsh'
[76.896s] Level 1:colcon.colcon_core.environment:create_file_with_runtime_dependencies(/home/yahboom/yahboomcar_ws/install/slam_gmapping/share/colcon-core/packages/slam_gmapping)
[76.897s] DEBUG:colcon.colcon_parallel_executor.executor.parallel:closing loop
[76.899s] DEBUG:colcon.colcon_parallel_executor.executor.parallel:loop closed
[76.900s] DEBUG:colcon.colcon_parallel_executor.executor.parallel:run_until_complete finished with '0'
[76.901s] DEBUG:colcon.colcon_core.event_reactor:joining thread
[76.925s] INFO:colcon.colcon_core.plugin_system:Skipping extension 'colcon_notification.desktop_notification.terminal_notifier': Not used on non-Darwin systems
[76.925s] INFO:colcon.colcon_core.plugin_system:Skipping extension 'colcon_notification.desktop_notification.win32': Not used on non-Windows systems
[76.925s] INFO:colcon.colcon_notification.desktop_notification:Sending desktop notification using 'notify2'
[76.967s] DEBUG:colcon.colcon_core.event_reactor:joined thread
[76.969s] INFO:colcon.colcon_core.shell:Creating prefix script '/home/yahboom/yahboomcar_ws/install/local_setup.ps1'
[76.977s] INFO:colcon.colcon_core.shell:Creating prefix util module '/home/yahboom/yahboomcar_ws/install/_local_setup_util_ps1.py'
[76.986s] INFO:colcon.colcon_core.shell:Creating prefix chain script '/home/yahboom/yahboomcar_ws/install/setup.ps1'
[76.988s] INFO:colcon.colcon_core.shell:Creating prefix script '/home/yahboom/yahboomcar_ws/install/local_setup.sh'
[76.989s] INFO:colcon.colcon_core.shell:Creating prefix util module '/home/yahboom/yahboomcar_ws/install/_local_setup_util_sh.py'
[76.989s] INFO:colcon.colcon_core.shell:Creating prefix chain script '/home/yahboom/yahboomcar_ws/install/setup.sh'
[76.991s] INFO:colcon.colcon_core.shell:Creating prefix script '/home/yahboom/yahboomcar_ws/install/local_setup.bash'
[76.993s] INFO:colcon.colcon_core.shell:Creating prefix chain script '/home/yahboom/yahboomcar_ws/install/setup.bash'
[76.995s] INFO:colcon.colcon_core.shell:Creating prefix script '/home/yahboom/yahboomcar_ws/install/local_setup.zsh'
[76.996s] INFO:colcon.colcon_core.shell:Creating prefix chain script '/home/yahboom/yahboomcar_ws/install/setup.zsh'
