[0.053s] Invoking command in '/home/yahboom/yahboomcar_ws/build/openslam_gmapping': CMAKE_PREFIX_PATH=${CMAKE_PREFIX_PATH}:/opt/ros/humble: /usr/bin/cmake --build /home/yahboom/yahboomcar_ws/build/openslam_gmapping -- -j4 -l4
[0.213s] [ 13%] Built target utils
[0.215s] [ 27%] Built target sensor_base
[0.268s] [ 40%] Built target sensor_range
[0.292s] [ 54%] Built target sensor_odometry
[0.333s] [ 77%] Built target scanmatcher
[0.398s] [100%] Built target gridfastslam
[0.473s] Invoked command in '/home/yahboom/yahboomcar_ws/build/openslam_gmapping' returned '0': CMAKE_PREFIX_PATH=${CMAKE_PREFIX_PATH}:/opt/ros/humble: /usr/bin/cmake --build /home/yahboom/yahboomcar_ws/build/openslam_gmapping -- -j4 -l4
[0.572s] Invoking command in '/home/yahboom/yahboomcar_ws/build/openslam_gmapping': CMAKE_PREFIX_PATH=${CMAKE_PREFIX_PATH}:/opt/ros/humble: /usr/bin/cmake --install /home/yahboom/yahboomcar_ws/build/openslam_gmapping
[0.599s] -- Install configuration: ""
[0.599s] -- Up-to-date: /home/yahboom/yahboomcar_ws/install/openslam_gmapping/share/openslam_gmapping/environment/library_path.sh
[0.600s] -- Up-to-date: /home/yahboom/yahboomcar_ws/install/openslam_gmapping/share/openslam_gmapping/environment/library_path.dsv
[0.600s] -- Up-to-date: /home/yahboom/yahboomcar_ws/install/openslam_gmapping/include/
[0.600s] -- Up-to-date: /home/yahboom/yahboomcar_ws/install/openslam_gmapping/include//gmapping
[0.601s] -- Up-to-date: /home/yahboom/yahboomcar_ws/install/openslam_gmapping/include//gmapping/grid
[0.601s] -- Up-to-date: /home/yahboom/yahboomcar_ws/install/openslam_gmapping/include//gmapping/grid/accessstate.h
[0.601s] -- Up-to-date: /home/yahboom/yahboomcar_ws/install/openslam_gmapping/include//gmapping/grid/harray2d.h
[0.601s] -- Up-to-date: /home/yahboom/yahboomcar_ws/install/openslam_gmapping/include//gmapping/grid/array2d.h
[0.603s] -- Up-to-date: /home/yahboom/yahboomcar_ws/install/openslam_gmapping/include//gmapping/grid/map.h
[0.603s] -- Up-to-date: /home/yahboom/yahboomcar_ws/install/openslam_gmapping/include//gmapping/particlefilter
[0.603s] -- Up-to-date: /home/yahboom/yahboomcar_ws/install/openslam_gmapping/include//gmapping/particlefilter/particlefilter.h
[0.604s] -- Up-to-date: /home/yahboom/yahboomcar_ws/install/openslam_gmapping/include//gmapping/sensor
[0.604s] -- Up-to-date: /home/yahboom/yahboomcar_ws/install/openslam_gmapping/include//gmapping/sensor/sensor_odometry
[0.604s] -- Up-to-date: /home/yahboom/yahboomcar_ws/install/openslam_gmapping/include//gmapping/sensor/sensor_odometry/odometrysensor.h
[0.604s] -- Up-to-date: /home/yahboom/yahboomcar_ws/install/openslam_gmapping/include//gmapping/sensor/sensor_odometry/odometryreading.h
[0.605s] -- Up-to-date: /home/yahboom/yahboomcar_ws/install/openslam_gmapping/include//gmapping/sensor/sensor_base
[0.605s] -- Up-to-date: /home/yahboom/yahboomcar_ws/install/openslam_gmapping/include//gmapping/sensor/sensor_base/sensor.h
[0.607s] -- Up-to-date: /home/yahboom/yahboomcar_ws/install/openslam_gmapping/include//gmapping/sensor/sensor_base/sensorreading.h
[0.609s] -- Up-to-date: /home/yahboom/yahboomcar_ws/install/openslam_gmapping/include//gmapping/sensor/sensor_range
[0.609s] -- Up-to-date: /home/yahboom/yahboomcar_ws/install/openslam_gmapping/include//gmapping/sensor/sensor_range/rangereading.h
[0.609s] -- Up-to-date: /home/yahboom/yahboomcar_ws/install/openslam_gmapping/include//gmapping/sensor/sensor_range/rangesensor.h
[0.609s] -- Up-to-date: /home/yahboom/yahboomcar_ws/install/openslam_gmapping/include//gmapping/gridfastslam
[0.609s] -- Up-to-date: /home/yahboom/yahboomcar_ws/install/openslam_gmapping/include//gmapping/gridfastslam/motionmodel.h
[0.610s] -- Up-to-date: /home/yahboom/yahboomcar_ws/install/openslam_gmapping/include//gmapping/gridfastslam/gridslamprocessor.h
[0.610s] -- Up-to-date: /home/yahboom/yahboomcar_ws/install/openslam_gmapping/include//gmapping/gridfastslam/gridslamprocessor.hxx
[0.610s] -- Up-to-date: /home/yahboom/yahboomcar_ws/install/openslam_gmapping/include//gmapping/log
[0.611s] -- Up-to-date: /home/yahboom/yahboomcar_ws/install/openslam_gmapping/include//gmapping/log/sensorlog.h
[0.612s] -- Up-to-date: /home/yahboom/yahboomcar_ws/install/openslam_gmapping/include//gmapping/log/configuration.h
[0.613s] -- Up-to-date: /home/yahboom/yahboomcar_ws/install/openslam_gmapping/include//gmapping/scanmatcher
[0.613s] -- Up-to-date: /home/yahboom/yahboomcar_ws/install/openslam_gmapping/include//gmapping/scanmatcher/smmap.h
[0.614s] -- Up-to-date: /home/yahboom/yahboomcar_ws/install/openslam_gmapping/include//gmapping/scanmatcher/scanmatcher.h
[0.614s] -- Up-to-date: /home/yahboom/yahboomcar_ws/install/openslam_gmapping/include//gmapping/scanmatcher/icp.h
[0.614s] -- Up-to-date: /home/yahboom/yahboomcar_ws/install/openslam_gmapping/include//gmapping/utils
[0.614s] -- Up-to-date: /home/yahboom/yahboomcar_ws/install/openslam_gmapping/include//gmapping/utils/point.h
[0.614s] -- Up-to-date: /home/yahboom/yahboomcar_ws/install/openslam_gmapping/include//gmapping/utils/commandline.h
[0.615s] -- Up-to-date: /home/yahboom/yahboomcar_ws/install/openslam_gmapping/include//gmapping/utils/gvalues.h
[0.615s] -- Up-to-date: /home/yahboom/yahboomcar_ws/install/openslam_gmapping/include//gmapping/utils/macro_params.h
[0.615s] -- Up-to-date: /home/yahboom/yahboomcar_ws/install/openslam_gmapping/include//gmapping/utils/autoptr.h
[0.615s] -- Up-to-date: /home/yahboom/yahboomcar_ws/install/openslam_gmapping/include//gmapping/utils/stat.h
[0.616s] -- Up-to-date: /home/yahboom/yahboomcar_ws/install/openslam_gmapping/share/ament_index/resource_index/package_run_dependencies/openslam_gmapping
[0.616s] -- Up-to-date: /home/yahboom/yahboomcar_ws/install/openslam_gmapping/share/ament_index/resource_index/parent_prefix_path/openslam_gmapping
[0.616s] -- Up-to-date: /home/yahboom/yahboomcar_ws/install/openslam_gmapping/share/openslam_gmapping/environment/ament_prefix_path.sh
[0.616s] -- Up-to-date: /home/yahboom/yahboomcar_ws/install/openslam_gmapping/share/openslam_gmapping/environment/ament_prefix_path.dsv
[0.616s] -- Up-to-date: /home/yahboom/yahboomcar_ws/install/openslam_gmapping/share/openslam_gmapping/environment/path.sh
[0.616s] -- Up-to-date: /home/yahboom/yahboomcar_ws/install/openslam_gmapping/share/openslam_gmapping/environment/path.dsv
[0.617s] -- Up-to-date: /home/yahboom/yahboomcar_ws/install/openslam_gmapping/share/openslam_gmapping/local_setup.bash
[0.617s] -- Up-to-date: /home/yahboom/yahboomcar_ws/install/openslam_gmapping/share/openslam_gmapping/local_setup.sh
[0.617s] -- Up-to-date: /home/yahboom/yahboomcar_ws/install/openslam_gmapping/share/openslam_gmapping/local_setup.zsh
[0.617s] -- Up-to-date: /home/yahboom/yahboomcar_ws/install/openslam_gmapping/share/openslam_gmapping/local_setup.dsv
[0.617s] -- Installing: /home/yahboom/yahboomcar_ws/install/openslam_gmapping/share/openslam_gmapping/package.dsv
[0.617s] -- Up-to-date: /home/yahboom/yahboomcar_ws/install/openslam_gmapping/share/ament_index/resource_index/packages/openslam_gmapping
[0.617s] -- Up-to-date: /home/yahboom/yahboomcar_ws/install/openslam_gmapping/share/openslam_gmapping/cmake/ament_cmake_export_libraries-extras.cmake
[0.618s] -- Up-to-date: /home/yahboom/yahboomcar_ws/install/openslam_gmapping/share/openslam_gmapping/cmake/ament_cmake_export_include_directories-extras.cmake
[0.618s] -- Up-to-date: /home/yahboom/yahboomcar_ws/install/openslam_gmapping/share/openslam_gmapping/cmake/openslam_gmappingConfig.cmake
[0.618s] -- Up-to-date: /home/yahboom/yahboomcar_ws/install/openslam_gmapping/share/openslam_gmapping/cmake/openslam_gmappingConfig-version.cmake
[0.618s] -- Up-to-date: /home/yahboom/yahboomcar_ws/install/openslam_gmapping/share/openslam_gmapping/package.xml
[0.618s] -- Up-to-date: /home/yahboom/yahboomcar_ws/install/openslam_gmapping/lib/libgridfastslam.a
[0.619s] -- Up-to-date: /home/yahboom/yahboomcar_ws/install/openslam_gmapping/lib/libscanmatcher.a
[0.619s] -- Up-to-date: /home/yahboom/yahboomcar_ws/install/openslam_gmapping/share/openslam_gmapping/environment/library_path.sh
[0.619s] -- Up-to-date: /home/yahboom/yahboomcar_ws/install/openslam_gmapping/share/openslam_gmapping/environment/library_path.dsv
[0.619s] -- Up-to-date: /home/yahboom/yahboomcar_ws/install/openslam_gmapping/lib/libsensor_base.a
[0.620s] -- Up-to-date: /home/yahboom/yahboomcar_ws/install/openslam_gmapping/share/openslam_gmapping/environment/library_path.sh
[0.620s] -- Up-to-date: /home/yahboom/yahboomcar_ws/install/openslam_gmapping/share/openslam_gmapping/environment/library_path.dsv
[0.620s] -- Up-to-date: /home/yahboom/yahboomcar_ws/install/openslam_gmapping/lib/libsensor_odometry.a
[0.620s] -- Up-to-date: /home/yahboom/yahboomcar_ws/install/openslam_gmapping/lib/libsensor_range.a
[0.621s] -- Up-to-date: /home/yahboom/yahboomcar_ws/install/openslam_gmapping/lib/libutils.a
[0.621s] -- Up-to-date: /home/yahboom/yahboomcar_ws/install/openslam_gmapping/share/openslam_gmapping/environment/library_path.sh
[0.622s] -- Up-to-date: /home/yahboom/yahboomcar_ws/install/openslam_gmapping/share/openslam_gmapping/environment/library_path.dsv
[0.660s] Invoked command in '/home/yahboom/yahboomcar_ws/build/openslam_gmapping' returned '0': CMAKE_PREFIX_PATH=${CMAKE_PREFIX_PATH}:/opt/ros/humble: /usr/bin/cmake --install /home/yahboom/yahboomcar_ws/build/openslam_gmapping
